#
# A fatal error has been detected by the Java Runtime Environment:
#
#  SIGSEGV (0xb) at pc=0x00007fb8205c3060, pid=18067, tid=140430142097152
#
# JRE version: Java(TM) SE Runtime Environment (8.0_25-b17) (build 1.8.0_25-b17)
# Java VM: Java HotSpot(TM) 64-Bit Server VM (25.25-b02 mixed mode linux-amd64 compressed oops)
# Problematic frame:
# C  0x00007fb8205c3060
#
# Failed to write core dump. Core dumps have been disabled. To enable core dumping, try "ulimit -c unlimited" before starting Java again
#
# If you would like to submit a bug report, please visit:
#   http://bugreport.sun.com/bugreport/crash.jsp
#

---------------  T H R E A D  ---------------

Current thread (0x000000000068e000):  JavaThread "main" [_thread_in_Java, id=18083, stack(0x00007fb870ac4000,0x00007fb870bc5000)]

siginfo: si_signo: 11 (SIGSEGV), si_code: 1 (SEGV_MAPERR), si_addr: 0x00007fb8205c3060

Registers:
RAX=0x00000001001f9508, RBX=0x00007fb853795ad8, RCX=0x00000000d7a97bf8, RDX=0x00000000d79f6428
RSP=0x00007fb870bc1338, RBP=0x00000000d77ff6a0, RSI=0x00000000d7a97bf8, RDI=0x00000001001f9508
R8 =0x00000000d797af50, R9 =0x0000000000000000, R10=0x0000000000000001, R11=0x0000000000000000
R12=0x0000000000000000, R13=0x00007fb85fa6bd1c, R14=0x00007fb870bc1510, R15=0x000000000068e000
RIP=0x00007fb8205c3060, EFLAGS=0x0000000000010202, CSGSFS=0x0000000000000033, ERR=0x0000000000000014
  TRAPNO=0x000000000000000e

Top of Stack: (sp=0x00007fb870bc1338)
0x00007fb870bc1338:   00007fb85fff2c5c 0000000000000000
0x00007fb870bc1348:   00000000d7cc5cc8 00000000d77ff6a0
0x00007fb870bc1358:   00007fb86010649c 00000000d8191820
0x00007fb870bc1368:   00000000d792d0e0 00000000d8191878
0x00007fb870bc1378:   00000000d77ff3d0 00000000d7a97bf8
0x00007fb870bc1388:   00000000d818f5c0 00000000d77ff3d0
0x00007fb870bc1398:   00000000d818f5c0 0000000000000000
0x00007fb870bc13a8:   00000000d79f63d8 00000000d7a97bf8
0x00007fb870bc13b8:   000000008373bf30 00007fb870bc1450
0x00007fb870bc13c8:   00007fb85f5c5710 00000000d77ff6a0
0x00007fb870bc13d8:   00007fb85f800b54 00000000d8191820
0x00007fb870bc13e8:   00000000d8191850 00000000d79f63d8
0x00007fb870bc13f8:   00000000d792d0e0 00000000d818f5c0
0x00007fb870bc1408:   00000000d77ff3d0 00007fb870bc1410
0x00007fb870bc1418:   00007fb85342fcc9 00007fb870bc1490
0x00007fb870bc1428:   00000000d7a97bf8 00000000d79f6428
0x00007fb870bc1438:   00000000d77ff3d0 00000000d79f6428
0x00007fb870bc1448:   00000000d818f5c0 00007fb800000000
0x00007fb870bc1458:   00007fb85f5c5710 00000000d8191850
0x00007fb870bc1468:   00000000d8191820 00000000d77ff6a0
0x00007fb870bc1478:   00007fb85ff95a8c 00000000d792d0e0
0x00007fb870bc1488:   00000000d818f5c0 00000000d77ff3d0
0x00007fb870bc1498:   00007fb870bc1498 00007fb85342e1ad
0x00007fb870bc14a8:   00007fb870bc1510 00007fb8534415c0
0x00007fb870bc14b8:   00007fb8532c24e8 00000000d77ff3d0
0x00007fb870bc14c8:   00000000d818f5c0 00000000d79f6428
0x00007fb870bc14d8:   0000000000000000 00000000d7a97bf8
0x00007fb870bc14e8:   000000008373bf30 00000000d8190970
0x00007fb870bc14f8:   00000000d792c8f8 00000000d818f5c0
0x00007fb870bc1508:   00000000d792d0e0 00000000d77ff6a0
0x00007fb870bc1518:   00007fb85fa6d5a4 0000000000000000
0x00007fb870bc1528:   0000000c00000000 0000000000000000 

Instructions: (pc=0x00007fb8205c3060)
0x00007fb8205c3040:   
[error occurred during error reporting (printing registers, top of stack, instructions near pc), id 0xb]

Register to memory mapping:

RAX=0x00000001001f9508 is pointing into metadata
RBX={method} {0x00007fb853795ad8} 'isConstructor' '()Z' in 'com/sun/tools/javac/code/Symbol'
RCX=0x00000000d7a97bf8 is an oop
com.sun.tools.javac.code.Symbol$MethodSymbol 
 - klass: 'com/sun/tools/javac/code/Symbol$MethodSymbol'
RDX=0x00000000d79f6428 is an oop
com.sun.tools.javac.code.Type$ClassType 
 - klass: 'com/sun/tools/javac/code/Type$ClassType'
RSP=0x00007fb870bc1338 is pointing into the stack for thread: 0x000000000068e000
RBP=0x00000000d77ff6a0 is an oop
com.sun.tools.javac.comp.Attr 
 - klass: 'com/sun/tools/javac/comp/Attr'
RSI=0x00000000d7a97bf8 is an oop
com.sun.tools.javac.code.Symbol$MethodSymbol 
 - klass: 'com/sun/tools/javac/code/Symbol$MethodSymbol'
RDI=0x00000001001f9508 is pointing into metadata
R8 =0x00000000d797af50 is an oop
com.sun.tools.javac.code.Symbol$PackageSymbol 
 - klass: 'com/sun/tools/javac/code/Symbol$PackageSymbol'
R9 =0x0000000000000000 is an unknown value
R10=0x0000000000000001 is an unknown value
R11=0x0000000000000000 is an unknown value
R12=0x0000000000000000 is an unknown value
R13=0x00007fb85fa6bd1c is at entry_point+2428 in (nmethod*)0x00007fb85fa6af50
R14=0x00007fb870bc1510 is pointing into the stack for thread: 0x000000000068e000
R15=0x000000000068e000 is a thread


Stack: [0x00007fb870ac4000,0x00007fb870bc5000],  sp=0x00007fb870bc1338,  free space=1012k
Native frames: (J=compiled Java code, j=interpreted, Vv=VM code, C=native code)
C  0x00007fb8205c3060


---------------  P R O C E S S  ---------------

Java Threads: ( => current thread )
  0x00007fb85403d000 JavaThread "Service Thread" daemon [_thread_blocked, id=18095, stack(0x00007fb858221000,0x00007fb858322000)]
  0x00007fb854004000 JavaThread "C1 CompilerThread2" daemon [_thread_blocked, id=18094, stack(0x00007fb858322000,0x00007fb858423000)]
  0x00007fb854001800 JavaThread "C2 CompilerThread1" daemon [_thread_blocked, id=18093, stack(0x00007fb858423000,0x00007fb858524000)]
  0x0000000000735800 JavaThread "C2 CompilerThread0" daemon [_thread_blocked, id=18092, stack(0x00007fb858524000,0x00007fb858625000)]
  0x0000000000733800 JavaThread "Signal Dispatcher" daemon [_thread_blocked, id=18091, stack(0x00007fb858625000,0x00007fb858726000)]
  0x0000000000706800 JavaThread "Finalizer" daemon [_thread_blocked, id=18090, stack(0x00007fb858726000,0x00007fb858827000)]
  0x00000000006fe800 JavaThread "Reference Handler" daemon [_thread_blocked, id=18089, stack(0x00007fb858827000,0x00007fb858928000)]
=>0x000000000068e000 JavaThread "main" [_thread_in_Java, id=18083, stack(0x00007fb870ac4000,0x00007fb870bc5000)]

Other Threads:
  0x00000000006f7800 VMThread [stack: 0x00007fb858928000,0x00007fb858a29000] [id=18088]
  0x0000000000776000 WatcherThread [stack: 0x00007fb858120000,0x00007fb858221000] [id=18096]

VM state:not at safepoint (normal execution)

VM Mutex/Monitor currently owned by a thread: None

Heap:
 PSYoungGen      total 141824K, used 29647K [0x00000000d6500000, 0x00000000dfc00000, 0x0000000100000000)
  eden space 130560K, 22% used [0x00000000d6500000,0x00000000d81f3d08,0x00000000de480000)
  from space 11264K, 0% used [0x00000000df000000,0x00000000df000000,0x00000000dfb00000)
  to   space 11776K, 0% used [0x00000000de480000,0x00000000de480000,0x00000000df000000)
 ParOldGen       total 68608K, used 17100K [0x0000000082e00000, 0x0000000087100000, 0x00000000d6500000)
  object space 68608K, 24% used [0x0000000082e00000,0x0000000083eb3020,0x0000000087100000)
 Metaspace       used 21252K, capacity 21604K, committed 21808K, reserved 1069056K
  class space    used 2472K, capacity 2596K, committed 2688K, reserved 1048576K

Card table byte_map: [0x00007fb85ee14000,0x00007fb85f1fe000] byte_map_base: 0x00007fb85e9fd000

Marking Bits: (ParMarkBitMap*) 0x00007fb86fff82c0
 Begin Bits: [0x00007fb85a8e4000, 0x00007fb85c82c000)
 End Bits:   [0x00007fb85c82c000, 0x00007fb85e774000)

Polling page: 0x00007fb870bff000

CodeCache: size=245760Kb used=13413Kb max_used=13431Kb free=232346Kb
 bounds [0x00007fb85f5be000, 0x00007fb8602ee000, 0x00007fb86e5be000]
 total_blobs=4388 nmethods=4026 adapters=276
 compilation: enabled

Compilation events (10 events):
Event: 12.660 Thread 0x0000000000735800 nmethod 4326 0x00007fb8602d9550 code [0x00007fb8602d96a0, 0x00007fb8602d9798]
Event: 12.674 Thread 0x00007fb854004000 4329   !   3       com.sun.tools.javac.comp.MemberEnter::visitVarDef (492 bytes)
Event: 12.675 Thread 0x0000000000735800 4331       4       com.sun.tools.javac.code.Symbol::isConstructor (26 bytes)
Event: 12.676 Thread 0x0000000000735800 nmethod 4331 0x00007fb8602d9250 code [0x00007fb8602d93a0, 0x00007fb8602d9458]
Event: 12.676 Thread 0x0000000000735800 4332       4       java.util.regex.Pattern$Branch::match (66 bytes)
Event: 12.679 Thread 0x00007fb854004000 nmethod 4329 0x00007fb8602dde10 code [0x00007fb8602de320, 0x00007fb8602e1628]
Event: 12.679 Thread 0x00007fb854004000 4330       3       com.sun.tools.javac.comp.Check::checkTransparentVar (108 bytes)
Event: 12.679 Thread 0x00007fb854004000 nmethod 4330 0x00007fb8602dbc90 code [0x00007fb8602dbe40, 0x00007fb8602dc358]
Event: 12.680 Thread 0x0000000000735800 nmethod 4332 0x00007fb8602da050 code [0x00007fb8602da1c0, 0x00007fb8602da478]
Event: 12.691 Thread 0x00007fb854001800 nmethod 4310 0x00007fb8602e87d0 code [0x00007fb8602e8c40, 0x00007fb8602ea708]

GC Heap History (10 events):
Event: 4.975 GC heap before
{Heap before GC invocations=3 (full 0):
 PSYoungGen      total 37888K, used 37874K [0x00000000d6500000, 0x00000000daf00000, 0x0000000100000000)
  eden space 32768K, 100% used [0x00000000d6500000,0x00000000d8500000,0x00000000d8500000)
  from space 5120K, 99% used [0x00000000d8a00000,0x00000000d8efc878,0x00000000d8f00000)
  to   space 5120K, 0% used [0x00000000d8500000,0x00000000d8500000,0x00000000d8a00000)
 ParOldGen       total 86016K, used 1920K [0x0000000082e00000, 0x0000000088200000, 0x00000000d6500000)
  object space 86016K, 2% used [0x0000000082e00000,0x0000000082fe0008,0x0000000088200000)
 Metaspace       used 13844K, capacity 14076K, committed 14336K, reserved 1062912K
  class space    used 1675K, capacity 1770K, committed 1792K, reserved 1048576K
Event: 4.988 GC heap after
Heap after GC invocations=3 (full 0):
 PSYoungGen      total 37888K, used 5088K [0x00000000d6500000, 0x00000000daf00000, 0x0000000100000000)
  eden space 32768K, 0% used [0x00000000d6500000,0x00000000d6500000,0x00000000d8500000)
  from space 5120K, 99% used [0x00000000d8500000,0x00000000d89f8020,0x00000000d8a00000)
  to   space 5120K, 0% used [0x00000000daa00000,0x00000000daa00000,0x00000000daf00000)
 ParOldGen       total 86016K, used 3073K [0x0000000082e00000, 0x0000000088200000, 0x00000000d6500000)
  object space 86016K, 3% used [0x0000000082e00000,0x00000000831005b8,0x0000000088200000)
 Metaspace       used 13844K, capacity 14076K, committed 14336K, reserved 1062912K
  class space    used 1675K, capacity 1770K, committed 1792K, reserved 1048576K
}
Event: 6.477 GC heap before
{Heap before GC invocations=4 (full 0):
 PSYoungGen      total 37888K, used 37856K [0x00000000d6500000, 0x00000000daf00000, 0x0000000100000000)
  eden space 32768K, 100% used [0x00000000d6500000,0x00000000d8500000,0x00000000d8500000)
  from space 5120K, 99% used [0x00000000d8500000,0x00000000d89f8020,0x00000000d8a00000)
  to   space 5120K, 0% used [0x00000000daa00000,0x00000000daa00000,0x00000000daf00000)
 ParOldGen       total 86016K, used 3073K [0x0000000082e00000, 0x0000000088200000, 0x00000000d6500000)
  object space 86016K, 3% used [0x0000000082e00000,0x00000000831005b8,0x0000000088200000)
 Metaspace       used 14387K, capacity 14548K, committed 14720K, reserved 1062912K
  class space    used 1746K, capacity 1842K, committed 1920K, reserved 1048576K
Event: 6.495 GC heap after
Heap after GC invocations=4 (full 0):
 PSYoungGen      total 70656K, used 5120K [0x00000000d6500000, 0x00000000daf00000, 0x0000000100000000)
  eden space 65536K, 0% used [0x00000000d6500000,0x00000000d6500000,0x00000000da500000)
  from space 5120K, 100% used [0x00000000daa00000,0x00000000daf00000,0x00000000daf00000)
  to   space 5120K, 0% used [0x00000000da500000,0x00000000da500000,0x00000000daa00000)
 ParOldGen       total 86016K, used 4066K [0x0000000082e00000, 0x0000000088200000, 0x00000000d6500000)
  object space 86016K, 4% used [0x0000000082e00000,0x00000000831f8938,0x0000000088200000)
 Metaspace       used 14387K, capacity 14548K, committed 14720K, reserved 1062912K
  class space    used 1746K, capacity 1842K, committed 1920K, reserved 1048576K
}
Event: 10.613 GC heap before
{Heap before GC invocations=5 (full 0):
 PSYoungGen      total 70656K, used 70265K [0x00000000d6500000, 0x00000000daf00000, 0x0000000100000000)
  eden space 65536K, 99% used [0x00000000d6500000,0x00000000da49e4a0,0x00000000da500000)
  from space 5120K, 100% used [0x00000000daa00000,0x00000000daf00000,0x00000000daf00000)
  to   space 5120K, 0% used [0x00000000da500000,0x00000000da500000,0x00000000daa00000)
 ParOldGen       total 86016K, used 4066K [0x0000000082e00000, 0x0000000088200000, 0x00000000d6500000)
  object space 86016K, 4% used [0x0000000082e00000,0x00000000831f8938,0x0000000088200000)
 Metaspace       used 19208K, capacity 19620K, committed 19968K, reserved 1067008K
  class space    used 2314K, capacity 2468K, committed 2560K, reserved 1048576K
Event: 10.649 GC heap after
Heap after GC invocations=5 (full 0):
 PSYoungGen      total 70656K, used 5088K [0x00000000d6500000, 0x00000000dfb00000, 0x0000000100000000)
  eden space 65536K, 0% used [0x00000000d6500000,0x00000000d6500000,0x00000000da500000)
  from space 5120K, 99% used [0x00000000da500000,0x00000000da9f8020,0x00000000daa00000)
  to   space 11264K, 0% used [0x00000000df000000,0x00000000df000000,0x00000000dfb00000)
 ParOldGen       total 86016K, used 11302K [0x0000000082e00000, 0x0000000088200000, 0x00000000d6500000)
  object space 86016K, 13% used [0x0000000082e00000,0x0000000083909848,0x0000000088200000)
 Metaspace       used 19208K, capacity 19620K, committed 19968K, reserved 1067008K
  class space    used 2314K, capacity 2468K, committed 2560K, reserved 1048576K
}
Event: 11.432 GC heap before
{Heap before GC invocations=6 (full 0):
 PSYoungGen      total 70656K, used 36491K [0x00000000d6500000, 0x00000000dfb00000, 0x0000000100000000)
  eden space 65536K, 47% used [0x00000000d6500000,0x00000000d83aad68,0x00000000da500000)
  from space 5120K, 99% used [0x00000000da500000,0x00000000da9f8020,0x00000000daa00000)
  to   space 11264K, 0% used [0x00000000df000000,0x00000000df000000,0x00000000dfb00000)
 ParOldGen       total 86016K, used 11302K [0x0000000082e00000, 0x0000000088200000, 0x00000000d6500000)
  object space 86016K, 13% used [0x0000000082e00000,0x0000000083909848,0x0000000088200000)
 Metaspace       used 20781K, capacity 21092K, committed 21296K, reserved 1069056K
  class space    used 2461K, capacity 2596K, committed 2688K, reserved 1048576K
Event: 11.455 GC heap after
Heap after GC invocations=6 (full 0):
 PSYoungGen      total 141824K, used 9623K [0x00000000d6500000, 0x00000000dfc00000, 0x0000000100000000)
  eden space 130560K, 0% used [0x00000000d6500000,0x00000000d6500000,0x00000000de480000)
  from space 11264K, 85% used [0x00000000df000000,0x00000000df965ed8,0x00000000dfb00000)
  to   space 11776K, 0% used [0x00000000de480000,0x00000000de480000,0x00000000df000000)
 ParOldGen       total 86016K, used 11310K [0x0000000082e00000, 0x0000000088200000, 0x00000000d6500000)
  object space 86016K, 13% used [0x0000000082e00000,0x000000008390b848,0x0000000088200000)
 Metaspace       used 20781K, capacity 21092K, committed 21296K, reserved 1069056K
  class space    used 2461K, capacity 2596K, committed 2688K, reserved 1048576K
}
Event: 11.455 GC heap before
{Heap before GC invocations=7 (full 1):
 PSYoungGen      total 141824K, used 9623K [0x00000000d6500000, 0x00000000dfc00000, 0x0000000100000000)
  eden space 130560K, 0% used [0x00000000d6500000,0x00000000d6500000,0x00000000de480000)
  from space 11264K, 85% used [0x00000000df000000,0x00000000df965ed8,0x00000000dfb00000)
  to   space 11776K, 0% used [0x00000000de480000,0x00000000de480000,0x00000000df000000)
 ParOldGen       total 86016K, used 11310K [0x0000000082e00000, 0x0000000088200000, 0x00000000d6500000)
  object space 86016K, 13% used [0x0000000082e00000,0x000000008390b848,0x0000000088200000)
 Metaspace       used 20781K, capacity 21092K, committed 21296K, reserved 1069056K
  class space    used 2461K, capacity 2596K, committed 2688K, reserved 1048576K
Event: 11.562 GC heap after
Heap after GC invocations=7 (full 1):
 PSYoungGen      total 141824K, used 0K [0x00000000d6500000, 0x00000000dfc00000, 0x0000000100000000)
  eden space 130560K, 0% used [0x00000000d6500000,0x00000000d6500000,0x00000000de480000)
  from space 11264K, 0% used [0x00000000df000000,0x00000000df000000,0x00000000dfb00000)
  to   space 11776K, 0% used [0x00000000de480000,0x00000000de480000,0x00000000df000000)
 ParOldGen       total 68608K, used 17100K [0x0000000082e00000, 0x0000000087100000, 0x00000000d6500000)
  object space 68608K, 24% used [0x0000000082e00000,0x0000000083eb3020,0x0000000087100000)
 Metaspace       used 20781K, capacity 21092K, committed 21296K, reserved 1069056K
  class space    used 2461K, capacity 2596K, committed 2688K, reserved 1048576K
}

Deoptimization events (10 events):
Event: 12.528 Thread 0x000000000068e000 Uncommon trap: reason=class_check action=maybe_recompile pc=0x00007fb86013aef0 method=java.util.regex.Pattern$Start.match(Ljava/util/regex/Matcher;ILjava/lang/CharSequence;)Z @ 44
Event: 12.528 Thread 0x000000000068e000 Uncommon trap: reason=class_check action=maybe_recompile pc=0x00007fb86013aef0 method=java.util.regex.Pattern$Start.match(Ljava/util/regex/Matcher;ILjava/lang/CharSequence;)Z @ 44
Event: 12.528 Thread 0x000000000068e000 Uncommon trap: reason=class_check action=maybe_recompile pc=0x00007fb86013aef0 method=java.util.regex.Pattern$Start.match(Ljava/util/regex/Matcher;ILjava/lang/CharSequence;)Z @ 44
Event: 12.607 Thread 0x000000000068e000 Uncommon trap: reason=unloaded action=reinterpret pc=0x00007fb85f8213bc method=com.sun.tools.javac.jvm.ClassReader.readPool(I)Ljava/lang/Object; @ 436
Event: 12.630 Thread 0x000000000068e000 Uncommon trap: reason=unreached action=reinterpret pc=0x00007fb8601dcdd0 method=com.sun.tools.javac.code.Types.rank(Lcom/sun/tools/javac/code/Type;)I @ 88
Event: 12.636 Thread 0x000000000068e000 Uncommon trap: reason=speculate_class_check action=maybe_recompile pc=0x00007fb85f9facd8 method=com.sun.tools.javac.code.Types.capture(Lcom/sun/tools/javac/code/Type;)Lcom/sun/tools/javac/code/Type; @ 113
Event: 12.636 Thread 0x000000000068e000 Uncommon trap: reason=speculate_class_check action=maybe_recompile pc=0x00007fb85f9facd8 method=com.sun.tools.javac.code.Types.capture(Lcom/sun/tools/javac/code/Type;)Lcom/sun/tools/javac/code/Type; @ 113
Event: 12.637 Thread 0x000000000068e000 Uncommon trap: reason=unreached action=reinterpret pc=0x00007fb8600fdccc method=com.sun.tools.javac.code.Types.rank(Lcom/sun/tools/javac/code/Type;)I @ 88
Event: 12.638 Thread 0x000000000068e000 Uncommon trap: reason=unreached action=reinterpret pc=0x00007fb860115b7c method=com.sun.tools.javac.code.Types$19.visitClassType(Lcom/sun/tools/javac/code/Type$ClassType;Ljava/lang/Void;)Lcom/sun/tools/javac/util/List; @ 22
Event: 12.640 Thread 0x000000000068e000 Uncommon trap: reason=speculate_class_check action=maybe_recompile pc=0x00007fb85f9facd8 method=com.sun.tools.javac.code.Types.capture(Lcom/sun/tools/javac/code/Type;)Lcom/sun/tools/javac/code/Type; @ 113

Internal exceptions (10 events):
Event: 12.258 Thread 0x000000000068e000 Exception <a 'java/security/PrivilegedActionException'> (0x00000000d7522270) thrown at [/HUDSON/workspace/8-2-build-linux-amd64/jdk8u25/1514/hotspot/src/share/vm/prims/jvm.cpp, line 1312]
Event: 12.258 Thread 0x000000000068e000 Exception <a 'java/security/PrivilegedActionException'> (0x00000000d7522c00) thrown at [/HUDSON/workspace/8-2-build-linux-amd64/jdk8u25/1514/hotspot/src/share/vm/prims/jvm.cpp, line 1312]
Event: 12.259 Thread 0x000000000068e000 Exception <a 'java/security/PrivilegedActionException'> (0x00000000d75286e0) thrown at [/HUDSON/workspace/8-2-build-linux-amd64/jdk8u25/1514/hotspot/src/share/vm/prims/jvm.cpp, line 1312]
Event: 12.259 Thread 0x000000000068e000 Exception <a 'java/security/PrivilegedActionException'> (0x00000000d75292b8) thrown at [/HUDSON/workspace/8-2-build-linux-amd64/jdk8u25/1514/hotspot/src/share/vm/prims/jvm.cpp, line 1312]
Event: 12.571 Thread 0x000000000068e000 Exception <a 'java/io/FileNotFoundException'> (0x00000000d79e9e68) thrown at [/HUDSON/workspace/8-2-build-linux-amd64/jdk8u25/1514/hotspot/src/share/vm/prims/jni.cpp, line 716]
Event: 12.571 Thread 0x000000000068e000 Exception <a 'java/io/FileNotFoundException'> (0x00000000d79eac78) thrown at [/HUDSON/workspace/8-2-build-linux-amd64/jdk8u25/1514/hotspot/src/share/vm/prims/jni.cpp, line 716]
Event: 12.584 Thread 0x000000000068e000 Exception <a 'java/security/PrivilegedActionException'> (0x00000000d7a9b860) thrown at [/HUDSON/workspace/8-2-build-linux-amd64/jdk8u25/1514/hotspot/src/share/vm/prims/jvm.cpp, line 1312]
Event: 12.584 Thread 0x000000000068e000 Exception <a 'java/security/PrivilegedActionException'> (0x00000000d7a9c140) thrown at [/HUDSON/workspace/8-2-build-linux-amd64/jdk8u25/1514/hotspot/src/share/vm/prims/jvm.cpp, line 1312]
Event: 12.585 Thread 0x000000000068e000 Exception <a 'java/security/PrivilegedActionException'> (0x00000000d7aa1140) thrown at [/HUDSON/workspace/8-2-build-linux-amd64/jdk8u25/1514/hotspot/src/share/vm/prims/jvm.cpp, line 1312]
Event: 12.585 Thread 0x000000000068e000 Exception <a 'java/security/PrivilegedActionException'> (0x00000000d7aa1a20) thrown at [/HUDSON/workspace/8-2-build-linux-amd64/jdk8u25/1514/hotspot/src/share/vm/prims/jvm.cpp, line 1312]

Events (10 events):
Event: 12.636 Thread 0x000000000068e000 DEOPT UNPACKING pc=0x00007fb85f5c2f69 sp=0x00007fb870bc1198 mode 2
Event: 12.637 Thread 0x000000000068e000 Uncommon trap: trap_request=0xffffffad fr.pc=0x00007fb8600fdccc
Event: 12.637 Thread 0x000000000068e000 DEOPT PACKING pc=0x00007fb8600fdccc sp=0x00007fb870bc02e0
Event: 12.637 Thread 0x000000000068e000 DEOPT UNPACKING pc=0x00007fb85f5c2f69 sp=0x00007fb870bc0290 mode 2
Event: 12.638 Thread 0x000000000068e000 Uncommon trap: trap_request=0xffffffad fr.pc=0x00007fb860115b7c
Event: 12.638 Thread 0x000000000068e000 DEOPT PACKING pc=0x00007fb860115b7c sp=0x00007fb870bc0b00
Event: 12.638 Thread 0x000000000068e000 DEOPT UNPACKING pc=0x00007fb85f5c2f69 sp=0x00007fb870bc0a60 mode 2
Event: 12.640 Thread 0x000000000068e000 Uncommon trap: trap_request=0xffffff76 fr.pc=0x00007fb85f9facd8
Event: 12.640 Thread 0x000000000068e000 DEOPT PACKING pc=0x00007fb85f9facd8 sp=0x00007fb870bc1460
Event: 12.640 Thread 0x000000000068e000 DEOPT UNPACKING pc=0x00007fb85f5c2f69 sp=0x00007fb870bc13e8 mode 2


Dynamic libraries:
00400000-00401000 r-xp 00000000 00:14 138267735                          /gpfs/main/course/cs032/bin/jdk1.8.0_25/bin/java
00600000-00601000 rw-p 00000000 00:14 138267735                          /gpfs/main/course/cs032/bin/jdk1.8.0_25/bin/java
00685000-014ed000 rw-p 00000000 00:00 0                                  [heap]
82e00000-87100000 rw-p 00000000 00:00 0 
87100000-d6500000 ---p 00000000 00:00 0 
d6500000-dfc00000 rw-p 00000000 00:00 0 
dfc00000-100000000 ---p 00000000 00:00 0 
100000000-1002a0000 rw-p 00000000 00:00 0 
1002a0000-140000000 ---p 00000000 00:00 0 
7fb84c000000-7fb84c988000 rw-p 00000000 00:00 0 
7fb84c988000-7fb850000000 ---p 00000000 00:00 0 
7fb852efa000-7fb852fa6000 rw-p 00000000 00:00 0 
7fb852fa6000-7fb8530fa000 ---p 00000000 00:00 0 
7fb8530fa000-7fb8530fd000 r--s 003c4000 00:18 13693093                   /gpfs/nbu/people/dshieble/.m2/repository/org/xerial/sqlite-jdbc/3.8.7/sqlite-jdbc-3.8.7.jar
7fb8530fd000-7fb85310e000 r--s 000d3000 00:18 12865438                   /gpfs/nbu/people/dshieble/.m2/repository/org/freemarker/freemarker/2.3.19/freemarker-2.3.19.jar
7fb85310e000-7fb85310f000 r--s 00000000 00:18 13693105                   /gpfs/nbu/people/dshieble/.m2/repository/com/sparkjava/spark-template-freemarker/2.0.0/spark-template-freemarker-2.0.0.jar
7fb85310f000-7fb853112000 r--s 00014000 00:18 13693011                   /gpfs/nbu/people/dshieble/.m2/repository/org/eclipse/jetty/jetty-security/9.0.2.v20130417/jetty-security-9.0.2.v20130417.jar
7fb853112000-7fb853114000 r--s 00018000 00:18 12865372                   /gpfs/nbu/people/dshieble/.m2/repository/org/eclipse/jetty/jetty-servlet/9.0.2.v20130417/jetty-servlet-9.0.2.v20130417.jar
7fb853114000-7fb853116000 r--s 00009000 00:18 12865266                   /gpfs/nbu/people/dshieble/.m2/repository/org/eclipse/jetty/jetty-xml/9.0.2.v20130417/jetty-xml-9.0.2.v20130417.jar
7fb853116000-7fb853119000 r--s 00019000 00:18 13693437                   /gpfs/nbu/people/dshieble/.m2/repository/org/eclipse/jetty/jetty-webapp/9.0.2.v20130417/jetty-webapp-9.0.2.v20130417.jar
7fb853119000-7fb85311c000 r--s 00012000 00:18 12865356                   /gpfs/nbu/people/dshieble/.m2/repository/org/eclipse/jetty/jetty-io/9.0.2.v20130417/jetty-io-9.0.2.v20130417.jar
7fb85311c000-7fb853121000 r--s 0004c000 00:18 12865348                   /gpfs/nbu/people/dshieble/.m2/repository/org/eclipse/jetty/jetty-util/9.0.2.v20130417/jetty-util-9.0.2.v20130417.jar
7fb853121000-7fb853124000 r--s 00017000 00:18 12865320                   /gpfs/nbu/people/dshieble/.m2/repository/org/eclipse/jetty/jetty-http/9.0.2.v20130417/jetty-http-9.0.2.v20130417.jar
7fb853124000-7fb853127000 r--s 0002e000 00:18 12865347                   /gpfs/nbu/people/dshieble/.m2/repository/org/eclipse/jetty/orbit/javax.servlet/3.0.0.v201112011016/javax.servlet-3.0.0.v201112011016.jar
7fb853127000-7fb85312c000 r--s 0004d000 00:18 12865336                   /gpfs/nbu/people/dshieble/.m2/repository/org/eclipse/jetty/jetty-server/9.0.2.v20130417/jetty-server-9.0.2.v20130417.jar
7fb85312c000-7fb85312f000 r--s 0000d000 00:18 12865309                   /gpfs/nbu/people/dshieble/.m2/repository/com/sparkjava/spark-core/2.0.0/spark-core-2.0.0.jar
7fb85312f000-7fb853134000 r--s 0002f000 00:18 12865327                   /gpfs/nbu/people/dshieble/.m2/repository/com/google/code/gson/gson/2.3.1/gson-2.3.1.jar
7fb853134000-7fb85315f000 r--s 001fc000 00:18 12865285                   /gpfs/nbu/people/dshieble/.m2/repository/com/google/guava/guava/18.0/guava-18.0.jar
7fb85315f000-7fb85335f000 rw-p 00000000 00:00 0 
7fb85335f000-7fb85355f000 rw-p 00000000 00:00 0 
7fb85355f000-7fb8535d8000 r--s 010df000 00:14 134126344                  /gpfs/main/course/cs032/bin/jdk1.8.0_25/lib/tools.jar
7fb8535d8000-7fb8537d8000 rw-p 00000000 00:00 0 
7fb8537d8000-7fb8537e9000 r-xp 00000000 00:14 136611464                  /gpfs/main/course/cs032/bin/jdk1.8.0_25/jre/lib/amd64/libnio.so
7fb8537e9000-7fb8539e8000 ---p 00011000 00:14 136611464                  /gpfs/main/course/cs032/bin/jdk1.8.0_25/jre/lib/amd64/libnio.so
7fb8539e8000-7fb8539e9000 rw-p 00010000 00:14 136611464                  /gpfs/main/course/cs032/bin/jdk1.8.0_25/jre/lib/amd64/libnio.so
7fb8539e9000-7fb8539ff000 r-xp 00000000 00:14 136610987                  /gpfs/main/course/cs032/bin/jdk1.8.0_25/jre/lib/amd64/libnet.so
7fb8539ff000-7fb853bff000 ---p 00016000 00:14 136610987                  /gpfs/main/course/cs032/bin/jdk1.8.0_25/jre/lib/amd64/libnet.so
7fb853bff000-7fb853c00000 rw-p 00016000 00:14 136610987                  /gpfs/main/course/cs032/bin/jdk1.8.0_25/jre/lib/amd64/libnet.so
7fb853c00000-7fb853e00000 rw-p 00000000 00:00 0 
7fb853e00000-7fb854000000 rw-p 00000000 00:00 0 
7fb854000000-7fb854e5d000 rw-p 00000000 00:00 0 
7fb854e5d000-7fb858000000 ---p 00000000 00:00 0 
7fb85801d000-7fb85801e000 r--s 00001000 00:18 12865312                   /gpfs/nbu/people/dshieble/.m2/repository/org/slf4j/slf4j-jdk14/1.7.7/slf4j-jdk14-1.7.7.jar
7fb85801e000-7fb858020000 r--s 00006000 00:18 12865314                   /gpfs/nbu/people/dshieble/.m2/repository/org/slf4j/slf4j-api/1.7.7/slf4j-api-1.7.7.jar
7fb858020000-7fb858026000 r--s 00045000 00:18 13693258                   /gpfs/nbu/people/dshieble/.m2/repository/org/hamcrest/hamcrest-all/1.3/hamcrest-all-1.3.jar
7fb858026000-7fb858028000 r--s 00009000 00:18 13693661                   /gpfs/nbu/people/dshieble/.m2/repository/org/hamcrest/hamcrest-core/1.3/hamcrest-core-1.3.jar
7fb858028000-7fb85802e000 r--s 00036000 00:18 13693494                   /gpfs/nbu/people/dshieble/.m2/repository/junit/junit/4.11/junit-4.11.jar
7fb85802e000-7fb858030000 r--s 0000e000 00:18 12865357                   /gpfs/nbu/people/dshieble/.m2/repository/net/sf/jopt-simple/jopt-simple/4.8/jopt-simple-4.8.jar
7fb858030000-7fb858033000 r--s 0001b000 00:18 13693010                   /gpfs/nbu/people/dshieble/.m2/repository/junit/junit/3.8.2/junit-3.8.2.jar
7fb858033000-7fb858041000 r--s 0008f000 00:18 13693012                   /gpfs/nbu/people/dshieble/.m2/repository/com/google/collections/google-collections/1.0/google-collections-1.0.jar
7fb858041000-7fb858042000 r--s 0000a000 00:18 12865401                   /gpfs/nbu/people/dshieble/.m2/repository/commons-logging/commons-logging-api/1.1/commons-logging-api-1.1.jar
7fb858042000-7fb858049000 r--s 00051000 00:18 13693073                   /gpfs/nbu/people/dshieble/.m2/repository/log4j/log4j/1.2.12/log4j-1.2.12.jar
7fb858049000-7fb85804d000 r--s 0001d000 00:18 12865415                   /gpfs/nbu/people/dshieble/.m2/repository/org/apache/xbean/xbean-reflect/3.4/xbean-reflect-3.4.jar
7fb85804d000-7fb85804e000 r--s 00004000 00:18 13693446                   /gpfs/nbu/people/dshieble/.m2/repository/org/codehaus/plexus/plexus-compiler-javac/2.4/plexus-compiler-javac-2.4.jar
7fb85804e000-7fb858050000 r--s 00000000 00:18 13693449                   /gpfs/nbu/people/dshieble/.m2/repository/org/codehaus/plexus/plexus-compiler-manager/2.4/plexus-compiler-manager-2.4.jar
7fb858050000-7fb858052000 r--s 00005000 00:18 12865424                   /gpfs/nbu/people/dshieble/.m2/repository/org/codehaus/plexus/plexus-compiler-api/2.4/plexus-compiler-api-2.4.jar
7fb858052000-7fb858054000 r--s 00000000 00:18 12865324                   /gpfs/nbu/people/dshieble/.m2/repository/org/codehaus/plexus/plexus-component-annotations/1.5.5/plexus-component-annotations-1.5.5.jar
7fb858054000-7fb858056000 r--s 00002000 00:18 12865335                   /gpfs/nbu/people/dshieble/.m2/repository/org/apache/maven/shared/maven-shared-incremental/1.1/maven-shared-incremental-1.1.jar
7fb858056000-7fb858058000 r--s 00006000 00:18 12865432                   /gpfs/nbu/people/dshieble/.m2/repository/com/google/code/findbugs/jsr305/2.0.1/jsr305-2.0.1.jar
7fb858058000-7fb85805b000 r--s 00023000 00:18 13693736                   /gpfs/nbu/people/dshieble/.m2/repository/org/apache/maven/shared/maven-shared-utils/0.1/maven-shared-utils-0.1.jar
7fb85805b000-7fb85805f000 r--s 00030000 00:18 13693074                   /gpfs/nbu/people/dshieble/.m2/repository/org/codehaus/plexus/plexus-utils/1.5.1/plexus-utils-1.5.1.jar
7fb85805f000-7fb858061000 r--s 0000a000 00:18 13693425                   /gpfs/nbu/people/dshieble/.m2/repository/org/apache/maven/plugins/maven-compiler-plugin/3.2/maven-compiler-plugin-3.2.jar
7fb858061000-7fb858063000 r--s 0000d000 00:18 13693682                   /gpfs/nbu/people/dshieble/.m2/repository/org/codehaus/plexus/plexus-interpolation/1.13/plexus-interpolation-1.13.jar
7fb858063000-7fb858064000 r--s 00001000 00:18 13693749                   /gpfs/nbu/people/dshieble/.m2/repository/org/sonatype/plexus/plexus-build-api/0.0.4/plexus-build-api-0.0.4.jar
7fb858064000-7fb858066000 r--s 00009000 00:18 13693683                   /gpfs/nbu/people/dshieble/.m2/repository/org/apache/maven/shared/maven-filtering/1.1/maven-filtering-1.1.jar
7fb858066000-7fb85806a000 r--s 00033000 00:18 13693750                   /gpfs/nbu/people/dshieble/.m2/repository/org/codehaus/plexus/plexus-utils/2.0.5/plexus-utils-2.0.5.jar
7fb85806a000-7fb85806d000 r--s 0001b000 00:18 13693065                   /gpfs/nbu/people/dshieble/.m2/repository/junit/junit/3.8.1/junit-3.8.1.jar
7fb85806d000-7fb85806f000 r--s 00002000 00:18 12865514                   /gpfs/nbu/people/dshieble/.m2/repository/org/codehaus/plexus/plexus-interactivity-api/1.0-alpha-4/plexus-interactivity-api-1.0-alpha-4.jar
7fb85806f000-7fb858071000 r--s 00006000 00:18 12865355                   /gpfs/nbu/people/dshieble/.m2/repository/commons-cli/commons-cli/1.0/commons-cli-1.0.jar
7fb858071000-7fb858072000 r--s 00001000 00:18 12865515                   /gpfs/nbu/people/dshieble/.m2/repository/org/apache/maven/doxia/doxia-sink-api/1.0-alpha-7/doxia-sink-api-1.0-alpha-7.jar
7fb858072000-7fb858073000 r--s 00002000 00:18 13693328                   /gpfs/nbu/people/dshieble/.m2/repository/org/apache/maven/reporting/maven-reporting-api/2.0.6/maven-reporting-api-2.0.6.jar
7fb858073000-7fb858075000 r--s 00006000 00:18 13693023                   /gpfs/nbu/people/dshieble/.m2/repository/org/apache/maven/plugins/maven-resources-plugin/2.6/maven-resources-plugin-2.6.jar
7fb858075000-7fb858079000 r--s 00093000 00:14 136611567                  /gpfs/main/course/cs032/bin/jdk1.8.0_25/jre/lib/jsse.jar
7fb858079000-7fb858095000 r--s 00393000 00:14 136611667                  /gpfs/main/course/cs032/bin/jdk1.8.0_25/jre/lib/ext/cldrdata.jar
7fb858095000-7fb85809f000 r--s 00116000 00:14 136611642                  /gpfs/main/course/cs032/bin/jdk1.8.0_25/jre/lib/ext/localedata.jar
7fb85809f000-7fb8580a0000 r--s 00002000 00:14 50783475                   /gpfs/main/course/cs032/bin/apache-maven-3.2.3/lib/slf4j-simple-1.7.5.jar
7fb8580a0000-7fb8580a2000 r--s 00007000 00:14 50783474                   /gpfs/main/course/cs032/bin/apache-maven-3.2.3/lib/aether-connector-wagon-0.9.0.M2.jar
7fb8580a2000-7fb8580a7000 r--s 00041000 00:14 50783460                   /gpfs/main/course/cs032/bin/apache-maven-3.2.3/lib/commons-lang-2.6.jar
7fb8580a7000-7fb8580ad000 r--s 00042000 00:14 50783457                   /gpfs/main/course/cs032/bin/apache-maven-3.2.3/lib/jsoup-1.7.2.jar
7fb8580ad000-7fb8580cc000 r--s 00134000 00:14 50783453                   /gpfs/main/course/cs032/bin/apache-maven-3.2.3/lib/wagon-http-2.6-shaded.jar
7fb8580cc000-7fb8580ce000 r--s 00009000 00:14 50783447                   /gpfs/main/course/cs032/bin/apache-maven-3.2.3/lib/commons-cli-1.2.jar
7fb8580ce000-7fb8580d0000 r--s 00005000 00:14 50783446                   /gpfs/main/course/cs032/bin/apache-maven-3.2.3/lib/slf4j-api-1.7.5.jar
7fb8580d0000-7fb8580d2000 r--s 0000b000 00:14 50783445                   /gpfs/main/course/cs032/bin/apache-maven-3.2.3/lib/wagon-provider-api-2.6.jar
7fb8580d2000-7fb8580d9000 r--s 0003f000 00:14 50783443                   /gpfs/main/course/cs032/bin/apache-maven-3.2.3/lib/maven-compat-3.2.3.jar
7fb8580d9000-7fb8580dd000 r--s 00020000 00:14 50783441                   /gpfs/main/course/cs032/bin/apache-maven-3.2.3/lib/aether-impl-0.9.0.M2.jar
7fb8580dd000-7fb8580e1000 r--s 0001d000 00:14 50783440                   /gpfs/main/course/cs032/bin/apache-maven-3.2.3/lib/aether-util-0.9.0.M2.jar
7fb8580e1000-7fb8580e3000 r--s 00003000 00:14 50783439                   /gpfs/main/course/cs032/bin/apache-maven-3.2.3/lib/aether-spi-0.9.0.M2.jar
7fb8580e3000-7fb8580e7000 r--s 0001d000 00:14 50783438                   /gpfs/main/course/cs032/bin/apache-maven-3.2.3/lib/aether-api-0.9.0.M2.jar
7fb8580e7000-7fb8580e9000 r--s 0000e000 00:14 50783437                   /gpfs/main/course/cs032/bin/apache-maven-3.2.3/lib/maven-aether-provider-3.2.3.jar
7fb8580e9000-7fb8580ee000 r--s 00025000 00:14 50783436                   /gpfs/main/course/cs032/bin/apache-maven-3.2.3/lib/maven-model-builder-3.2.3.jar
7fb8580ee000-7fb8580f4000 r--s 00042000 00:14 50783433                   /gpfs/main/course/cs032/bin/apache-maven-3.2.3/lib/org.eclipse.sisu.inject-0.0.0.M5.jar
7fb8580f4000-7fb85811d000 r--s 001ee000 00:14 50783429                   /gpfs/main/course/cs032/bin/apache-maven-3.2.3/lib/guava-14.0.1.jar
7fb85811d000-7fb858120000 r--s 0000a000 00:14 50783308                   /gpfs/main/course/cs032/bin/apache-maven-3.2.3/boot/plexus-classworlds-2.5.1.jar
7fb858120000-7fb858121000 ---p 00000000 00:00 0 
7fb858121000-7fb858221000 rw-p 00000000 00:00 0 
7fb858221000-7fb858224000 ---p 00000000 00:00 0 
7fb858224000-7fb858322000 rw-p 00000000 00:00 0 
7fb858322000-7fb858325000 ---p 00000000 00:00 0 
7fb858325000-7fb858423000 rw-p 00000000 00:00 0 
7fb858423000-7fb858426000 ---p 00000000 00:00 0 
7fb858426000-7fb858524000 rw-p 00000000 00:00 0 
7fb858524000-7fb858527000 ---p 00000000 00:00 0 
7fb858527000-7fb858625000 rw-p 00000000 00:00 0 
7fb858625000-7fb858628000 ---p 00000000 00:00 0 
7fb858628000-7fb858726000 rw-p 00000000 00:00 0 
7fb858726000-7fb858729000 ---p 00000000 00:00 0 
7fb858729000-7fb858827000 rw-p 00000000 00:00 0 
7fb858827000-7fb85882a000 ---p 00000000 00:00 0 
7fb85882a000-7fb858928000 rw-p 00000000 00:00 0 
7fb858928000-7fb858929000 ---p 00000000 00:00 0 
7fb858929000-7fb859a2c000 rw-p 00000000 00:00 0 
7fb859a2c000-7fb859c02000 r--s 03caa000 00:14 136611550                  /gpfs/main/course/cs032/bin/jdk1.8.0_25/jre/lib/rt.jar
7fb859c02000-7fb85e774000 rw-p 00000000 00:00 0 
7fb85e774000-7fb85e775000 ---p 00000000 00:00 0 
7fb85e775000-7fb85e875000 rw-p 00000000 00:00 0 
7fb85e875000-7fb85e876000 ---p 00000000 00:00 0 
7fb85e876000-7fb85e976000 rw-p 00000000 00:00 0 
7fb85e976000-7fb85e977000 ---p 00000000 00:00 0 
7fb85e977000-7fb85ea77000 rw-p 00000000 00:00 0 
7fb85ea77000-7fb85ea78000 ---p 00000000 00:00 0 
7fb85ea78000-7fb85eb9a000 rw-p 00000000 00:00 0 
7fb85eb9a000-7fb85ee14000 ---p 00000000 00:00 0 
7fb85ee14000-7fb85ee36000 rw-p 00000000 00:00 0 
7fb85ee36000-7fb85f0af000 ---p 00000000 00:00 0 
7fb85f0af000-7fb85f0fb000 rw-p 00000000 00:00 0 
7fb85f0fb000-7fb85f1fd000 ---p 00000000 00:00 0 
7fb85f1fd000-7fb85f233000 rw-p 00000000 00:00 0 
7fb85f233000-7fb85f5be000 ---p 00000000 00:00 0 
7fb85f5be000-7fb8602ee000 rwxp 00000000 00:00 0 
7fb8602ee000-7fb86e5be000 ---p 00000000 00:00 0 
7fb86e5be000-7fb86e5d8000 r-xp 00000000 00:14 136610880                  /gpfs/main/course/cs032/bin/jdk1.8.0_25/jre/lib/amd64/libzip.so
7fb86e5d8000-7fb86e7d8000 ---p 0001a000 00:14 136610880                  /gpfs/main/course/cs032/bin/jdk1.8.0_25/jre/lib/amd64/libzip.so
7fb86e7d8000-7fb86e7d9000 rw-p 0001a000 00:14 136610880                  /gpfs/main/course/cs032/bin/jdk1.8.0_25/jre/lib/amd64/libzip.so
7fb86e7d9000-7fb86e803000 r-xp 00000000 00:14 136610822                  /gpfs/main/course/cs032/bin/jdk1.8.0_25/jre/lib/amd64/libjava.so
7fb86e803000-7fb86ea03000 ---p 0002a000 00:14 136610822                  /gpfs/main/course/cs032/bin/jdk1.8.0_25/jre/lib/amd64/libjava.so
7fb86ea03000-7fb86ea05000 rw-p 0002a000 00:14 136610822                  /gpfs/main/course/cs032/bin/jdk1.8.0_25/jre/lib/amd64/libjava.so
7fb86ea05000-7fb86ea12000 r-xp 00000000 00:14 136610855                  /gpfs/main/course/cs032/bin/jdk1.8.0_25/jre/lib/amd64/libverify.so
7fb86ea12000-7fb86ec12000 ---p 0000d000 00:14 136610855                  /gpfs/main/course/cs032/bin/jdk1.8.0_25/jre/lib/amd64/libverify.so
7fb86ec12000-7fb86ec14000 rw-p 0000d000 00:14 136610855                  /gpfs/main/course/cs032/bin/jdk1.8.0_25/jre/lib/amd64/libverify.so
7fb86ec14000-7fb86ec1b000 r-xp 00000000 fe:00 2393                       /lib/x86_64-linux-gnu/librt-2.13.so
7fb86ec1b000-7fb86ee1a000 ---p 00007000 fe:00 2393                       /lib/x86_64-linux-gnu/librt-2.13.so
7fb86ee1a000-7fb86ee1b000 r--p 00006000 fe:00 2393                       /lib/x86_64-linux-gnu/librt-2.13.so
7fb86ee1b000-7fb86ee1c000 rw-p 00007000 fe:00 2393                       /lib/x86_64-linux-gnu/librt-2.13.so
7fb86ee1c000-7fb86ee9d000 r-xp 00000000 fe:00 2264                       /lib/x86_64-linux-gnu/libm-2.13.so
7fb86ee9d000-7fb86f09c000 ---p 00081000 fe:00 2264                       /lib/x86_64-linux-gnu/libm-2.13.so
7fb86f09c000-7fb86f09d000 r--p 00080000 fe:00 2264                       /lib/x86_64-linux-gnu/libm-2.13.so
7fb86f09d000-7fb86f09e000 rw-p 00081000 fe:00 2264                       /lib/x86_64-linux-gnu/libm-2.13.so
7fb86f09e000-7fb86fd0b000 r-xp 00000000 00:14 136611394                  /gpfs/main/course/cs032/bin/jdk1.8.0_25/jre/lib/amd64/server/libjvm.so
7fb86fd0b000-7fb86ff0a000 ---p 00c6d000 00:14 136611394                  /gpfs/main/course/cs032/bin/jdk1.8.0_25/jre/lib/amd64/server/libjvm.so
7fb86ff0a000-7fb86ffe0000 rw-p 00c6c000 00:14 136611394                  /gpfs/main/course/cs032/bin/jdk1.8.0_25/jre/lib/amd64/server/libjvm.so
7fb86ffe0000-7fb870023000 rw-p 00000000 00:00 0 
7fb870023000-7fb8701a4000 r-xp 00000000 fe:00 2357                       /lib/x86_64-linux-gnu/libc-2.13.so
7fb8701a4000-7fb8703a4000 ---p 00181000 fe:00 2357                       /lib/x86_64-linux-gnu/libc-2.13.so
7fb8703a4000-7fb8703a8000 r--p 00181000 fe:00 2357                       /lib/x86_64-linux-gnu/libc-2.13.so
7fb8703a8000-7fb8703a9000 rw-p 00185000 fe:00 2357                       /lib/x86_64-linux-gnu/libc-2.13.so
7fb8703a9000-7fb8703ae000 rw-p 00000000 00:00 0 
7fb8703ae000-7fb8703b0000 r-xp 00000000 fe:00 2380                       /lib/x86_64-linux-gnu/libdl-2.13.so
7fb8703b0000-7fb8705b0000 ---p 00002000 fe:00 2380                       /lib/x86_64-linux-gnu/libdl-2.13.so
7fb8705b0000-7fb8705b1000 r--p 00002000 fe:00 2380                       /lib/x86_64-linux-gnu/libdl-2.13.so
7fb8705b1000-7fb8705b2000 rw-p 00003000 fe:00 2380                       /lib/x86_64-linux-gnu/libdl-2.13.so
7fb8705b2000-7fb8705c7000 r-xp 00000000 00:14 174988983                  /gpfs/main/course/cs032/bin/jdk1.8.0_25/lib/amd64/jli/libjli.so
7fb8705c7000-7fb8707c6000 ---p 00015000 00:14 174988983                  /gpfs/main/course/cs032/bin/jdk1.8.0_25/lib/amd64/jli/libjli.so
7fb8707c6000-7fb8707c7000 rw-p 00014000 00:14 174988983                  /gpfs/main/course/cs032/bin/jdk1.8.0_25/lib/amd64/jli/libjli.so
7fb8707c7000-7fb8707de000 r-xp 00000000 fe:00 2401                       /lib/x86_64-linux-gnu/libpthread-2.13.so
7fb8707de000-7fb8709dd000 ---p 00017000 fe:00 2401                       /lib/x86_64-linux-gnu/libpthread-2.13.so
7fb8709dd000-7fb8709de000 r--p 00016000 fe:00 2401                       /lib/x86_64-linux-gnu/libpthread-2.13.so
7fb8709de000-7fb8709df000 rw-p 00017000 fe:00 2401                       /lib/x86_64-linux-gnu/libpthread-2.13.so
7fb8709df000-7fb8709e3000 rw-p 00000000 00:00 0 
7fb8709e3000-7fb870a03000 r-xp 00000000 fe:00 2389                       /lib/x86_64-linux-gnu/ld-2.13.so
7fb870a03000-7fb870a04000 r--s 00002000 00:14 50783469                   /gpfs/main/course/cs032/bin/apache-maven-3.2.3/lib/wagon-file-2.6.jar
7fb870a04000-7fb870a08000 r--s 00027000 00:14 50783464                   /gpfs/main/course/cs032/bin/apache-maven-3.2.3/lib/commons-io-2.2.jar
7fb870a08000-7fb870a0a000 r--s 00000000 00:14 50783432                   /gpfs/main/course/cs032/bin/apache-maven-3.2.3/lib/aopalliance-1.0.jar
7fb870a0a000-7fb870a12000 r--s 00050000 00:14 50783431                   /gpfs/main/course/cs032/bin/apache-maven-3.2.3/lib/sisu-guice-3.1.3-no_aop.jar
7fb870a12000-7fb870a13000 r--s 00000000 00:14 50783426                   /gpfs/main/course/cs032/bin/apache-maven-3.2.3/lib/javax.inject-1.jar
7fb870a13000-7fb870a14000 r--s 00001000 00:14 50783425                   /gpfs/main/course/cs032/bin/apache-maven-3.2.3/lib/jsr250-api-1.0.jar
7fb870a14000-7fb870a17000 r--s 00008000 00:14 50783419                   /gpfs/main/course/cs032/bin/apache-maven-3.2.3/lib/cdi-api-1.0.jar
7fb870a17000-7fb870a1d000 r--s 0002a000 00:14 50783416                   /gpfs/main/course/cs032/bin/apache-maven-3.2.3/lib/org.eclipse.sisu.plexus-0.0.0.M5.jar
7fb870a1d000-7fb870a1f000 r--s 0000a000 00:14 50783415                   /gpfs/main/course/cs032/bin/apache-maven-3.2.3/lib/maven-plugin-api-3.2.3.jar
7fb870a1f000-7fb870a22000 r--s 0000b000 00:14 50783414                   /gpfs/main/course/cs032/bin/apache-maven-3.2.3/lib/maven-artifact-3.2.3.jar
7fb870a22000-7fb870a24000 r--s 00005000 00:14 50783378                   /gpfs/main/course/cs032/bin/apache-maven-3.2.3/lib/maven-repository-metadata-3.2.3.jar
7fb870a24000-7fb870a26000 r--s 00002000 00:14 49955756                   /gpfs/main/course/cs032/bin/apache-maven-3.2.3/lib/plexus-cipher-1.7.jar
7fb870a26000-7fb870a27000 r--s 00006000 00:14 50783328                   /gpfs/main/course/cs032/bin/apache-maven-3.2.3/lib/plexus-sec-dispatcher-1.3.jar
7fb870a27000-7fb870a29000 r--s 00000000 00:14 50783240                   /gpfs/main/course/cs032/bin/apache-maven-3.2.3/lib/plexus-component-annotations-1.5.5.jar
7fb870a29000-7fb870a2c000 r--s 0000d000 00:14 49127297                   /gpfs/main/course/cs032/bin/apache-maven-3.2.3/lib/plexus-interpolation-1.19.jar
7fb870a2c000-7fb870a2e000 r--s 00009000 00:14 50783375                   /gpfs/main/course/cs032/bin/apache-maven-3.2.3/lib/maven-settings-builder-3.2.3.jar
7fb870a2e000-7fb870a31000 r--s 00025000 00:14 50783269                   /gpfs/main/course/cs032/bin/apache-maven-3.2.3/lib/maven-model-3.2.3.jar
7fb870a31000-7fb870a3d000 r--s 00085000 00:14 49955830                   /gpfs/main/course/cs032/bin/apache-maven-3.2.3/lib/maven-core-3.2.3.jar
7fb870a3d000-7fb870a41000 r--s 0003a000 00:14 50783382                   /gpfs/main/course/cs032/bin/apache-maven-3.2.3/lib/plexus-utils-3.0.17.jar
7fb870a41000-7fb870ac4000 r--s 00000000 00:0e 7434                       /run/nscd/dbggOAk2 (deleted)
7fb870ac4000-7fb870ac7000 ---p 00000000 00:00 0 
7fb870ac7000-7fb870bc9000 rw-p 00000000 00:00 0 
7fb870bc9000-7fb870bca000 r--s 00002000 00:14 50783454                   /gpfs/main/course/cs032/bin/apache-maven-3.2.3/lib/wagon-http-shared-2.6.jar
7fb870bca000-7fb870bcc000 r--s 00009000 00:14 50783265                   /gpfs/main/course/cs032/bin/apache-maven-3.2.3/lib/maven-settings-3.2.3.jar
7fb870bcc000-7fb870bce000 r--s 0000d000 00:14 49955724                   /gpfs/main/course/cs032/bin/apache-maven-3.2.3/lib/maven-embedder-3.2.3.jar
7fb870bce000-7fb870bf6000 rw-p 00000000 00:00 0 
7fb870bf6000-7fb870bfe000 rw-s 00000000 fe:04 430                        /tmp/hsperfdata_dshieble/18067
7fb870bfe000-7fb870bff000 rw-p 00000000 00:00 0 
7fb870bff000-7fb870c00000 r--p 00000000 00:00 0 
7fb870c00000-7fb870c02000 rw-p 00000000 00:00 0 
7fb870c02000-7fb870c03000 r--p 0001f000 fe:00 2389                       /lib/x86_64-linux-gnu/ld-2.13.so
7fb870c03000-7fb870c04000 rw-p 00020000 fe:00 2389                       /lib/x86_64-linux-gnu/ld-2.13.so
7fb870c04000-7fb870c05000 rw-p 00000000 00:00 0 
7fffd4ad2000-7fffd4af3000 rw-p 00000000 00:00 0                          [stack]
7fffd4b91000-7fffd4b92000 r-xp 00000000 00:00 0                          [vdso]
ffffffffff600000-ffffffffff601000 r-xp 00000000 00:00 0                  [vsyscall]

VM Arguments:
jvm_args: -Dclassworlds.conf=/course/cs032/bin/apache-maven-3.2.3/bin/m2.conf -Dmaven.home=/course/cs032/bin/apache-maven-3.2.3 
java_command: org.codehaus.plexus.classworlds.launcher.Launcher package
java_class_path (initial): /course/cs032/bin/apache-maven-3.2.3/boot/plexus-classworlds-2.5.1.jar
Launcher Type: SUN_STANDARD

Environment Variables:
JAVA_HOME=/gpfs/main/course/cs032/bin/jdk1.8.0_25
PATH=/course/cs032/bin:/local/bin:/usr/local/bin:/bin:/usr/bin:/usr/X11R6/bin:/usr/games:/contrib/bin:/course/cs051/bin:/course/cs032/bin:/course/cs141/bin:/course/cs157/bin:/course/cs004/tabin:/course/cs004/bin:/admin/tasupport/bin:/course/cs053/tabin:/course/cs053/bin
SHELL=/bin/bash
DISPLAY=:0.0

Signal Handlers:
SIGSEGV: [libjvm.so+0xa79a80], sa_mask[0]=11111111011111111101111111111110, sa_flags=SA_RESTART|SA_SIGINFO
SIGBUS: [libjvm.so+0xa79a80], sa_mask[0]=11111111011111111101111111111110, sa_flags=SA_RESTART|SA_SIGINFO
SIGFPE: [libjvm.so+0x8e24e0], sa_mask[0]=11111111011111111101111111111110, sa_flags=SA_RESTART|SA_SIGINFO
SIGPIPE: [libjvm.so+0x8e24e0], sa_mask[0]=11111111011111111101111111111110, sa_flags=SA_RESTART|SA_SIGINFO
SIGXFSZ: [libjvm.so+0x8e24e0], sa_mask[0]=11111111011111111101111111111110, sa_flags=SA_RESTART|SA_SIGINFO
SIGILL: [libjvm.so+0x8e24e0], sa_mask[0]=11111111011111111101111111111110, sa_flags=SA_RESTART|SA_SIGINFO
SIGUSR1: SIG_DFL, sa_mask[0]=00000000000000000000000000000000, sa_flags=none
SIGUSR2: [libjvm.so+0x8e3d10], sa_mask[0]=00000000000000000000000000000000, sa_flags=SA_RESTART|SA_SIGINFO
SIGHUP: [libjvm.so+0x8e50d0], sa_mask[0]=11111111011111111101111111111110, sa_flags=SA_RESTART|SA_SIGINFO
SIGINT: [libjvm.so+0x8e50d0], sa_mask[0]=11111111011111111101111111111110, sa_flags=SA_RESTART|SA_SIGINFO
SIGTERM: [libjvm.so+0x8e50d0], sa_mask[0]=11111111011111111101111111111110, sa_flags=SA_RESTART|SA_SIGINFO
SIGQUIT: [libjvm.so+0x8e50d0], sa_mask[0]=11111111011111111101111111111110, sa_flags=SA_RESTART|SA_SIGINFO


---------------  S Y S T E M  ---------------

OS:PRETTY_NAME="Debian GNU/Linux 7 (wheezy)"
NAME="Debian GNU/Linux"
VERSION_ID="7"
VERSION="7 (wheezy)"
ID=debian
ANSI_COLOR="1;31"
HOME_URL="http://www.debian.org/"
SUPPORT_URL="http://www.debian.org/support/"
BUG_REPORT_URL="http://bugs.debian.org/"

uname:Linux 3.2.0-4-amd64 #1 SMP Debian 3.2.65-1+deb7u2 x86_64
libc:glibc 2.13 NPTL 2.13 
rlimit: STACK 8192k, CORE 0k, NPROC 63961, NOFILE 4096, AS infinity
load average:0.75 0.75 0.69

/proc/meminfo:
MemTotal:        8199880 kB
MemFree:         1496452 kB
Buffers:          333380 kB
Cached:          3622784 kB
SwapCached:         5272 kB
Active:          4127620 kB
Inactive:        1858216 kB
Active(anon):    1845968 kB
Inactive(anon):   208512 kB
Active(file):    2281652 kB
Inactive(file):  1649704 kB
Unevictable:          16 kB
Mlocked:              16 kB
SwapTotal:       8388604 kB
SwapFree:        8379712 kB
Dirty:               256 kB
Writeback:             0 kB
AnonPages:       2025472 kB
Mapped:           247024 kB
Shmem:             24368 kB
Slab:             597028 kB
SReclaimable:     554040 kB
SUnreclaim:        42988 kB
KernelStack:        4032 kB
PageTables:        28096 kB
NFS_Unstable:          0 kB
Bounce:                0 kB
WritebackTmp:          0 kB
CommitLimit:    12488544 kB
Committed_AS:    4232996 kB
VmallocTotal:   34359738367 kB
VmallocUsed:      332500 kB
VmallocChunk:   34359398904 kB
HardwareCorrupted:     0 kB
AnonHugePages:         0 kB
HugePages_Total:       0
HugePages_Free:        0
HugePages_Rsvd:        0
HugePages_Surp:        0
Hugepagesize:       2048 kB
DirectMap4k:     4822592 kB
DirectMap2M:     3565568 kB


CPU:total 4 (4 cores per cpu, 1 threads per core) family 6 model 15 stepping 11, cmov, cx8, fxsr, mmx, sse, sse2, sse3, ssse3, tsc

/proc/cpuinfo:
processor	: 0
vendor_id	: GenuineIntel
cpu family	: 6
model		: 15
model name	: Intel(R) Core(TM)2 Quad CPU    Q6600  @ 2.40GHz
stepping	: 11
microcode	: 0xb6
cpu MHz		: 2399.857
cache size	: 4096 KB
physical id	: 0
siblings	: 4
core id		: 0
cpu cores	: 4
apicid		: 0
initial apicid	: 0
fpu		: yes
fpu_exception	: yes
cpuid level	: 10
wp		: yes
flags		: fpu vme de pse tsc msr pae mce cx8 apic sep mtrr pge mca cmov pat pse36 clflush dts acpi mmx fxsr sse sse2 ss ht tm pbe syscall nx lm constant_tsc arch_perfmon pebs bts rep_good nopl aperfmperf pni dtes64 monitor ds_cpl vmx est tm2 ssse3 cx16 xtpr pdcm lahf_lm dtherm tpr_shadow vnmi flexpriority
bogomips	: 4799.71
clflush size	: 64
cache_alignment	: 64
address sizes	: 36 bits physical, 48 bits virtual
power management:

processor	: 1
vendor_id	: GenuineIntel
cpu family	: 6
model		: 15
model name	: Intel(R) Core(TM)2 Quad CPU    Q6600  @ 2.40GHz
stepping	: 11
microcode	: 0xb6
cpu MHz		: 2399.857
cache size	: 4096 KB
physical id	: 0
siblings	: 4
core id		: 1
cpu cores	: 4
apicid		: 1
initial apicid	: 1
fpu		: yes
fpu_exception	: yes
cpuid level	: 10
wp		: yes
flags		: fpu vme de pse tsc msr pae mce cx8 apic sep mtrr pge mca cmov pat pse36 clflush dts acpi mmx fxsr sse sse2 ss ht tm pbe syscall nx lm constant_tsc arch_perfmon pebs bts rep_good nopl aperfmperf pni dtes64 monitor ds_cpl vmx est tm2 ssse3 cx16 xtpr pdcm lahf_lm dtherm tpr_shadow vnmi flexpriority
bogomips	: 4800.22
clflush size	: 64
cache_alignment	: 64
address sizes	: 36 bits physical, 48 bits virtual
power management:

processor	: 2
vendor_id	: GenuineIntel
cpu family	: 6
model		: 15
model name	: Intel(R) Core(TM)2 Quad CPU    Q6600  @ 2.40GHz
stepping	: 11
microcode	: 0xb6
cpu MHz		: 2399.857
cache size	: 4096 KB
physical id	: 0
siblings	: 4
core id		: 2
cpu cores	: 4
apicid		: 2
initial apicid	: 2
fpu		: yes
fpu_exception	: yes
cpuid level	: 10
wp		: yes
flags		: fpu vme de pse tsc msr pae mce cx8 apic sep mtrr pge mca cmov pat pse36 clflush dts acpi mmx fxsr sse sse2 ss ht tm pbe syscall nx lm constant_tsc arch_perfmon pebs bts rep_good nopl aperfmperf pni dtes64 monitor ds_cpl vmx est tm2 ssse3 cx16 xtpr pdcm lahf_lm dtherm tpr_shadow vnmi flexpriority
bogomips	: 4800.28
clflush size	: 64
cache_alignment	: 64
address sizes	: 36 bits physical, 48 bits virtual
power management:

processor	: 3
vendor_id	: GenuineIntel
cpu family	: 6
model		: 15
model name	: Intel(R) Core(TM)2 Quad CPU    Q6600  @ 2.40GHz
stepping	: 11
microcode	: 0xb6
cpu MHz		: 2399.857
cache size	: 4096 KB
physical id	: 0
siblings	: 4
core id		: 3
cpu cores	: 4
apicid		: 3
initial apicid	: 3
fpu		: yes
fpu_exception	: yes
cpuid level	: 10
wp		: yes
flags		: fpu vme de pse tsc msr pae mce cx8 apic sep mtrr pge mca cmov pat pse36 clflush dts acpi mmx fxsr sse sse2 ss ht tm pbe syscall nx lm constant_tsc arch_perfmon pebs bts rep_good nopl aperfmperf pni dtes64 monitor ds_cpl vmx est tm2 ssse3 cx16 xtpr pdcm lahf_lm dtherm tpr_shadow vnmi flexpriority
bogomips	: 4800.23
clflush size	: 64
cache_alignment	: 64
address sizes	: 36 bits physical, 48 bits virtual
power management:



Memory: 4k page, physical 8199880k(1496452k free), swap 8388604k(8379712k free)

vm_info: Java HotSpot(TM) 64-Bit Server VM (25.25-b02) for linux-amd64 JRE (1.8.0_25-b17), built on Sep 17 2014 17:32:11 by "java_re" with gcc 4.3.0 20080428 (Red Hat 4.3.0-8)

time: Wed Apr 29 15:04:05 2015
elapsed time: 12 seconds (0d 0h 0m 12s)

