#
# A fatal error has been detected by the Java Runtime Environment:
#
#  SIGSEGV (0xb) at pc=0x00007fe1d2702060, pid=27156, tid=140608782817024
#
# JRE version: Java(TM) SE Runtime Environment (8.0_25-b17) (build 1.8.0_25-b17)
# Java VM: Java HotSpot(TM) 64-Bit Server VM (25.25-b02 mixed mode linux-amd64 compressed oops)
# Problematic frame:
# C  0x00007fe1d2702060
#
# Failed to write core dump. Core dumps have been disabled. To enable core dumping, try "ulimit -c unlimited" before starting Java again
#
# If you would like to submit a bug report, please visit:
#   http://bugreport.sun.com/bugreport/crash.jsp
#

---------------  T H R E A D  ---------------

Current thread (0x0000000002866800):  JavaThread "qtp385254294-26" [_thread_in_Java, id=27186, stack(0x00007fe2087d5000,0x00007fe2088d6000)]

siginfo: si_signo: 11 (SIGSEGV), si_code: 1 (SEGV_MAPERR), si_addr: 0x00007fe1d2702060

Registers:
RAX=0x00000001000aaef0, RBX=0x00007fe208bdc7f8, RCX=0x00000000e65c61c0, RDX=0x00007fe20c31c9f8
RSP=0x00007fe2088d3a38, RBP=0x00007fe2088d3b18, RSI=0x00000000e65c61d8, RDI=0x00000001000aaef0
R8 =0x00000000e65c6200, R9 =0x00007fe210b3c000, R10=0x00000001000aaef0, R11=0x00007fe211beed60
R12=0x0000000000000000, R13=0x00007fe2088d3ad0, R14=0x00000001000ab890, R15=0x0000000002866800
RIP=0x00007fe1d2702060, EFLAGS=0x0000000000010246, CSGSFS=0x0000000000000033, ERR=0x0000000000000014
  TRAPNO=0x000000000000000e

Top of Stack: (sp=0x00007fe2088d3a38)
0x00007fe2088d3a38:   00007fe211bef284 00007fe2088d3a70
0x00007fe2088d3a48:   00007fe2088d3b18 00007fe211bee9dc
0x00007fe2088d3a58:   00000000e65c6c50 00000000e65c61c0
0x00007fe2088d3a68:   00007fe211bee9dc 00007fe2088d3b18
0x00007fe2088d3a78:   00007fe211beee44 00007fe2088d3a80
0x00007fe2088d3a88:   00007fe20c54238b 00000000e65c61c0
0x00007fe2088d3a98:   00007fe208b114f8 00007fe2088d3b18
0x00007fe2088d3aa8:   00007fe2117047e4 00007fe2088d3b18
0x00007fe2088d3ab8:   00007fe2117041a5 00000000f0b6a3d8
0x00007fe2088d3ac8:   00007fe2117041a5 00000000e65c61c0
0x00007fe2088d3ad8:   00007fe2088d3ad8 00007fe20beeba1b
0x00007fe2088d3ae8:   00007fe2088d3b50 00007fe20beec5c8
0x00007fe2088d3af8:   00007fe20c31c9f8 00007fe20beeba98
0x00007fe2088d3b08:   00007fe2088d3ad0 00007fe2088d3b48
0x00007fe2088d3b18:   00007fe2088d3b98 00007fe2117047e4
0x00007fe2088d3b28:   000000000000006e 00000000e65c61c0
0x00007fe2088d3b38:   00000000e65c5d68 0000000000000111
0x00007fe2088d3b48:   00000000e65c5d68 00000000e65bddb8
0x00007fe2088d3b58:   00007fe2088d3b58 00007fe208baa346
0x00007fe2088d3b68:   00007fe2088d3bd0 00007fe208baacf0
0x00007fe2088d3b78:   0000000000000000 00007fe208baa3d8
0x00007fe2088d3b88:   00007fe2088d3b48 00007fe2088d3bc8
0x00007fe2088d3b98:   00007fe2088d3c18 00007fe211704710
0x00007fe2088d3ba8:   0000000000000000 0000000000000000
0x00007fe2088d3bb8:   00000000e65c5d30 00000000e65bddb8
0x00007fe2088d3bc8:   00000000efa93888 0000000086b2c1e0
0x00007fe2088d3bd8:   00007fe2088d3bd8 00007fe208baa623
0x00007fe2088d3be8:   00007fe2088d3c68 00007fe208baacf0
0x00007fe2088d3bf8:   0000000000000000 00007fe208baa7b0
0x00007fe2088d3c08:   00007fe2088d3bc8 00007fe2088d3c40
0x00007fe2088d3c18:   00007fe2088d3cb0 00007fe211704710
0x00007fe2088d3c28:   00000000efa93888 0000000000000003 

Instructions: (pc=0x00007fe1d2702060)
0x00007fe1d2702040:   
[error occurred during error reporting (printing registers, top of stack, instructions near pc), id 0xb]

Register to memory mapping:

RAX=0x00000001000aaef0 is pointing into metadata
RBX=0x00007fe208bdc7f8 is pointing into metadata
RCX=0x00000000e65c61c0 is an oop
com.google.common.collect.Multisets$ElementSet$1 
 - klass: 'com/google/common/collect/Multisets$ElementSet$1'
RDX=0x00007fe20c31c9f8 is pointing into metadata
RSP=0x00007fe2088d3a38 is pointing into the stack for thread: 0x0000000002866800
RBP=0x00007fe2088d3b18 is pointing into the stack for thread: 0x0000000002866800
RSI=0x00000000e65c61d8 is an oop
java.util.HashMap$EntryIterator 
 - klass: 'java/util/HashMap$EntryIterator'
RDI=0x00000001000aaef0 is pointing into metadata
R8 =0x00000000e65c6200 is an oop
com.google.common.collect.AbstractMapBasedMultiset$1 
 - klass: 'com/google/common/collect/AbstractMapBasedMultiset$1'
R9 =0x00007fe210b3c000 is an unknown value
R10=0x00000001000aaef0 is pointing into metadata
R11=0x00007fe211beed60 is at entry_point+32 in (nmethod*)0x00007fe211beebd0
R12=0x0000000000000000 is an unknown value
R13=0x00007fe2088d3ad0 is pointing into the stack for thread: 0x0000000002866800
R14=0x00000001000ab890 is pointing into metadata
R15=0x0000000002866800 is a thread


Stack: [0x00007fe2087d5000,0x00007fe2088d6000],  sp=0x00007fe2088d3a38,  free space=1018k
Native frames: (J=compiled Java code, j=interpreted, Vv=VM code, C=native code)
C  0x00007fe1d2702060
j  edu.brown.cs.dshieble.finalproject.MarkovChain.getNextWord(Ljava/lang/String;)Ljava/lang/String;+62
j  edu.brown.cs.dshieble.finalproject.MarkovChain.makeSentenceFragment(IILjava/lang/String;Ljava/lang/String;I)Ljava/util/List;+115
j  edu.brown.cs.dshieble.finalproject.MarkovManager.makeSentenceFragment(IILjava/lang/String;Ljava/lang/String;I)Ljava/util/List;+107
j  edu.brown.cs.dshieble.finalproject.MarkovManager.recombineSentence(Ljava/lang/String;)Ljava/lang/String;+193
j  edu.brown.cs.dshieble.finalproject.MarkovManager.generateSentence(I)Ljava/lang/String;+37
j  edu.brown.cs.dshieble.finalproject.GUIManager$ResultsHandler.handle(Lspark/Request;Lspark/Response;)Ljava/lang/Object;+631
j  spark.SparkBase$1.handle(Lspark/Request;Lspark/Response;)Ljava/lang/Object;+6
j  spark.webserver.MatcherFilter.doFilter(Ljavax/servlet/ServletRequest;Ljavax/servlet/ServletResponse;Ljavax/servlet/FilterChain;)V+370
j  spark.webserver.JettyHandler.doHandle(Ljava/lang/String;Lorg/eclipse/jetty/server/Request;Ljavax/servlet/http/HttpServletRequest;Ljavax/servlet/http/HttpServletResponse;)V+22
j  org.eclipse.jetty.server.session.SessionHandler.doScope(Ljava/lang/String;Lorg/eclipse/jetty/server/Request;Ljavax/servlet/http/HttpServletRequest;Ljavax/servlet/http/HttpServletResponse;)V+267
j  org.eclipse.jetty.server.handler.ScopedHandler.handle(Ljava/lang/String;Lorg/eclipse/jetty/server/Request;Ljavax/servlet/http/HttpServletRequest;Ljavax/servlet/http/HttpServletResponse;)V+20
j  org.eclipse.jetty.server.handler.HandlerList.handle(Ljava/lang/String;Lorg/eclipse/jetty/server/Request;Ljavax/servlet/http/HttpServletRequest;Ljavax/servlet/http/HttpServletResponse;)V+39
j  org.eclipse.jetty.server.handler.HandlerWrapper.handle(Ljava/lang/String;Lorg/eclipse/jetty/server/Request;Ljavax/servlet/http/HttpServletRequest;Ljavax/servlet/http/HttpServletResponse;)V+23
j  org.eclipse.jetty.server.Server.handle(Lorg/eclipse/jetty/server/HttpChannel;)V+118
j  org.eclipse.jetty.server.HttpChannel.run()V+204
j  org.eclipse.jetty.server.HttpConnection.onFillable()V+284
j  org.eclipse.jetty.io.AbstractConnection$ReadCallback.run()V+23
j  org.eclipse.jetty.util.thread.QueuedThreadPool.runJob(Ljava/lang/Runnable;)V+1
j  org.eclipse.jetty.util.thread.QueuedThreadPool$3.run()V+73
j  java.lang.Thread.run()V+11
v  ~StubRoutines::call_stub
V  [libjvm.so+0x664086]  JavaCalls::call_helper(JavaValue*, methodHandle*, JavaCallArguments*, Thread*)+0x1056
V  [libjvm.so+0x664591]  JavaCalls::call_virtual(JavaValue*, KlassHandle, Symbol*, Symbol*, JavaCallArguments*, Thread*)+0x321
V  [libjvm.so+0x664a37]  JavaCalls::call_virtual(JavaValue*, Handle, KlassHandle, Symbol*, Symbol*, Thread*)+0x47
V  [libjvm.so+0x6dee3e]  thread_entry(JavaThread*, Thread*)+0x7e
V  [libjvm.so+0xa29e8f]  JavaThread::thread_main_inner()+0xdf
V  [libjvm.so+0xa29fbc]  JavaThread::run()+0x11c
V  [libjvm.so+0x8e7d48]  java_start(Thread*)+0x108
C  [libpthread.so.0+0x6b50]  start_thread+0xd0


---------------  P R O C E S S  ---------------

Java Threads: ( => current thread )
  0x000000000274b800 JavaThread "qtp385254294-29" [_thread_blocked, id=27189, stack(0x00007fe2084d2000,0x00007fe2085d3000)]
  0x0000000002835800 JavaThread "qtp385254294-28" [_thread_blocked, id=27188, stack(0x00007fe2085d3000,0x00007fe2086d4000)]
  0x00007fe2047d8000 JavaThread "qtp385254294-27" [_thread_blocked, id=27187, stack(0x00007fe2086d4000,0x00007fe2087d5000)]
=>0x0000000002866800 JavaThread "qtp385254294-26" [_thread_in_Java, id=27186, stack(0x00007fe2087d5000,0x00007fe2088d6000)]
  0x000000000285e000 JavaThread "qtp385254294-24" [_thread_blocked, id=27184, stack(0x00007fe2089d7000,0x00007fe208ad8000)]
  0x00000000029fa000 JavaThread "Scheduler-132529167" [_thread_blocked, id=27183, stack(0x00007fe208cd8000,0x00007fe208dd9000)]
  0x00007fe2044e1800 JavaThread "HashSessionScavenger-0" daemon [_thread_blocked, id=27182, stack(0x00007fe208fd9000,0x00007fe2090da000)]
  0x00007fe204469800 JavaThread "qtp385254294-21" [_thread_blocked, id=27181, stack(0x00007fe2090da000,0x00007fe2091db000)]
  0x00007fe204468000 JavaThread "qtp385254294-20" [_thread_blocked, id=27180, stack(0x00007fe2091db000,0x00007fe2092dc000)]
  0x00007fe204466000 JavaThread "qtp385254294-19-selector-3" [_thread_in_native, id=27179, stack(0x00007fe2092dc000,0x00007fe2093dd000)]
  0x00007fe204464800 JavaThread "qtp385254294-18-selector-2" [_thread_in_native, id=27178, stack(0x00007fe2093dd000,0x00007fe2094de000)]
  0x00007fe2045d0800 JavaThread "qtp385254294-17-selector-1" [_thread_in_native, id=27177, stack(0x00007fe2094de000,0x00007fe2095df000)]
  0x00000000023cf800 JavaThread "qtp385254294-16-acceptor-1-ServerConnector@2fed0501{HTTP/1.1}{0.0.0.0:5678}" [_thread_in_native, id=27176, stack(0x00007fe2095df000,0x00007fe2096e0000)]
  0x00000000023ce000 JavaThread "qtp385254294-15-selector-0" [_thread_in_native, id=27175, stack(0x00007fe2096e0000,0x00007fe2097e1000)]
  0x0000000002559800 JavaThread "qtp385254294-14-acceptor-0-ServerConnector@2fed0501{HTTP/1.1}{0.0.0.0:5678}" [_thread_blocked, id=27174, stack(0x00007fe2097e1000,0x00007fe2098e2000)]
  0x0000000002af2000 JavaThread "DateCache" daemon [_thread_blocked, id=27173, stack(0x00007fe2098e2000,0x00007fe2099e3000)]
  0x0000000002063800 JavaThread "DestroyJavaVM" [_thread_blocked, id=27157, stack(0x00007fe222c03000,0x00007fe222d04000)]
  0x0000000002540000 JavaThread "Thread-1" [_thread_blocked, id=27172, stack(0x00007fe2099e5000,0x00007fe209ae6000)]
  0x00007fe20403d800 JavaThread "Service Thread" daemon [_thread_blocked, id=27170, stack(0x00007fe20a360000,0x00007fe20a461000)]
  0x000000000210a000 JavaThread "C1 CompilerThread2" daemon [_thread_blocked, id=27169, stack(0x00007fe20a461000,0x00007fe20a562000)]
  0x0000000002108000 JavaThread "C2 CompilerThread1" daemon [_thread_blocked, id=27168, stack(0x00007fe20a562000,0x00007fe20a663000)]
  0x0000000002105000 JavaThread "C2 CompilerThread0" daemon [_thread_blocked, id=27167, stack(0x00007fe20a663000,0x00007fe20a764000)]
  0x0000000002103000 JavaThread "Signal Dispatcher" daemon [_thread_blocked, id=27166, stack(0x00007fe20a764000,0x00007fe20a865000)]
  0x00000000020d6000 JavaThread "Finalizer" daemon [_thread_blocked, id=27164, stack(0x00007fe20a865000,0x00007fe20a966000)]
  0x00000000020d3800 JavaThread "Reference Handler" daemon [_thread_blocked, id=27163, stack(0x00007fe20a966000,0x00007fe20aa67000)]

Other Threads:
  0x00000000020cc800 VMThread [stack: 0x00007fe20aa67000,0x00007fe20ab68000] [id=27162]
  0x00007fe204040000 WatcherThread [stack: 0x00007fe20a25f000,0x00007fe20a360000] [id=27171]

VM state:not at safepoint (normal execution)

VM Mutex/Monitor currently owned by a thread: None

Heap:
 PSYoungGen      total 446976K, used 319044K [0x00000000d6500000, 0x00000000fe180000, 0x0000000100000000)
  eden space 396288K, 67% used [0x00000000d6500000,0x00000000e6b14030,0x00000000ee800000)
  from space 50688K, 99% used [0x00000000ee800000,0x00000000f197d258,0x00000000f1980000)
  to   space 64512K, 0% used [0x00000000fa280000,0x00000000fa280000,0x00000000fe180000)
 ParOldGen       total 148480K, used 96284K [0x0000000082e00000, 0x000000008bf00000, 0x00000000d6500000)
  object space 148480K, 64% used [0x0000000082e00000,0x0000000088c07028,0x000000008bf00000)
 Metaspace       used 12614K, capacity 12738K, committed 13056K, reserved 1060864K
  class space    used 1430K, capacity 1463K, committed 1536K, reserved 1048576K

Card table byte_map: [0x00007fe210f53000,0x00007fe21133d000] byte_map_base: 0x00007fe210b3c000

Marking Bits: (ParMarkBitMap*) 0x00007fe2221372c0
 Begin Bits: [0x00007fe20ca23000, 0x00007fe20e96b000)
 End Bits:   [0x00007fe20e96b000, 0x00007fe2108b3000)

Polling page: 0x00007fe222d3e000

CodeCache: size=245760Kb used=5185Kb max_used=5200Kb free=240574Kb
 bounds [0x00007fe2116fd000, 0x00007fe211c1d000, 0x00007fe2206fd000]
 total_blobs=1587 nmethods=1211 adapters=292
 compilation: enabled

Compilation events (10 events):
Event: 21.044 Thread 0x000000000210a000 nmethod 1217 0x00007fe211bee210 code [0x00007fe211bee380, 0x00007fe211bee5b0]
Event: 21.044 Thread 0x000000000210a000 1215       3       com.google.common.collect.AbstractMapBasedMultiset$1::next (5 bytes)
Event: 21.044 Thread 0x0000000002108000 1222       4       java.util.HashMap$HashIterator::hasNext (13 bytes)
Event: 21.045 Thread 0x000000000210a000 nmethod 1215 0x00007fe211bf1d90 code [0x00007fe211bf1f40, 0x00007fe211bf2488]
Event: 21.045 Thread 0x000000000210a000 1221       3       com.google.common.collect.AbstractMapBasedMultiset$1$1::getElement (10 bytes)
Event: 21.045 Thread 0x000000000210a000 nmethod 1221 0x00007fe211bf1950 code [0x00007fe211bf1ac0, 0x00007fe211bf1ce8]
Event: 21.045 Thread 0x000000000210a000 1218       3       com.google.common.collect.Multisets$AbstractEntry::<init> (5 bytes)
Event: 21.045 Thread 0x000000000210a000 nmethod 1218 0x00007fe21180f7d0 code [0x00007fe21180f940, 0x00007fe21180faf0]
Event: 21.045 Thread 0x000000000210a000 1219       3       com.google.common.collect.Multisets$ElementSet$1::transform (9 bytes)
Event: 21.045 Thread 0x0000000002108000 nmethod 1222 0x00007fe211beb050 code [0x00007fe211beb1a0, 0x00007fe211beb218]

GC Heap History (10 events):
Event: 15.139 GC heap before
{Heap before GC invocations=8 (full 0):
 PSYoungGen      total 147968K, used 147943K [0x00000000d6500000, 0x00000000e8e00000, 0x0000000100000000)
  eden space 131072K, 100% used [0x00000000d6500000,0x00000000de500000,0x00000000de500000)
  from space 16896K, 99% used [0x00000000de500000,0x00000000df579cf8,0x00000000df580000)
  to   space 20992K, 0% used [0x00000000e7980000,0x00000000e7980000,0x00000000e8e00000)
 ParOldGen       total 86016K, used 25887K [0x0000000082e00000, 0x0000000088200000, 0x00000000d6500000)
  object space 86016K, 30% used [0x0000000082e00000,0x0000000084747eb8,0x0000000088200000)
 Metaspace       used 12594K, capacity 12740K, committed 13056K, reserved 1060864K
  class space    used 1426K, capacity 1464K, committed 1536K, reserved 1048576K
Event: 15.181 GC heap after
Heap after GC invocations=8 (full 0):
 PSYoungGen      total 276992K, used 20961K [0x00000000d6500000, 0x00000000e9a00000, 0x0000000100000000)
  eden space 256000K, 0% used [0x00000000d6500000,0x00000000d6500000,0x00000000e5f00000)
  from space 20992K, 99% used [0x00000000e7980000,0x00000000e8df8400,0x00000000e8e00000)
  to   space 27136K, 0% used [0x00000000e5f00000,0x00000000e5f00000,0x00000000e7980000)
 ParOldGen       total 86016K, used 32594K [0x0000000082e00000, 0x0000000088200000, 0x00000000d6500000)
  object space 86016K, 37% used [0x0000000082e00000,0x0000000084dd4818,0x0000000088200000)
 Metaspace       used 12594K, capacity 12740K, committed 13056K, reserved 1060864K
  class space    used 1426K, capacity 1464K, committed 1536K, reserved 1048576K
}
Event: 16.122 GC heap before
{Heap before GC invocations=9 (full 0):
 PSYoungGen      total 276992K, used 276961K [0x00000000d6500000, 0x00000000e9a00000, 0x0000000100000000)
  eden space 256000K, 100% used [0x00000000d6500000,0x00000000e5f00000,0x00000000e5f00000)
  from space 20992K, 99% used [0x00000000e7980000,0x00000000e8df8400,0x00000000e8e00000)
  to   space 27136K, 0% used [0x00000000e5f00000,0x00000000e5f00000,0x00000000e7980000)
 ParOldGen       total 86016K, used 32594K [0x0000000082e00000, 0x0000000088200000, 0x00000000d6500000)
  object space 86016K, 37% used [0x0000000082e00000,0x0000000084dd4818,0x0000000088200000)
 Metaspace       used 12594K, capacity 12740K, committed 13056K, reserved 1060864K
  class space    used 1426K, capacity 1464K, committed 1536K, reserved 1048576K
Event: 16.179 GC heap after
Heap after GC invocations=9 (full 0):
 PSYoungGen      total 283136K, used 27114K [0x00000000d6500000, 0x00000000f3e00000, 0x0000000100000000)
  eden space 256000K, 0% used [0x00000000d6500000,0x00000000d6500000,0x00000000e5f00000)
  from space 27136K, 99% used [0x00000000e5f00000,0x00000000e797a980,0x00000000e7980000)
  to   space 37376K, 0% used [0x00000000f1980000,0x00000000f1980000,0x00000000f3e00000)
 ParOldGen       total 86016K, used 47165K [0x0000000082e00000, 0x0000000088200000, 0x00000000d6500000)
  object space 86016K, 54% used [0x0000000082e00000,0x0000000085c0f760,0x0000000088200000)
 Metaspace       used 12594K, capacity 12740K, committed 13056K, reserved 1060864K
  class space    used 1426K, capacity 1464K, committed 1536K, reserved 1048576K
}
Event: 17.070 GC heap before
{Heap before GC invocations=10 (full 0):
 PSYoungGen      total 283136K, used 283114K [0x00000000d6500000, 0x00000000f3e00000, 0x0000000100000000)
  eden space 256000K, 100% used [0x00000000d6500000,0x00000000e5f00000,0x00000000e5f00000)
  from space 27136K, 99% used [0x00000000e5f00000,0x00000000e797a980,0x00000000e7980000)
  to   space 37376K, 0% used [0x00000000f1980000,0x00000000f1980000,0x00000000f3e00000)
 ParOldGen       total 86016K, used 47165K [0x0000000082e00000, 0x0000000088200000, 0x00000000d6500000)
  object space 86016K, 54% used [0x0000000082e00000,0x0000000085c0f760,0x0000000088200000)
 Metaspace       used 12595K, capacity 12740K, committed 13056K, reserved 1060864K
  class space    used 1426K, capacity 1464K, committed 1536K, reserved 1048576K
Event: 17.168 GC heap after
Heap after GC invocations=10 (full 0):
 PSYoungGen      total 433664K, used 37365K [0x00000000d6500000, 0x00000000f5800000, 0x0000000100000000)
  eden space 396288K, 0% used [0x00000000d6500000,0x00000000d6500000,0x00000000ee800000)
  from space 37376K, 99% used [0x00000000f1980000,0x00000000f3dfd448,0x00000000f3e00000)
  to   space 50688K, 0% used [0x00000000ee800000,0x00000000ee800000,0x00000000f1980000)
 ParOldGen       total 86016K, used 67929K [0x0000000082e00000, 0x0000000088200000, 0x00000000d6500000)
  object space 86016K, 78% used [0x0000000082e00000,0x0000000087056770,0x0000000088200000)
 Metaspace       used 12595K, capacity 12740K, committed 13056K, reserved 1060864K
  class space    used 1426K, capacity 1464K, committed 1536K, reserved 1048576K
}
Event: 17.168 GC heap before
{Heap before GC invocations=11 (full 1):
 PSYoungGen      total 433664K, used 37365K [0x00000000d6500000, 0x00000000f5800000, 0x0000000100000000)
  eden space 396288K, 0% used [0x00000000d6500000,0x00000000d6500000,0x00000000ee800000)
  from space 37376K, 99% used [0x00000000f1980000,0x00000000f3dfd448,0x00000000f3e00000)
  to   space 50688K, 0% used [0x00000000ee800000,0x00000000ee800000,0x00000000f1980000)
 ParOldGen       total 86016K, used 67929K [0x0000000082e00000, 0x0000000088200000, 0x00000000d6500000)
  object space 86016K, 78% used [0x0000000082e00000,0x0000000087056770,0x0000000088200000)
 Metaspace       used 12595K, capacity 12740K, committed 13056K, reserved 1060864K
  class space    used 1426K, capacity 1464K, committed 1536K, reserved 1048576K
Event: 18.103 GC heap after
Heap after GC invocations=11 (full 1):
 PSYoungGen      total 433664K, used 0K [0x00000000d6500000, 0x00000000f5800000, 0x0000000100000000)
  eden space 396288K, 0% used [0x00000000d6500000,0x00000000d6500000,0x00000000ee800000)
  from space 37376K, 0% used [0x00000000f1980000,0x00000000f1980000,0x00000000f3e00000)
  to   space 50688K, 0% used [0x00000000ee800000,0x00000000ee800000,0x00000000f1980000)
 ParOldGen       total 148480K, used 82043K [0x0000000082e00000, 0x000000008bf00000, 0x00000000d6500000)
  object space 148480K, 55% used [0x0000000082e00000,0x0000000087e1ecc0,0x000000008bf00000)
 Metaspace       used 12593K, capacity 12738K, committed 13056K, reserved 1060864K
  class space    used 1425K, capacity 1463K, committed 1536K, reserved 1048576K
}
Event: 19.777 GC heap before
{Heap before GC invocations=12 (full 1):
 PSYoungGen      total 433664K, used 396288K [0x00000000d6500000, 0x00000000f5800000, 0x0000000100000000)
  eden space 396288K, 100% used [0x00000000d6500000,0x00000000ee800000,0x00000000ee800000)
  from space 37376K, 0% used [0x00000000f1980000,0x00000000f1980000,0x00000000f3e00000)
  to   space 50688K, 0% used [0x00000000ee800000,0x00000000ee800000,0x00000000f1980000)
 ParOldGen       total 148480K, used 82043K [0x0000000082e00000, 0x000000008bf00000, 0x00000000d6500000)
  object space 148480K, 55% used [0x0000000082e00000,0x0000000087e1ecc0,0x000000008bf00000)
 Metaspace       used 12593K, capacity 12738K, committed 13056K, reserved 1060864K
  class space    used 1425K, capacity 1463K, committed 1536K, reserved 1048576K
Event: 19.870 GC heap after
Heap after GC invocations=12 (full 1):
 PSYoungGen      total 446976K, used 50676K [0x00000000d6500000, 0x00000000fe180000, 0x0000000100000000)
  eden space 396288K, 0% used [0x00000000d6500000,0x00000000d6500000,0x00000000ee800000)
  from space 50688K, 99% used [0x00000000ee800000,0x00000000f197d258,0x00000000f1980000)
  to   space 64512K, 0% used [0x00000000fa280000,0x00000000fa280000,0x00000000fe180000)
 ParOldGen       total 148480K, used 96284K [0x0000000082e00000, 0x000000008bf00000, 0x00000000d6500000)
  object space 148480K, 64% used [0x0000000082e00000,0x0000000088c07028,0x000000008bf00000)
 Metaspace       used 12593K, capacity 12738K, committed 13056K, reserved 1060864K
  class space    used 1425K, capacity 1463K, committed 1536K, reserved 1048576K
}

Deoptimization events (10 events):
Event: 13.119 Thread 0x0000000002866800 Uncommon trap: reason=class_check action=maybe_recompile pc=0x00007fe211b572c8 method=java.util.regex.Pattern.compile()V @ 317
Event: 13.130 Thread 0x0000000002866800 Uncommon trap: reason=class_check action=maybe_recompile pc=0x00007fe211b572c8 method=java.util.regex.Pattern.compile()V @ 317
Event: 13.199 Thread 0x0000000002866800 Uncommon trap: reason=unreached action=reinterpret pc=0x00007fe211b57270 method=java.util.regex.Pattern.compile()V @ 249
Event: 14.524 Thread 0x0000000002866800 Uncommon trap: reason=bimorphic action=maybe_recompile pc=0x00007fe211b58d88 method=java.util.regex.Pattern$Start.match(Ljava/util/regex/Matcher;ILjava/lang/CharSequence;)Z @ 44
Event: 14.526 Thread 0x0000000002866800 Uncommon trap: reason=bimorphic action=maybe_recompile pc=0x00007fe211b58d88 method=java.util.regex.Pattern$Start.match(Ljava/util/regex/Matcher;ILjava/lang/CharSequence;)Z @ 44
Event: 14.526 Thread 0x0000000002866800 Uncommon trap: reason=bimorphic action=maybe_recompile pc=0x00007fe211b58d88 method=java.util.regex.Pattern$Start.match(Ljava/util/regex/Matcher;ILjava/lang/CharSequence;)Z @ 44
Event: 14.526 Thread 0x0000000002866800 Uncommon trap: reason=bimorphic action=maybe_recompile pc=0x00007fe211b58d88 method=java.util.regex.Pattern$Start.match(Ljava/util/regex/Matcher;ILjava/lang/CharSequence;)Z @ 44
Event: 14.528 Thread 0x0000000002866800 Uncommon trap: reason=bimorphic action=maybe_recompile pc=0x00007fe211b42170 method=java.util.regex.Pattern$Start.match(Ljava/util/regex/Matcher;ILjava/lang/CharSequence;)Z @ 44
Event: 15.942 Thread 0x0000000002866800 Uncommon trap: reason=unreached action=reinterpret pc=0x00007fe211be7690 method=edu.brown.cs.dshieble.finalproject.MarkovManager.<init>(Ljava/util/List;[Ljava/lang/String;)V @ 408
Event: 21.039 Thread 0x0000000002866800 Uncommon trap: reason=unreached action=reinterpret pc=0x00007fe211c0c918 method=edu.brown.cs.dshieble.finalproject.MarkovManager.<init>(Ljava/util/List;[Ljava/lang/String;)V @ 501

Internal exceptions (10 events):
Event: 14.494 Thread 0x0000000002866800 Exception <a 'java/lang/NullPointerException'> (0x00000000dbe6ed00) thrown at [/HUDSON/workspace/8-2-build-linux-amd64/jdk8u25/1514/hotspot/src/share/vm/runtime/sharedRuntime.cpp, line 604]
Event: 14.494 Thread 0x0000000002866800 Implicit null exception at 0x00007fe211b8fe90 to 0x00007fe211b92513
Event: 14.494 Thread 0x0000000002866800 Exception <a 'java/lang/NullPointerException'> (0x00000000dbe6f408) thrown at [/HUDSON/workspace/8-2-build-linux-amd64/jdk8u25/1514/hotspot/src/share/vm/runtime/sharedRuntime.cpp, line 604]
Event: 14.525 Thread 0x0000000002866800 Exception <a 'java/security/PrivilegedActionException'> (0x00000000dc7ff838) thrown at [/HUDSON/workspace/8-2-build-linux-amd64/jdk8u25/1514/hotspot/src/share/vm/prims/jvm.cpp, line 1312]
Event: 21.040 Thread 0x0000000002866800 Exception <a 'java/security/PrivilegedActionException'> (0x00000000e659e4f8) thrown at [/HUDSON/workspace/8-2-build-linux-amd64/jdk8u25/1514/hotspot/src/share/vm/prims/jvm.cpp, line 1312]
Event: 21.040 Thread 0x0000000002866800 Exception <a 'java/security/PrivilegedActionException'> (0x00000000e65a19a0) thrown at [/HUDSON/workspace/8-2-build-linux-amd64/jdk8u25/1514/hotspot/src/share/vm/prims/jvm.cpp, line 1312]
Event: 21.041 Thread 0x0000000002866800 Exception <a 'java/security/PrivilegedActionException'> (0x00000000e65a5c30) thrown at [/HUDSON/workspace/8-2-build-linux-amd64/jdk8u25/1514/hotspot/src/share/vm/prims/jvm.cpp, line 1312]
Event: 21.041 Thread 0x0000000002866800 Exception <a 'java/security/PrivilegedActionException'> (0x00000000e65a9920) thrown at [/HUDSON/workspace/8-2-build-linux-amd64/jdk8u25/1514/hotspot/src/share/vm/prims/jvm.cpp, line 1312]
Event: 21.041 Thread 0x0000000002866800 Exception <a 'java/security/PrivilegedActionException'> (0x00000000e65ad410) thrown at [/HUDSON/workspace/8-2-build-linux-amd64/jdk8u25/1514/hotspot/src/share/vm/prims/jvm.cpp, line 1312]
Event: 21.041 Thread 0x0000000002866800 Exception <a 'java/security/PrivilegedActionException'> (0x00000000e65b14e0) thrown at [/HUDSON/workspace/8-2-build-linux-amd64/jdk8u25/1514/hotspot/src/share/vm/prims/jvm.cpp, line 1312]

Events (10 events):
Event: 21.040 loading class com/google/common/collect/Multisets$ElementSet
Event: 21.040 loading class com/google/common/collect/Multisets$ElementSet done
Event: 21.041 loading class com/google/common/collect/Multisets$ElementSet$1
Event: 21.041 loading class com/google/common/collect/Multisets$ElementSet$1 done
Event: 21.041 loading class com/google/common/collect/TransformedIterator
Event: 21.041 loading class com/google/common/collect/TransformedIterator done
Event: 21.041 loading class com/google/common/collect/AbstractMapBasedMultiset$1$1
Event: 21.041 loading class com/google/common/collect/AbstractMapBasedMultiset$1$1 done
Event: 21.041 loading class com/google/common/collect/Multisets$AbstractEntry
Event: 21.041 loading class com/google/common/collect/Multisets$AbstractEntry done


Dynamic libraries:
00400000-00401000 r-xp 00000000 00:14 138267735                          /gpfs/main/course/cs032/bin/jdk1.8.0_25/bin/java
00600000-00601000 rw-p 00000000 00:14 138267735                          /gpfs/main/course/cs032/bin/jdk1.8.0_25/bin/java
02059000-03322000 rw-p 00000000 00:00 0                                  [heap]
82e00000-8bf00000 rw-p 00000000 00:00 0 
8bf00000-d6500000 ---p 00000000 00:00 0 
d6500000-fe180000 rw-p 00000000 00:00 0 
fe180000-100000000 ---p 00000000 00:00 0 
100000000-100180000 rw-p 00000000 00:00 0 
100180000-140000000 ---p 00000000 00:00 0 
7fe1fc000000-7fe1fc4f8000 rw-p 00000000 00:00 0 
7fe1fc4f8000-7fe200000000 ---p 00000000 00:00 0 
7fe204000000-7fe204eeb000 rw-p 00000000 00:00 0 
7fe204eeb000-7fe208000000 ---p 00000000 00:00 0 
7fe2084c9000-7fe2084d2000 rw-p 00000000 00:00 0 
7fe2084d2000-7fe2084d5000 ---p 00000000 00:00 0 
7fe2084d5000-7fe2085d3000 rw-p 00000000 00:00 0 
7fe2085d3000-7fe2085d6000 ---p 00000000 00:00 0 
7fe2085d6000-7fe2086d4000 rw-p 00000000 00:00 0 
7fe2086d4000-7fe2086d7000 ---p 00000000 00:00 0 
7fe2086d7000-7fe2087d5000 rw-p 00000000 00:00 0 
7fe2087d5000-7fe2087d8000 ---p 00000000 00:00 0 
7fe2087d8000-7fe2088d6000 rw-p 00000000 00:00 0 
7fe2088d6000-7fe2088d9000 ---p 00000000 00:00 0 
7fe2088d9000-7fe2089d7000 rw-p 00000000 00:00 0 
7fe2089d7000-7fe2089da000 ---p 00000000 00:00 0 
7fe2089da000-7fe208c18000 rw-p 00000000 00:00 0 
7fe208c18000-7fe208cd8000 ---p 00000000 00:00 0 
7fe208cd8000-7fe208cdb000 ---p 00000000 00:00 0 
7fe208cdb000-7fe208fd9000 rw-p 00000000 00:00 0 
7fe208fd9000-7fe208fdc000 ---p 00000000 00:00 0 
7fe208fdc000-7fe2090da000 rw-p 00000000 00:00 0 
7fe2090da000-7fe2090dd000 ---p 00000000 00:00 0 
7fe2090dd000-7fe2091db000 rw-p 00000000 00:00 0 
7fe2091db000-7fe2091de000 ---p 00000000 00:00 0 
7fe2091de000-7fe2092dc000 rw-p 00000000 00:00 0 
7fe2092dc000-7fe2092df000 ---p 00000000 00:00 0 
7fe2092df000-7fe2093dd000 rw-p 00000000 00:00 0 
7fe2093dd000-7fe2093e0000 ---p 00000000 00:00 0 
7fe2093e0000-7fe2094de000 rw-p 00000000 00:00 0 
7fe2094de000-7fe2094e1000 ---p 00000000 00:00 0 
7fe2094e1000-7fe2095df000 rw-p 00000000 00:00 0 
7fe2095df000-7fe2095e2000 ---p 00000000 00:00 0 
7fe2095e2000-7fe2096e0000 rw-p 00000000 00:00 0 
7fe2096e0000-7fe2096e3000 ---p 00000000 00:00 0 
7fe2096e3000-7fe2097e1000 rw-p 00000000 00:00 0 
7fe2097e1000-7fe2097e4000 ---p 00000000 00:00 0 
7fe2097e4000-7fe2098e2000 rw-p 00000000 00:00 0 
7fe2098e2000-7fe2098e5000 ---p 00000000 00:00 0 
7fe2098e5000-7fe2099e3000 rw-p 00000000 00:00 0 
7fe2099e3000-7fe2099e5000 r--s 0001a000 00:14 135783392                  /gpfs/main/course/cs032/bin/jdk1.8.0_25/jre/lib/jce.jar
7fe2099e5000-7fe2099e8000 ---p 00000000 00:00 0 
7fe2099e8000-7fe209ae6000 rw-p 00000000 00:00 0 
7fe209ae6000-7fe209afc000 r-xp 00000000 00:14 136610987                  /gpfs/main/course/cs032/bin/jdk1.8.0_25/jre/lib/amd64/libnet.so
7fe209afc000-7fe209cfc000 ---p 00016000 00:14 136610987                  /gpfs/main/course/cs032/bin/jdk1.8.0_25/jre/lib/amd64/libnet.so
7fe209cfc000-7fe209cfd000 rw-p 00016000 00:14 136610987                  /gpfs/main/course/cs032/bin/jdk1.8.0_25/jre/lib/amd64/libnet.so
7fe209cfd000-7fe209d0e000 r-xp 00000000 00:14 136611464                  /gpfs/main/course/cs032/bin/jdk1.8.0_25/jre/lib/amd64/libnio.so
7fe209d0e000-7fe209f0d000 ---p 00011000 00:14 136611464                  /gpfs/main/course/cs032/bin/jdk1.8.0_25/jre/lib/amd64/libnio.so
7fe209f0d000-7fe209f0e000 rw-p 00010000 00:14 136611464                  /gpfs/main/course/cs032/bin/jdk1.8.0_25/jre/lib/amd64/libnio.so
7fe209f0e000-7fe209fc2000 r-xp 00000000 fe:04 1005                       /tmp/sqlite-3.8.7-aa23641e-ecc1-45de-8ecb-9d58cf0035f4-libsqlitejdbc.so
7fe209fc2000-7fe20a1c2000 ---p 000b4000 fe:04 1005                       /tmp/sqlite-3.8.7-aa23641e-ecc1-45de-8ecb-9d58cf0035f4-libsqlitejdbc.so
7fe20a1c2000-7fe20a1c7000 rw-p 000b4000 fe:04 1005                       /tmp/sqlite-3.8.7-aa23641e-ecc1-45de-8ecb-9d58cf0035f4-libsqlitejdbc.so
7fe20a1c7000-7fe20a1cb000 r--s 00093000 00:14 136611567                  /gpfs/main/course/cs032/bin/jdk1.8.0_25/jre/lib/jsse.jar
7fe20a1cb000-7fe20a1e7000 r--s 00393000 00:14 136611667                  /gpfs/main/course/cs032/bin/jdk1.8.0_25/jre/lib/ext/cldrdata.jar
7fe20a1e7000-7fe20a1f1000 r--s 00116000 00:14 136611642                  /gpfs/main/course/cs032/bin/jdk1.8.0_25/jre/lib/ext/localedata.jar
7fe20a1f1000-7fe20a1f4000 r--s 003c4000 00:18 13693093                   /gpfs/nbu/people/dshieble/.m2/repository/org/xerial/sqlite-jdbc/3.8.7/sqlite-jdbc-3.8.7.jar
7fe20a1f4000-7fe20a205000 r--s 000d3000 00:18 12865438                   /gpfs/nbu/people/dshieble/.m2/repository/org/freemarker/freemarker/2.3.19/freemarker-2.3.19.jar
7fe20a205000-7fe20a206000 r--s 00000000 00:18 13693105                   /gpfs/nbu/people/dshieble/.m2/repository/com/sparkjava/spark-template-freemarker/2.0.0/spark-template-freemarker-2.0.0.jar
7fe20a206000-7fe20a209000 r--s 00014000 00:18 13693011                   /gpfs/nbu/people/dshieble/.m2/repository/org/eclipse/jetty/jetty-security/9.0.2.v20130417/jetty-security-9.0.2.v20130417.jar
7fe20a209000-7fe20a20b000 r--s 00018000 00:18 12865372                   /gpfs/nbu/people/dshieble/.m2/repository/org/eclipse/jetty/jetty-servlet/9.0.2.v20130417/jetty-servlet-9.0.2.v20130417.jar
7fe20a20b000-7fe20a20d000 r--s 00009000 00:18 12865266                   /gpfs/nbu/people/dshieble/.m2/repository/org/eclipse/jetty/jetty-xml/9.0.2.v20130417/jetty-xml-9.0.2.v20130417.jar
7fe20a20d000-7fe20a210000 r--s 00019000 00:18 13693437                   /gpfs/nbu/people/dshieble/.m2/repository/org/eclipse/jetty/jetty-webapp/9.0.2.v20130417/jetty-webapp-9.0.2.v20130417.jar
7fe20a210000-7fe20a213000 r--s 00012000 00:18 12865356                   /gpfs/nbu/people/dshieble/.m2/repository/org/eclipse/jetty/jetty-io/9.0.2.v20130417/jetty-io-9.0.2.v20130417.jar
7fe20a213000-7fe20a218000 r--s 0004c000 00:18 12865348                   /gpfs/nbu/people/dshieble/.m2/repository/org/eclipse/jetty/jetty-util/9.0.2.v20130417/jetty-util-9.0.2.v20130417.jar
7fe20a218000-7fe20a21b000 r--s 00017000 00:18 12865320                   /gpfs/nbu/people/dshieble/.m2/repository/org/eclipse/jetty/jetty-http/9.0.2.v20130417/jetty-http-9.0.2.v20130417.jar
7fe20a21b000-7fe20a21e000 r--s 0002e000 00:18 12865347                   /gpfs/nbu/people/dshieble/.m2/repository/org/eclipse/jetty/orbit/javax.servlet/3.0.0.v201112011016/javax.servlet-3.0.0.v201112011016.jar
7fe20a21e000-7fe20a249000 r--s 001fc000 00:18 12865285                   /gpfs/nbu/people/dshieble/.m2/repository/com/google/guava/guava/18.0/guava-18.0.jar
7fe20a249000-7fe20a25f000 r--s 004b7000 00:15 249618147                  /gpfs/main/home/dshieble/course/cs032/cs032-project/cs032-project/target/cs032-project-1.0.jar
7fe20a25f000-7fe20a260000 ---p 00000000 00:00 0 
7fe20a260000-7fe20a360000 rw-p 00000000 00:00 0 
7fe20a360000-7fe20a363000 ---p 00000000 00:00 0 
7fe20a363000-7fe20a461000 rw-p 00000000 00:00 0 
7fe20a461000-7fe20a464000 ---p 00000000 00:00 0 
7fe20a464000-7fe20a562000 rw-p 00000000 00:00 0 
7fe20a562000-7fe20a565000 ---p 00000000 00:00 0 
7fe20a565000-7fe20a663000 rw-p 00000000 00:00 0 
7fe20a663000-7fe20a666000 ---p 00000000 00:00 0 
7fe20a666000-7fe20a764000 rw-p 00000000 00:00 0 
7fe20a764000-7fe20a767000 ---p 00000000 00:00 0 
7fe20a767000-7fe20a865000 rw-p 00000000 00:00 0 
7fe20a865000-7fe20a868000 ---p 00000000 00:00 0 
7fe20a868000-7fe20a966000 rw-p 00000000 00:00 0 
7fe20a966000-7fe20a969000 ---p 00000000 00:00 0 
7fe20a969000-7fe20aa67000 rw-p 00000000 00:00 0 
7fe20aa67000-7fe20aa68000 ---p 00000000 00:00 0 
7fe20aa68000-7fe20bb6b000 rw-p 00000000 00:00 0 
7fe20bb6b000-7fe20bd41000 r--s 03caa000 00:14 136611550                  /gpfs/main/course/cs032/bin/jdk1.8.0_25/jre/lib/rt.jar
7fe20bd41000-7fe2108b3000 rw-p 00000000 00:00 0 
7fe2108b3000-7fe2108b4000 ---p 00000000 00:00 0 
7fe2108b4000-7fe2109b4000 rw-p 00000000 00:00 0 
7fe2109b4000-7fe2109b5000 ---p 00000000 00:00 0 
7fe2109b5000-7fe210ab5000 rw-p 00000000 00:00 0 
7fe210ab5000-7fe210ab6000 ---p 00000000 00:00 0 
7fe210ab6000-7fe210bb6000 rw-p 00000000 00:00 0 
7fe210bb6000-7fe210bb7000 ---p 00000000 00:00 0 
7fe210bb7000-7fe210d00000 rw-p 00000000 00:00 0 
7fe210d00000-7fe210f53000 ---p 00000000 00:00 0 
7fe210f53000-7fe210f9c000 rw-p 00000000 00:00 0 
7fe210f9c000-7fe2111ee000 ---p 00000000 00:00 0 
7fe2111ee000-7fe21132d000 rw-p 00000000 00:00 0 
7fe21132d000-7fe21133c000 ---p 00000000 00:00 0 
7fe21133c000-7fe211352000 rw-p 00000000 00:00 0 
7fe211352000-7fe2116fd000 ---p 00000000 00:00 0 
7fe2116fd000-7fe211c1d000 rwxp 00000000 00:00 0 
7fe211c1d000-7fe2206fd000 ---p 00000000 00:00 0 
7fe2206fd000-7fe220717000 r-xp 00000000 00:14 136610880                  /gpfs/main/course/cs032/bin/jdk1.8.0_25/jre/lib/amd64/libzip.so
7fe220717000-7fe220917000 ---p 0001a000 00:14 136610880                  /gpfs/main/course/cs032/bin/jdk1.8.0_25/jre/lib/amd64/libzip.so
7fe220917000-7fe220918000 rw-p 0001a000 00:14 136610880                  /gpfs/main/course/cs032/bin/jdk1.8.0_25/jre/lib/amd64/libzip.so
7fe220918000-7fe220942000 r-xp 00000000 00:14 136610822                  /gpfs/main/course/cs032/bin/jdk1.8.0_25/jre/lib/amd64/libjava.so
7fe220942000-7fe220b42000 ---p 0002a000 00:14 136610822                  /gpfs/main/course/cs032/bin/jdk1.8.0_25/jre/lib/amd64/libjava.so
7fe220b42000-7fe220b44000 rw-p 0002a000 00:14 136610822                  /gpfs/main/course/cs032/bin/jdk1.8.0_25/jre/lib/amd64/libjava.so
7fe220b44000-7fe220b51000 r-xp 00000000 00:14 136610855                  /gpfs/main/course/cs032/bin/jdk1.8.0_25/jre/lib/amd64/libverify.so
7fe220b51000-7fe220d51000 ---p 0000d000 00:14 136610855                  /gpfs/main/course/cs032/bin/jdk1.8.0_25/jre/lib/amd64/libverify.so
7fe220d51000-7fe220d53000 rw-p 0000d000 00:14 136610855                  /gpfs/main/course/cs032/bin/jdk1.8.0_25/jre/lib/amd64/libverify.so
7fe220d53000-7fe220d5a000 r-xp 00000000 fe:00 2691                       /lib/x86_64-linux-gnu/librt-2.13.so
7fe220d5a000-7fe220f59000 ---p 00007000 fe:00 2691                       /lib/x86_64-linux-gnu/librt-2.13.so
7fe220f59000-7fe220f5a000 r--p 00006000 fe:00 2691                       /lib/x86_64-linux-gnu/librt-2.13.so
7fe220f5a000-7fe220f5b000 rw-p 00007000 fe:00 2691                       /lib/x86_64-linux-gnu/librt-2.13.so
7fe220f5b000-7fe220fdc000 r-xp 00000000 fe:00 2389                       /lib/x86_64-linux-gnu/libm-2.13.so
7fe220fdc000-7fe2211db000 ---p 00081000 fe:00 2389                       /lib/x86_64-linux-gnu/libm-2.13.so
7fe2211db000-7fe2211dc000 r--p 00080000 fe:00 2389                       /lib/x86_64-linux-gnu/libm-2.13.so
7fe2211dc000-7fe2211dd000 rw-p 00081000 fe:00 2389                       /lib/x86_64-linux-gnu/libm-2.13.so
7fe2211dd000-7fe221e4a000 r-xp 00000000 00:14 136611394                  /gpfs/main/course/cs032/bin/jdk1.8.0_25/jre/lib/amd64/server/libjvm.so
7fe221e4a000-7fe222049000 ---p 00c6d000 00:14 136611394                  /gpfs/main/course/cs032/bin/jdk1.8.0_25/jre/lib/amd64/server/libjvm.so
7fe222049000-7fe22211f000 rw-p 00c6c000 00:14 136611394                  /gpfs/main/course/cs032/bin/jdk1.8.0_25/jre/lib/amd64/server/libjvm.so
7fe22211f000-7fe222162000 rw-p 00000000 00:00 0 
7fe222162000-7fe2222e3000 r-xp 00000000 fe:00 2496                       /lib/x86_64-linux-gnu/libc-2.13.so
7fe2222e3000-7fe2224e3000 ---p 00181000 fe:00 2496                       /lib/x86_64-linux-gnu/libc-2.13.so
7fe2224e3000-7fe2224e7000 r--p 00181000 fe:00 2496                       /lib/x86_64-linux-gnu/libc-2.13.so
7fe2224e7000-7fe2224e8000 rw-p 00185000 fe:00 2496                       /lib/x86_64-linux-gnu/libc-2.13.so
7fe2224e8000-7fe2224ed000 rw-p 00000000 00:00 0 
7fe2224ed000-7fe2224ef000 r-xp 00000000 fe:00 2626                       /lib/x86_64-linux-gnu/libdl-2.13.so
7fe2224ef000-7fe2226ef000 ---p 00002000 fe:00 2626                       /lib/x86_64-linux-gnu/libdl-2.13.so
7fe2226ef000-7fe2226f0000 r--p 00002000 fe:00 2626                       /lib/x86_64-linux-gnu/libdl-2.13.so
7fe2226f0000-7fe2226f1000 rw-p 00003000 fe:00 2626                       /lib/x86_64-linux-gnu/libdl-2.13.so
7fe2226f1000-7fe222706000 r-xp 00000000 00:14 174988983                  /gpfs/main/course/cs032/bin/jdk1.8.0_25/lib/amd64/jli/libjli.so
7fe222706000-7fe222905000 ---p 00015000 00:14 174988983                  /gpfs/main/course/cs032/bin/jdk1.8.0_25/lib/amd64/jli/libjli.so
7fe222905000-7fe222906000 rw-p 00014000 00:14 174988983                  /gpfs/main/course/cs032/bin/jdk1.8.0_25/lib/amd64/jli/libjli.so
7fe222906000-7fe22291d000 r-xp 00000000 fe:00 2695                       /lib/x86_64-linux-gnu/libpthread-2.13.so
7fe22291d000-7fe222b1c000 ---p 00017000 fe:00 2695                       /lib/x86_64-linux-gnu/libpthread-2.13.so
7fe222b1c000-7fe222b1d000 r--p 00016000 fe:00 2695                       /lib/x86_64-linux-gnu/libpthread-2.13.so
7fe222b1d000-7fe222b1e000 rw-p 00017000 fe:00 2695                       /lib/x86_64-linux-gnu/libpthread-2.13.so
7fe222b1e000-7fe222b22000 rw-p 00000000 00:00 0 
7fe222b22000-7fe222b42000 r-xp 00000000 fe:00 2680                       /lib/x86_64-linux-gnu/ld-2.13.so
7fe222b42000-7fe222b47000 r--s 0004d000 00:18 12865336                   /gpfs/nbu/people/dshieble/.m2/repository/org/eclipse/jetty/jetty-server/9.0.2.v20130417/jetty-server-9.0.2.v20130417.jar
7fe222b47000-7fe222b4c000 r--s 0002f000 00:18 12865327                   /gpfs/nbu/people/dshieble/.m2/repository/com/google/code/gson/gson/2.3.1/gson-2.3.1.jar
7fe222b4c000-7fe222b4d000 r--s 00001000 00:18 12865312                   /gpfs/nbu/people/dshieble/.m2/repository/org/slf4j/slf4j-jdk14/1.7.7/slf4j-jdk14-1.7.7.jar
7fe222b4d000-7fe222b4f000 r--s 00006000 00:18 12865314                   /gpfs/nbu/people/dshieble/.m2/repository/org/slf4j/slf4j-api/1.7.7/slf4j-api-1.7.7.jar
7fe222b4f000-7fe222b55000 r--s 00045000 00:18 13693258                   /gpfs/nbu/people/dshieble/.m2/repository/org/hamcrest/hamcrest-all/1.3/hamcrest-all-1.3.jar
7fe222b55000-7fe222b57000 r--s 00009000 00:18 13693661                   /gpfs/nbu/people/dshieble/.m2/repository/org/hamcrest/hamcrest-core/1.3/hamcrest-core-1.3.jar
7fe222b57000-7fe222b5d000 r--s 00036000 00:18 13693494                   /gpfs/nbu/people/dshieble/.m2/repository/junit/junit/4.11/junit-4.11.jar
7fe222b5d000-7fe222c03000 r--s 00000000 00:0e 6008                       /run/nscd/dbJAixXU (deleted)
7fe222c03000-7fe222c06000 ---p 00000000 00:00 0 
7fe222c06000-7fe222d08000 rw-p 00000000 00:00 0 
7fe222d08000-7fe222d0b000 r--s 0000d000 00:18 12865309                   /gpfs/nbu/people/dshieble/.m2/repository/com/sparkjava/spark-core/2.0.0/spark-core-2.0.0.jar
7fe222d0b000-7fe222d0d000 r--s 0000e000 00:18 12865357                   /gpfs/nbu/people/dshieble/.m2/repository/net/sf/jopt-simple/jopt-simple/4.8/jopt-simple-4.8.jar
7fe222d0d000-7fe222d35000 rw-p 00000000 00:00 0 
7fe222d35000-7fe222d3d000 rw-s 00000000 fe:04 1004                       /tmp/hsperfdata_dshieble/27156
7fe222d3d000-7fe222d3e000 rw-p 00000000 00:00 0 
7fe222d3e000-7fe222d3f000 r--p 00000000 00:00 0 
7fe222d3f000-7fe222d41000 rw-p 00000000 00:00 0 
7fe222d41000-7fe222d42000 r--p 0001f000 fe:00 2680                       /lib/x86_64-linux-gnu/ld-2.13.so
7fe222d42000-7fe222d43000 rw-p 00020000 fe:00 2680                       /lib/x86_64-linux-gnu/ld-2.13.so
7fe222d43000-7fe222d44000 rw-p 00000000 00:00 0 
7fff45f0a000-7fff45f2b000 rw-p 00000000 00:00 0                          [stack]
7fff45f62000-7fff45f63000 r-xp 00000000 00:00 0                          [vdso]
ffffffffff600000-ffffffffff601000 r-xp 00000000 00:00 0                  [vsyscall]

VM Arguments:
java_command: edu.brown.cs.dshieble.main.Main
java_class_path (initial): target/cs032-project-1.0.jar:/home/dshieble/.m2/repository/net/sf/jopt-simple/jopt-simple/4.8/jopt-simple-4.8.jar:/home/dshieble/.m2/repository/junit/junit/4.11/junit-4.11.jar:/home/dshieble/.m2/repository/org/hamcrest/hamcrest-core/1.3/hamcrest-core-1.3.jar:/home/dshieble/.m2/repository/org/hamcrest/hamcrest-all/1.3/hamcrest-all-1.3.jar:/home/dshieble/.m2/repository/org/slf4j/slf4j-api/1.7.7/slf4j-api-1.7.7.jar:/home/dshieble/.m2/repository/org/slf4j/slf4j-jdk14/1.7.7/slf4j-jdk14-1.7.7.jar:/home/dshieble/.m2/repository/com/google/guava/guava/18.0/guava-18.0.jar:/home/dshieble/.m2/repository/com/google/code/gson/gson/2.3.1/gson-2.3.1.jar:/home/dshieble/.m2/repository/com/sparkjava/spark-core/2.0.0/spark-core-2.0.0.jar:/home/dshieble/.m2/repository/org/eclipse/jetty/jetty-server/9.0.2.v20130417/jetty-server-9.0.2.v20130417.jar:/home/dshieble/.m2/repository/org/eclipse/jetty/orbit/javax.servlet/3.0.0.v201112011016/javax.servlet-3.0.0.v201112011016.jar:/home/dshieble/.m2/repository/org/eclipse/jetty/jetty-http/9.0.2.v20130417/jetty-http-9.0.2.v20130417.jar:/home/dshieble/.m2/repository/org/eclipse/jetty/jetty-util/9.0.2.v20130417/jetty-util-9.0.2.v20130417.jar:/home/dshieble/.m2/repository/org/eclipse/jetty/jetty-io/9.0.2.v20130417/jetty-io-9.0.2.v20130417.jar:/home/dshieble/.m2/repository/org/eclipse/jetty/jetty-webapp/9.0.2.v20130417/jetty-webapp-9.0.2.v20130417.jar:/home/dshieble/.m2/repository/org/eclipse/jetty/jetty-xml/9.0.2.v20130417/jetty-xml-9.0.2.v20130417.jar:/home/dshieble/.m2/repository/org/eclipse/jetty/jetty-servlet/9.0.2.v20130417/jetty-servlet-9.0.2.v20130417.jar:/home/dshieble/.m2/repository/org/eclipse/jetty/jetty-security/9.0.2.v20130417/jetty-security-9.0.2.v20130417.jar:/home/dshieble/.m2/repository/com/sparkjava/spark-template-freemarker/2.0.0/spark-template-freemarker-2.0.0.jar:/home/dshieble/.m2/repository/org/freemarker/freemarker/2.3.19/freemarker-2.3.19.jar:/home/dshieble/.m2/repository/org/xerial/sqlite-jdbc/3.8
Launcher Type: SUN_STANDARD

Environment Variables:
PATH=/course/cs032/bin:/local/bin:/usr/local/bin:/bin:/usr/bin:/usr/X11R6/bin:/usr/games:/contrib/bin:/course/cs051/bin:/course/cs032/bin:/course/cs141/bin:/course/cs157/bin:/course/cs004/tabin:/course/cs004/bin:/admin/tasupport/bin:/course/cs053/tabin:/course/cs053/bin
SHELL=/bin/bash
DISPLAY=:4.0

Signal Handlers:
SIGSEGV: [libjvm.so+0xa79a80], sa_mask[0]=11111111011111111101111111111110, sa_flags=SA_RESTART|SA_SIGINFO
SIGBUS: [libjvm.so+0xa79a80], sa_mask[0]=11111111011111111101111111111110, sa_flags=SA_RESTART|SA_SIGINFO
SIGFPE: [libjvm.so+0x8e24e0], sa_mask[0]=11111111011111111101111111111110, sa_flags=SA_RESTART|SA_SIGINFO
SIGPIPE: [libjvm.so+0x8e24e0], sa_mask[0]=11111111011111111101111111111110, sa_flags=SA_RESTART|SA_SIGINFO
SIGXFSZ: [libjvm.so+0x8e24e0], sa_mask[0]=11111111011111111101111111111110, sa_flags=SA_RESTART|SA_SIGINFO
SIGILL: [libjvm.so+0x8e24e0], sa_mask[0]=11111111011111111101111111111110, sa_flags=SA_RESTART|SA_SIGINFO
SIGUSR1: SIG_DFL, sa_mask[0]=00000000000000000000000000000000, sa_flags=none
SIGUSR2: [libjvm.so+0x8e3d10], sa_mask[0]=00000000000000000000000000000000, sa_flags=SA_RESTART|SA_SIGINFO
SIGHUP: [libjvm.so+0x8e50d0], sa_mask[0]=11111111011111111101111111111110, sa_flags=SA_RESTART|SA_SIGINFO
SIGINT: [libjvm.so+0x8e50d0], sa_mask[0]=11111111011111111101111111111110, sa_flags=SA_RESTART|SA_SIGINFO
SIGTERM: [libjvm.so+0x8e50d0], sa_mask[0]=11111111011111111101111111111110, sa_flags=SA_RESTART|SA_SIGINFO
SIGQUIT: [libjvm.so+0x8e50d0], sa_mask[0]=11111111011111111101111111111110, sa_flags=SA_RESTART|SA_SIGINFO


---------------  S Y S T E M  ---------------

OS:PRETTY_NAME="Debian GNU/Linux 7 (wheezy)"
NAME="Debian GNU/Linux"
VERSION_ID="7"
VERSION="7 (wheezy)"
ID=debian
ANSI_COLOR="1;31"
HOME_URL="http://www.debian.org/"
SUPPORT_URL="http://www.debian.org/support/"
BUG_REPORT_URL="http://bugs.debian.org/"

uname:Linux 3.2.0-4-amd64 #1 SMP Debian 3.2.65-1+deb7u2 x86_64
libc:glibc 2.13 NPTL 2.13 
rlimit: STACK 8192k, CORE 0k, NPROC 63961, NOFILE 4096, AS infinity
load average:0.69 0.54 0.46

/proc/meminfo:
MemTotal:        8199880 kB
MemFree:         2653248 kB
Buffers:           87360 kB
Cached:          1632544 kB
SwapCached:       216188 kB
Active:          3532428 kB
Inactive:        1553584 kB
Active(anon):    2891144 kB
Inactive(anon):   524164 kB
Active(file):     641284 kB
Inactive(file):  1029420 kB
Unevictable:           0 kB
Mlocked:               0 kB
SwapTotal:       8388604 kB
SwapFree:        7306900 kB
Dirty:              1244 kB
Writeback:             0 kB
AnonPages:       3195244 kB
Mapped:           326024 kB
Shmem:             49200 kB
Slab:             310032 kB
SReclaimable:     256536 kB
SUnreclaim:        53496 kB
KernelStack:        6720 kB
PageTables:        52084 kB
NFS_Unstable:        360 kB
Bounce:                0 kB
WritebackTmp:          0 kB
CommitLimit:    12488544 kB
Committed_AS:    8852552 kB
VmallocTotal:   34359738367 kB
VmallocUsed:      332500 kB
VmallocChunk:   34359397620 kB
HardwareCorrupted:     0 kB
AnonHugePages:         0 kB
HugePages_Total:       0
HugePages_Free:        0
HugePages_Rsvd:        0
HugePages_Surp:        0
Hugepagesize:       2048 kB
DirectMap4k:     5164608 kB
DirectMap2M:     3223552 kB


CPU:total 4 (4 cores per cpu, 1 threads per core) family 6 model 15 stepping 11, cmov, cx8, fxsr, mmx, sse, sse2, sse3, ssse3, tsc

/proc/cpuinfo:
processor	: 0
vendor_id	: GenuineIntel
cpu family	: 6
model		: 15
model name	: Intel(R) Core(TM)2 Quad CPU    Q6600  @ 2.40GHz
stepping	: 11
microcode	: 0xb6
cpu MHz		: 2400.069
cache size	: 4096 KB
physical id	: 0
siblings	: 4
core id		: 0
cpu cores	: 4
apicid		: 0
initial apicid	: 0
fpu		: yes
fpu_exception	: yes
cpuid level	: 10
wp		: yes
flags		: fpu vme de pse tsc msr pae mce cx8 apic sep mtrr pge mca cmov pat pse36 clflush dts acpi mmx fxsr sse sse2 ss ht tm pbe syscall nx lm constant_tsc arch_perfmon pebs bts rep_good nopl aperfmperf pni dtes64 monitor ds_cpl vmx est tm2 ssse3 cx16 xtpr pdcm lahf_lm dtherm tpr_shadow vnmi flexpriority
bogomips	: 4800.13
clflush size	: 64
cache_alignment	: 64
address sizes	: 36 bits physical, 48 bits virtual
power management:

processor	: 1
vendor_id	: GenuineIntel
cpu family	: 6
model		: 15
model name	: Intel(R) Core(TM)2 Quad CPU    Q6600  @ 2.40GHz
stepping	: 11
microcode	: 0xb6
cpu MHz		: 2400.069
cache size	: 4096 KB
physical id	: 0
siblings	: 4
core id		: 1
cpu cores	: 4
apicid		: 1
initial apicid	: 1
fpu		: yes
fpu_exception	: yes
cpuid level	: 10
wp		: yes
flags		: fpu vme de pse tsc msr pae mce cx8 apic sep mtrr pge mca cmov pat pse36 clflush dts acpi mmx fxsr sse sse2 ss ht tm pbe syscall nx lm constant_tsc arch_perfmon pebs bts rep_good nopl aperfmperf pni dtes64 monitor ds_cpl vmx est tm2 ssse3 cx16 xtpr pdcm lahf_lm dtherm tpr_shadow vnmi flexpriority
bogomips	: 4800.22
clflush size	: 64
cache_alignment	: 64
address sizes	: 36 bits physical, 48 bits virtual
power management:

processor	: 2
vendor_id	: GenuineIntel
cpu family	: 6
model		: 15
model name	: Intel(R) Core(TM)2 Quad CPU    Q6600  @ 2.40GHz
stepping	: 11
microcode	: 0xb6
cpu MHz		: 2400.069
cache size	: 4096 KB
physical id	: 0
siblings	: 4
core id		: 2
cpu cores	: 4
apicid		: 2
initial apicid	: 2
fpu		: yes
fpu_exception	: yes
cpuid level	: 10
wp		: yes
flags		: fpu vme de pse tsc msr pae mce cx8 apic sep mtrr pge mca cmov pat pse36 clflush dts acpi mmx fxsr sse sse2 ss ht tm pbe syscall nx lm constant_tsc arch_perfmon pebs bts rep_good nopl aperfmperf pni dtes64 monitor ds_cpl vmx est tm2 ssse3 cx16 xtpr pdcm lahf_lm dtherm tpr_shadow vnmi flexpriority
bogomips	: 4800.28
clflush size	: 64
cache_alignment	: 64
address sizes	: 36 bits physical, 48 bits virtual
power management:

processor	: 3
vendor_id	: GenuineIntel
cpu family	: 6
model		: 15
model name	: Intel(R) Core(TM)2 Quad CPU    Q6600  @ 2.40GHz
stepping	: 11
microcode	: 0xb6
cpu MHz		: 2400.069
cache size	: 4096 KB
physical id	: 0
siblings	: 4
core id		: 3
cpu cores	: 4
apicid		: 3
initial apicid	: 3
fpu		: yes
fpu_exception	: yes
cpuid level	: 10
wp		: yes
flags		: fpu vme de pse tsc msr pae mce cx8 apic sep mtrr pge mca cmov pat pse36 clflush dts acpi mmx fxsr sse sse2 ss ht tm pbe syscall nx lm constant_tsc arch_perfmon pebs bts rep_good nopl aperfmperf pni dtes64 monitor ds_cpl vmx est tm2 ssse3 cx16 xtpr pdcm lahf_lm dtherm tpr_shadow vnmi flexpriority
bogomips	: 4800.25
clflush size	: 64
cache_alignment	: 64
address sizes	: 36 bits physical, 48 bits virtual
power management:



Memory: 4k page, physical 8199880k(2653248k free), swap 8388604k(7306900k free)

vm_info: Java HotSpot(TM) 64-Bit Server VM (25.25-b02) for linux-amd64 JRE (1.8.0_25-b17), built on Sep 17 2014 17:32:11 by "java_re" with gcc 4.3.0 20080428 (Red Hat 4.3.0-8)

time: Sat May  2 16:56:32 2015
elapsed time: 21 seconds (0d 0h 0m 21s)

