#
# A fatal error has been detected by the Java Runtime Environment:
#
#  SIGSEGV (0xb) at pc=0x00007f3118bcf060, pid=20116, tid=139849701947136
#
# JRE version: Java(TM) SE Runtime Environment (8.0_25-b17) (build 1.8.0_25-b17)
# Java VM: Java HotSpot(TM) 64-Bit Server VM (25.25-b02 mixed mode linux-amd64 compressed oops)
# Problematic frame:
# C  0x00007f3118bcf060
#
# Failed to write core dump. Core dumps have been disabled. To enable core dumping, try "ulimit -c unlimited" before starting Java again
#
# If you would like to submit a bug report, please visit:
#   http://bugreport.sun.com/bugreport/crash.jsp
#

---------------  T H R E A D  ---------------

Current thread (0x0000000001fd0000):  JavaThread "qtp2024170453-14" [_thread_in_Java, id=20133, stack(0x00007f314bbe7000,0x00007f314bce8000)]

siginfo: si_signo: 11 (SIGSEGV), si_code: 1 (SEGV_MAPERR), si_addr: 0x00007f3118bcf060

Registers:
RAX=0x00007f31526fd678, RBX=0x00007f31526fd678, RCX=0x00000000dcd5eec8, RDX=0x00007f314afc1c40
RSP=0x00007f314bce5ef8, RBP=0x00007f314bce5f58, RSI=0x00000000dcd5eec8, RDI=0x0000000082fb4688
R8 =0x0000000082fb4608, R9 =0x00000000000127ac, R10=0x00007f31686064a0, R11=0x00007f3157e6dda0
R12=0x0000000000000000, R13=0x00007f314bce5f10, R14=0x00000001000914c8, R15=0x0000000001fd0000
RIP=0x00007f3118bcf060, EFLAGS=0x0000000000010206, CSGSFS=0x0000000000000033, ERR=0x0000000000000014
  TRAPNO=0x000000000000000e

Top of Stack: (sp=0x00007f314bce5ef8)
0x00007f314bce5ef8:   00007f3157bd11a5 00007f3157bd1710
0x00007f314bce5f08:   00007f3157bd11a5 00000000dcd5eec8
0x00007f314bce5f18:   00007f314bce5f18 00007f315279bcc6
0x00007f314bce5f28:   00007f314bce5ff8 00007f315279c870
0x00007f314bce5f38:   00007f314afc1c40 00007f315279bf20
0x00007f314bce5f48:   00007f314bce5f10 00007f314bce5fe0
0x00007f314bce5f58:   00007f314bce6040 00007f3157bd198d
0x00007f314bce5f68:   0000000000000000 0000000000000000
0x00007f314bce5f78:   0000000000000000 0000000000000000
0x00007f314bce5f88:   00000000dcd14d58 3ec8fbd6df6160aa
0x00007f314bce5f98:   0000000000000000 00000000de601648
0x00007f314bce5fa8:   00000000dcd5eec8 0000000082fb4658
0x00007f314bce5fb8:   0000000083146848 00000000dcd18118
0x00007f314bce5fc8:   00000000dcd17f78 0000000000000001
0x00007f314bce5fd8:   00000000dcca2908 00000000dcbaa460
0x00007f314bce5fe8:   0000000000000003 0000000000000002
0x00007f314bce5ff8:   0000000084589d00 00007f314bce6000
0x00007f314bce6008:   00007f315279b9e0 00007f314bce6068
0x00007f314bce6018:   00007f315279c870 0000000000000000
0x00007f314bce6028:   00007f315279ba68 00007f314bce5fe0
0x00007f314bce6038:   00007f314bce6060 00007f314bce60b0
0x00007f314bce6048:   00007f3157bd1710 0000000000000002
0x00007f314bce6058:   0000000000000001 00000000dcbaa460
0x00007f314bce6068:   0000000084589d00 00007f314bce6070
0x00007f314bce6078:   00007f3152912a3c 00007f314bce6120
0x00007f314bce6088:   00007f3152912d20 0000000000000000
0x00007f314bce6098:   00007f3152912b88 00007f314bce6060
0x00007f314bce60a8:   00007f314bce6110 00007f314bce6168
0x00007f314bce60b8:   00007f3157bd17e4 00000000d6d74ea0
0x00007f314bce60c8:   0000000000000143 0000000000000143
0x00007f314bce60d8:   00000000de6c1988 00000000de6c19a0
0x00007f314bce60e8:   00000000de6c2950 00000000dcbaa460 

Instructions: (pc=0x00007f3118bcf060)
0x00007f3118bcf040:   
[error occurred during error reporting (printing registers, top of stack, instructions near pc), id 0xb]

Register to memory mapping:

RAX={method} {0x00007f31526fd678} 'hasNext' '()Z' in 'java/util/HashMap$HashIterator'
RBX={method} {0x00007f31526fd678} 'hasNext' '()Z' in 'java/util/HashMap$HashIterator'
RCX=0x00000000dcd5eec8 is an oop
java.util.HashMap$KeyIterator 
 - klass: 'java/util/HashMap$KeyIterator'
RDX=0x00007f314afc1c40 is pointing into metadata
RSP=0x00007f314bce5ef8 is pointing into the stack for thread: 0x0000000001fd0000
RBP=0x00007f314bce5f58 is pointing into the stack for thread: 0x0000000001fd0000
RSI=0x00000000dcd5eec8 is an oop
java.util.HashMap$KeyIterator 
 - klass: 'java/util/HashMap$KeyIterator'
RDI=0x0000000082fb4688 is an oop
[Ljava.util.HashMap$Node; 
 - klass: 'java/util/HashMap$Node'[]
 - length: 16
R8 =0x0000000082fb4608 is an oop
java.util.HashMap$Node 
 - klass: 'java/util/HashMap$Node'
R9 =0x00000000000127ac is an unknown value
R10=0x00007f31686064a0: <offset 0xf5c4a0> in /gpfs/main/course/cs032/bin/jdk1.8.0_25/jre/lib/amd64/server/libjvm.so at 0x00007f31676aa000
R11=0x00007f3157e6dda0 is at entry_point+32 in (nmethod*)0x00007f3157e6dc10
R12=0x0000000000000000 is an unknown value
R13=0x00007f314bce5f10 is pointing into the stack for thread: 0x0000000001fd0000
R14=0x00000001000914c8 is pointing into metadata
R15=0x0000000001fd0000 is a thread


Stack: [0x00007f314bbe7000,0x00007f314bce8000],  sp=0x00007f314bce5ef8,  free space=1019k
Native frames: (J=compiled Java code, j=interpreted, Vv=VM code, C=native code)
C  0x00007f3118bcf060
j  edu.brown.cs.qc14.parser.Parser.testParsing([Ljava/lang/String;)Ljava/lang/String;+48
j  edu.brown.cs.dshieble.finalproject.GUIManager$ResultsHandler.handle(Lspark/Request;Lspark/Response;)Ljava/lang/Object;+420
j  spark.SparkBase$1.handle(Lspark/Request;Lspark/Response;)Ljava/lang/Object;+6
j  spark.webserver.MatcherFilter.doFilter(Ljavax/servlet/ServletRequest;Ljavax/servlet/ServletResponse;Ljavax/servlet/FilterChain;)V+370
j  spark.webserver.JettyHandler.doHandle(Ljava/lang/String;Lorg/eclipse/jetty/server/Request;Ljavax/servlet/http/HttpServletRequest;Ljavax/servlet/http/HttpServletResponse;)V+22
j  org.eclipse.jetty.server.session.SessionHandler.doScope(Ljava/lang/String;Lorg/eclipse/jetty/server/Request;Ljavax/servlet/http/HttpServletRequest;Ljavax/servlet/http/HttpServletResponse;)V+267
j  org.eclipse.jetty.server.handler.ScopedHandler.handle(Ljava/lang/String;Lorg/eclipse/jetty/server/Request;Ljavax/servlet/http/HttpServletRequest;Ljavax/servlet/http/HttpServletResponse;)V+20
j  org.eclipse.jetty.server.handler.HandlerList.handle(Ljava/lang/String;Lorg/eclipse/jetty/server/Request;Ljavax/servlet/http/HttpServletRequest;Ljavax/servlet/http/HttpServletResponse;)V+39
j  org.eclipse.jetty.server.handler.HandlerWrapper.handle(Ljava/lang/String;Lorg/eclipse/jetty/server/Request;Ljavax/servlet/http/HttpServletRequest;Ljavax/servlet/http/HttpServletResponse;)V+23
j  org.eclipse.jetty.server.Server.handle(Lorg/eclipse/jetty/server/HttpChannel;)V+118
j  org.eclipse.jetty.server.HttpChannel.run()V+204
j  org.eclipse.jetty.server.HttpConnection.onFillable()V+284
j  org.eclipse.jetty.io.AbstractConnection$ReadCallback.run()V+23
j  org.eclipse.jetty.util.thread.QueuedThreadPool.runJob(Ljava/lang/Runnable;)V+1
j  org.eclipse.jetty.util.thread.QueuedThreadPool$3.run()V+73
j  java.lang.Thread.run()V+11
v  ~StubRoutines::call_stub
V  [libjvm.so+0x664086]  JavaCalls::call_helper(JavaValue*, methodHandle*, JavaCallArguments*, Thread*)+0x1056
V  [libjvm.so+0x664591]  JavaCalls::call_virtual(JavaValue*, KlassHandle, Symbol*, Symbol*, JavaCallArguments*, Thread*)+0x321
V  [libjvm.so+0x664a37]  JavaCalls::call_virtual(JavaValue*, Handle, KlassHandle, Symbol*, Symbol*, Thread*)+0x47
V  [libjvm.so+0x6dee3e]  thread_entry(JavaThread*, Thread*)+0x7e
V  [libjvm.so+0xa29e8f]  JavaThread::thread_main_inner()+0xdf
V  [libjvm.so+0xa29fbc]  JavaThread::run()+0x11c
V  [libjvm.so+0x8e7d48]  java_start(Thread*)+0x108
C  [libpthread.so.0+0x6b50]  start_thread+0xd0


---------------  P R O C E S S  ---------------

Java Threads: ( => current thread )
  0x0000000001fbb800 JavaThread "qtp2024170453-29" [_thread_blocked, id=20148, stack(0x00007f314a8d8000,0x00007f314a9d9000)]
  0x0000000001fa9000 JavaThread "qtp2024170453-27" [_thread_blocked, id=20146, stack(0x00007f314aada000,0x00007f314abdb000)]
  0x0000000001fa7800 JavaThread "qtp2024170453-26" [_thread_blocked, id=20145, stack(0x00007f314abdb000,0x00007f314acdc000)]
  0x0000000001f8a800 JavaThread "qtp2024170453-25" [_thread_blocked, id=20144, stack(0x00007f314acdc000,0x00007f314addd000)]
  0x00007f314c42c000 JavaThread "qtp2024170453-24" [_thread_blocked, id=20143, stack(0x00007f314addd000,0x00007f314aede000)]
  0x0000000001f7e800 JavaThread "Scheduler-21310358" [_thread_blocked, id=20142, stack(0x00007f314b0de000,0x00007f314b1df000)]
  0x0000000001f18000 JavaThread "HashSessionScavenger-0" daemon [_thread_blocked, id=20141, stack(0x00007f314b3df000,0x00007f314b4e0000)]
  0x0000000001fe1000 JavaThread "qtp2024170453-21-acceptor-1-ServerConnector@4ed64ea8{HTTP/1.1}{0.0.0.0:5679}" [_thread_in_native, id=20140, stack(0x00007f314b4e0000,0x00007f314b5e1000)]
  0x0000000001fdf800 JavaThread "qtp2024170453-20-acceptor-0-ServerConnector@4ed64ea8{HTTP/1.1}{0.0.0.0:5679}" [_thread_blocked, id=20139, stack(0x00007f314b5e1000,0x00007f314b6e2000)]
  0x0000000001fdd800 JavaThread "qtp2024170453-19-selector-3" [_thread_in_native, id=20138, stack(0x00007f314b6e2000,0x00007f314b7e3000)]
  0x0000000001fdb800 JavaThread "qtp2024170453-18-selector-2" [_thread_in_native, id=20137, stack(0x00007f314b7e3000,0x00007f314b8e4000)]
  0x0000000001fda000 JavaThread "qtp2024170453-17-selector-1" [_thread_in_native, id=20136, stack(0x00007f314b8e4000,0x00007f314b9e5000)]
  0x0000000001fd8000 JavaThread "qtp2024170453-16" [_thread_blocked, id=20135, stack(0x00007f314b9e5000,0x00007f314bae6000)]
  0x0000000001fd2800 JavaThread "qtp2024170453-15-selector-0" [_thread_in_native, id=20134, stack(0x00007f314bae6000,0x00007f314bbe7000)]
=>0x0000000001fd0000 JavaThread "qtp2024170453-14" [_thread_in_Java, id=20133, stack(0x00007f314bbe7000,0x00007f314bce8000)]
  0x0000000001fd6800 JavaThread "DateCache" daemon [_thread_blocked, id=20132, stack(0x00007f314bce8000,0x00007f314bde9000)]
  0x00007f314c5b8800 JavaThread "DestroyJavaVM" [_thread_blocked, id=20117, stack(0x00007f31690d0000,0x00007f31691d1000)]
  0x00007f314c5b7000 JavaThread "Thread-1" [_thread_blocked, id=20131, stack(0x00007f31500eb000,0x00007f31501ec000)]
  0x0000000001745000 JavaThread "Service Thread" daemon [_thread_blocked, id=20129, stack(0x00007f315082d000,0x00007f315092e000)]
  0x00007f314c035000 JavaThread "C1 CompilerThread2" daemon [_thread_blocked, id=20128, stack(0x00007f315092e000,0x00007f3150a2f000)]
  0x00007f314c033000 JavaThread "C2 CompilerThread1" daemon [_thread_blocked, id=20127, stack(0x00007f3150a2f000,0x00007f3150b30000)]
  0x00007f314c030000 JavaThread "C2 CompilerThread0" daemon [_thread_in_native, id=20126, stack(0x00007f3150b30000,0x00007f3150c31000)]
  0x00007f314c02e000 JavaThread "Signal Dispatcher" daemon [_thread_blocked, id=20125, stack(0x00007f3150c31000,0x00007f3150d32000)]
  0x00007f314c001000 JavaThread "Finalizer" daemon [_thread_blocked, id=20124, stack(0x00007f3150d32000,0x00007f3150e33000)]
  0x00000000016ed800 JavaThread "Reference Handler" daemon [_thread_blocked, id=20123, stack(0x00007f3150e33000,0x00007f3150f34000)]

Other Threads:
  0x00000000016e6800 VMThread [stack: 0x00007f3150f34000,0x00007f3151035000] [id=20122]
  0x0000000001747800 WatcherThread [stack: 0x00007f315072c000,0x00007f315082d000] [id=20130]

VM state:not at safepoint (normal execution)

VM Mutex/Monitor currently owned by a thread: None

Heap:
 PSYoungGen      total 147456K, used 112450K [0x00000000d6500000, 0x00000000e8500000, 0x0000000100000000)
  eden space 131072K, 82% used [0x00000000d6500000,0x00000000dce20a70,0x00000000de500000)
  from space 16384K, 29% used [0x00000000de500000,0x00000000de9b00d0,0x00000000df500000)
  to   space 16384K, 0% used [0x00000000e7500000,0x00000000e7500000,0x00000000e8500000)
 ParOldGen       total 86016K, used 24526K [0x0000000082e00000, 0x0000000088200000, 0x00000000d6500000)
  object space 86016K, 28% used [0x0000000082e00000,0x00000000845f3a78,0x0000000088200000)
 Metaspace       used 12495K, capacity 12612K, committed 12800K, reserved 1060864K
  class space    used 1428K, capacity 1464K, committed 1536K, reserved 1048576K

Card table byte_map: [0x00007f3157420000,0x00007f315780a000] byte_map_base: 0x00007f3157009000

Marking Bits: (ParMarkBitMap*) 0x00007f31686042c0
 Begin Bits: [0x00007f3152ef0000, 0x00007f3154e38000)
 End Bits:   [0x00007f3154e38000, 0x00007f3156d80000)

Polling page: 0x00007f316920b000

CodeCache: size=245760Kb used=4282Kb max_used=4294Kb free=241477Kb
 bounds [0x00007f3157bca000, 0x00007f315800a000, 0x00007f3166bca000]
 total_blobs=1535 nmethods=1158 adapters=293
 compilation: enabled

Compilation events (10 events):
Event: 11.902 Thread 0x00007f314c035000 nmethod 1155 0x00007f3157ff8950 code [0x00007f3157ff8ae0, 0x00007f3157ff8e90]
Event: 11.902 Thread 0x00007f314c035000 1157       3       java.util.HashMap$KeyIterator::<init> (11 bytes)
Event: 11.903 Thread 0x00007f314c035000 nmethod 1157 0x00007f3157ff8590 code [0x00007f3157ff8700, 0x00007f3157ff88a8]
Event: 11.903 Thread 0x00007f314c035000 1158       3       java.util.HashMap$KeySet::iterator (12 bytes)
Event: 11.903 Thread 0x00007f314c035000 nmethod 1158 0x00007f3157ff9b10 code [0x00007f3157ff9c80, 0x00007f3157ff9ee8]
Event: 11.903 Thread 0x00007f314c033000 nmethod 1152 0x00007f3157ffd550 code [0x00007f3157ffd6a0, 0x00007f3157ffd898]
Event: 11.903 Thread 0x00007f314c033000 1148       4       java.util.HashMap$HashIterator::hasNext (13 bytes)
Event: 11.903 Thread 0x00007f314c035000 1159       1       edu.brown.cs.qc14.parser.Pointers::getMu (5 bytes)
Event: 11.903 Thread 0x00007f314c035000 nmethod 1159 0x00007f3157ff82d0 code [0x00007f3157ff8420, 0x00007f3157ff8530]
Event: 11.904 Thread 0x00007f314c033000 nmethod 1148 0x00007f3157ffd9d0 code [0x00007f3157ffdb20, 0x00007f3157ffdb98]

GC Heap History (10 events):
Event: 3.363 GC heap before
{Heap before GC invocations=3 (full 0):
 PSYoungGen      total 37888K, used 37856K [0x00000000d6500000, 0x00000000daf00000, 0x0000000100000000)
  eden space 32768K, 100% used [0x00000000d6500000,0x00000000d8500000,0x00000000d8500000)
  from space 5120K, 99% used [0x00000000d8a00000,0x00000000d8ef8040,0x00000000d8f00000)
  to   space 5120K, 0% used [0x00000000d8500000,0x00000000d8500000,0x00000000d8a00000)
 ParOldGen       total 86016K, used 3912K [0x0000000082e00000, 0x0000000088200000, 0x00000000d6500000)
  object space 86016K, 4% used [0x0000000082e00000,0x00000000831d2000,0x0000000088200000)
 Metaspace       used 10476K, capacity 10596K, committed 10752K, reserved 1058816K
  class space    used 1200K, capacity 1240K, committed 1280K, reserved 1048576K
Event: 3.393 GC heap after
Heap after GC invocations=3 (full 0):
 PSYoungGen      total 37888K, used 5104K [0x00000000d6500000, 0x00000000daf00000, 0x0000000100000000)
  eden space 32768K, 0% used [0x00000000d6500000,0x00000000d6500000,0x00000000d8500000)
  from space 5120K, 99% used [0x00000000d8500000,0x00000000d89fc0b0,0x00000000d8a00000)
  to   space 5120K, 0% used [0x00000000daa00000,0x00000000daa00000,0x00000000daf00000)
 ParOldGen       total 86016K, used 11845K [0x0000000082e00000, 0x0000000088200000, 0x00000000d6500000)
  object space 86016K, 13% used [0x0000000082e00000,0x00000000839916b0,0x0000000088200000)
 Metaspace       used 10476K, capacity 10596K, committed 10752K, reserved 1058816K
  class space    used 1200K, capacity 1240K, committed 1280K, reserved 1048576K
}
Event: 10.314 GC heap before
{Heap before GC invocations=4 (full 0):
 PSYoungGen      total 37888K, used 37872K [0x00000000d6500000, 0x00000000daf00000, 0x0000000100000000)
  eden space 32768K, 100% used [0x00000000d6500000,0x00000000d8500000,0x00000000d8500000)
  from space 5120K, 99% used [0x00000000d8500000,0x00000000d89fc0b0,0x00000000d8a00000)
  to   space 5120K, 0% used [0x00000000daa00000,0x00000000daa00000,0x00000000daf00000)
 ParOldGen       total 86016K, used 11845K [0x0000000082e00000, 0x0000000088200000, 0x00000000d6500000)
  object space 86016K, 13% used [0x0000000082e00000,0x00000000839916b0,0x0000000088200000)
 Metaspace       used 12245K, capacity 12324K, committed 12544K, reserved 1060864K
  class space    used 1396K, capacity 1432K, committed 1536K, reserved 1048576K
Event: 10.335 GC heap after
Heap after GC invocations=4 (full 0):
 PSYoungGen      total 70656K, used 5116K [0x00000000d6500000, 0x00000000daf00000, 0x0000000100000000)
  eden space 65536K, 0% used [0x00000000d6500000,0x00000000d6500000,0x00000000da500000)
  from space 5120K, 99% used [0x00000000daa00000,0x00000000daeff2b0,0x00000000daf00000)
  to   space 5120K, 0% used [0x00000000da500000,0x00000000da500000,0x00000000daa00000)
 ParOldGen       total 86016K, used 20486K [0x0000000082e00000, 0x0000000088200000, 0x00000000d6500000)
  object space 86016K, 23% used [0x0000000082e00000,0x0000000084201a18,0x0000000088200000)
 Metaspace       used 12245K, capacity 12324K, committed 12544K, reserved 1060864K
  class space    used 1396K, capacity 1432K, committed 1536K, reserved 1048576K
}
Event: 10.474 GC heap before
{Heap before GC invocations=5 (full 0):
 PSYoungGen      total 70656K, used 70652K [0x00000000d6500000, 0x00000000daf00000, 0x0000000100000000)
  eden space 65536K, 100% used [0x00000000d6500000,0x00000000da500000,0x00000000da500000)
  from space 5120K, 99% used [0x00000000daa00000,0x00000000daeff2b0,0x00000000daf00000)
  to   space 5120K, 0% used [0x00000000da500000,0x00000000da500000,0x00000000daa00000)
 ParOldGen       total 86016K, used 20486K [0x0000000082e00000, 0x0000000088200000, 0x00000000d6500000)
  object space 86016K, 23% used [0x0000000082e00000,0x0000000084201a18,0x0000000088200000)
 Metaspace       used 12246K, capacity 12324K, committed 12544K, reserved 1060864K
  class space    used 1396K, capacity 1432K, committed 1536K, reserved 1048576K
Event: 10.489 GC heap after
Heap after GC invocations=5 (full 0):
 PSYoungGen      total 70656K, used 5115K [0x00000000d6500000, 0x00000000e0700000, 0x0000000100000000)
  eden space 65536K, 0% used [0x00000000d6500000,0x00000000d6500000,0x00000000da500000)
  from space 5120K, 99% used [0x00000000da500000,0x00000000da9feff8,0x00000000daa00000)
  to   space 17408K, 0% used [0x00000000df600000,0x00000000df600000,0x00000000e0700000)
 ParOldGen       total 86016K, used 23510K [0x0000000082e00000, 0x0000000088200000, 0x00000000d6500000)
  object space 86016K, 27% used [0x0000000082e00000,0x00000000844f5a18,0x0000000088200000)
 Metaspace       used 12246K, capacity 12324K, committed 12544K, reserved 1060864K
  class space    used 1396K, capacity 1432K, committed 1536K, reserved 1048576K
}
Event: 10.701 GC heap before
{Heap before GC invocations=6 (full 0):
 PSYoungGen      total 70656K, used 70182K [0x00000000d6500000, 0x00000000e0700000, 0x0000000100000000)
  eden space 65536K, 99% used [0x00000000d6500000,0x00000000da48a830,0x00000000da500000)
  from space 5120K, 99% used [0x00000000da500000,0x00000000da9feff8,0x00000000daa00000)
  to   space 17408K, 0% used [0x00000000df600000,0x00000000df600000,0x00000000e0700000)
 ParOldGen       total 86016K, used 23510K [0x0000000082e00000, 0x0000000088200000, 0x00000000d6500000)
  object space 86016K, 27% used [0x0000000082e00000,0x00000000844f5a18,0x0000000088200000)
 Metaspace       used 12246K, capacity 12324K, committed 12544K, reserved 1060864K
  class space    used 1396K, capacity 1432K, committed 1536K, reserved 1048576K
Event: 10.713 GC heap after
Heap after GC invocations=6 (full 0):
 PSYoungGen      total 146432K, used 8111K [0x00000000d6500000, 0x00000000e0500000, 0x0000000100000000)
  eden space 131072K, 0% used [0x00000000d6500000,0x00000000d6500000,0x00000000de500000)
  from space 15360K, 52% used [0x00000000df600000,0x00000000dfdebff8,0x00000000e0500000)
  to   space 16384K, 0% used [0x00000000de500000,0x00000000de500000,0x00000000df500000)
 ParOldGen       total 86016K, used 23518K [0x0000000082e00000, 0x0000000088200000, 0x00000000d6500000)
  object space 86016K, 27% used [0x0000000082e00000,0x00000000844f7a18,0x0000000088200000)
 Metaspace       used 12246K, capacity 12324K, committed 12544K, reserved 1060864K
  class space    used 1396K, capacity 1432K, committed 1536K, reserved 1048576K
}
Event: 11.355 GC heap before
{Heap before GC invocations=7 (full 0):
 PSYoungGen      total 146432K, used 139183K [0x00000000d6500000, 0x00000000e0500000, 0x0000000100000000)
  eden space 131072K, 100% used [0x00000000d6500000,0x00000000de500000,0x00000000de500000)
  from space 15360K, 52% used [0x00000000df600000,0x00000000dfdebff8,0x00000000e0500000)
  to   space 16384K, 0% used [0x00000000de500000,0x00000000de500000,0x00000000df500000)
 ParOldGen       total 86016K, used 23518K [0x0000000082e00000, 0x0000000088200000, 0x00000000d6500000)
  object space 86016K, 27% used [0x0000000082e00000,0x00000000844f7a18,0x0000000088200000)
 Metaspace       used 12282K, capacity 12388K, committed 12544K, reserved 1060864K
  class space    used 1396K, capacity 1432K, committed 1536K, reserved 1048576K
Event: 11.369 GC heap after
Heap after GC invocations=7 (full 0):
 PSYoungGen      total 147456K, used 4800K [0x00000000d6500000, 0x00000000e8500000, 0x0000000100000000)
  eden space 131072K, 0% used [0x00000000d6500000,0x00000000d6500000,0x00000000de500000)
  from space 16384K, 29% used [0x00000000de500000,0x00000000de9b00d0,0x00000000df500000)
  to   space 16384K, 0% used [0x00000000e7500000,0x00000000e7500000,0x00000000e8500000)
 ParOldGen       total 86016K, used 24526K [0x0000000082e00000, 0x0000000088200000, 0x00000000d6500000)
  object space 86016K, 28% used [0x0000000082e00000,0x00000000845f3a78,0x0000000088200000)
 Metaspace       used 12282K, capacity 12388K, committed 12544K, reserved 1060864K
  class space    used 1396K, capacity 1432K, committed 1536K, reserved 1048576K
}

Deoptimization events (10 events):
Event: 11.662 Thread 0x0000000001fd0000 Uncommon trap: reason=bimorphic action=maybe_recompile pc=0x00007f3157f9e54c method=java.util.regex.Pattern$Curly.match(Ljava/util/regex/Matcher;ILjava/lang/CharSequence;)Z @ 19
Event: 11.662 Thread 0x0000000001fd0000 Uncommon trap: reason=bimorphic action=maybe_recompile pc=0x00007f3157f9e54c method=java.util.regex.Pattern$Curly.match(Ljava/util/regex/Matcher;ILjava/lang/CharSequence;)Z @ 19
Event: 11.662 Thread 0x0000000001fd0000 Uncommon trap: reason=bimorphic action=maybe_recompile pc=0x00007f3157f9e54c method=java.util.regex.Pattern$Curly.match(Ljava/util/regex/Matcher;ILjava/lang/CharSequence;)Z @ 19
Event: 11.662 Thread 0x0000000001fd0000 Uncommon trap: reason=bimorphic action=maybe_recompile pc=0x00007f3157f87458 method=java.util.regex.Pattern$Start.match(Ljava/util/regex/Matcher;ILjava/lang/CharSequence;)Z @ 44
Event: 11.662 Thread 0x0000000001fd0000 Uncommon trap: reason=bimorphic action=maybe_recompile pc=0x00007f3157f87458 method=java.util.regex.Pattern$Start.match(Ljava/util/regex/Matcher;ILjava/lang/CharSequence;)Z @ 44
Event: 11.662 Thread 0x0000000001fd0000 Uncommon trap: reason=bimorphic action=maybe_recompile pc=0x00007f3157f87458 method=java.util.regex.Pattern$Start.match(Ljava/util/regex/Matcher;ILjava/lang/CharSequence;)Z @ 44
Event: 11.897 Thread 0x0000000001fd0000 Uncommon trap: reason=bimorphic action=maybe_recompile pc=0x00007f3157f8e030 method=java.util.regex.Pattern$GroupTail.match(Ljava/util/regex/Matcher;ILjava/lang/CharSequence;)Z @ 70
Event: 11.897 Thread 0x0000000001fd0000 Uncommon trap: reason=bimorphic action=maybe_recompile pc=0x00007f3157f8e030 method=java.util.regex.Pattern$GroupTail.match(Ljava/util/regex/Matcher;ILjava/lang/CharSequence;)Z @ 70
Event: 11.897 Thread 0x0000000001fd0000 Uncommon trap: reason=bimorphic action=maybe_recompile pc=0x00007f3157f8e030 method=java.util.regex.Pattern$GroupTail.match(Ljava/util/regex/Matcher;ILjava/lang/CharSequence;)Z @ 70
Event: 11.897 Thread 0x0000000001fd0000 Uncommon trap: reason=bimorphic action=maybe_recompile pc=0x00007f3157f8e030 method=java.util.regex.Pattern$GroupTail.match(Ljava/util/regex/Matcher;ILjava/lang/CharSequence;)Z @ 70

Internal exceptions (10 events):
Event: 11.675 Thread 0x0000000001fd0000 Exception <a 'java/security/PrivilegedActionException'> (0x00000000d9253aa8) thrown at [/HUDSON/workspace/8-2-build-linux-amd64/jdk8u25/1514/hotspot/src/share/vm/prims/jvm.cpp, line 1312]
Event: 11.676 Thread 0x0000000001fd0000 Exception <a 'java/security/PrivilegedActionException'> (0x00000000d925d270) thrown at [/HUDSON/workspace/8-2-build-linux-amd64/jdk8u25/1514/hotspot/src/share/vm/prims/jvm.cpp, line 1312]
Event: 11.677 Thread 0x0000000001fd0000 Exception <a 'java/security/PrivilegedActionException'> (0x00000000d9260cd8) thrown at [/HUDSON/workspace/8-2-build-linux-amd64/jdk8u25/1514/hotspot/src/share/vm/prims/jvm.cpp, line 1312]
Event: 11.882 Thread 0x0000000001fd0000 Exception <a 'java/security/PrivilegedActionException'> (0x00000000dcb6e758) thrown at [/HUDSON/workspace/8-2-build-linux-amd64/jdk8u25/1514/hotspot/src/share/vm/prims/jvm.cpp, line 1312]
Event: 11.882 Thread 0x0000000001fd0000 Exception <a 'java/security/PrivilegedActionException'> (0x00000000dcb71c00) thrown at [/HUDSON/workspace/8-2-build-linux-amd64/jdk8u25/1514/hotspot/src/share/vm/prims/jvm.cpp, line 1312]
Event: 11.883 Thread 0x0000000001fd0000 Exception <a 'java/security/PrivilegedActionException'> (0x00000000dcb75e08) thrown at [/HUDSON/workspace/8-2-build-linux-amd64/jdk8u25/1514/hotspot/src/share/vm/prims/jvm.cpp, line 1312]
Event: 11.883 Thread 0x0000000001fd0000 Exception <a 'java/security/PrivilegedActionException'> (0x00000000dcb79af8) thrown at [/HUDSON/workspace/8-2-build-linux-amd64/jdk8u25/1514/hotspot/src/share/vm/prims/jvm.cpp, line 1312]
Event: 11.884 Thread 0x0000000001fd0000 Exception <a 'java/security/PrivilegedActionException'> (0x00000000dcb7d5e8) thrown at [/HUDSON/workspace/8-2-build-linux-amd64/jdk8u25/1514/hotspot/src/share/vm/prims/jvm.cpp, line 1312]
Event: 11.884 Thread 0x0000000001fd0000 Exception <a 'java/security/PrivilegedActionException'> (0x00000000dcb816b8) thrown at [/HUDSON/workspace/8-2-build-linux-amd64/jdk8u25/1514/hotspot/src/share/vm/prims/jvm.cpp, line 1312]
Event: 11.898 Thread 0x0000000001fd0000 Exception <a 'java/security/PrivilegedActionException'> (0x00000000dcbaaf18) thrown at [/HUDSON/workspace/8-2-build-linux-amd64/jdk8u25/1514/hotspot/src/share/vm/prims/jvm.cpp, line 1312]

Events (10 events):
Event: 11.897 Thread 0x0000000001fd0000 DEOPT PACKING pc=0x00007f3157f8e030 sp=0x00007f314bce5da0
Event: 11.897 Thread 0x0000000001fd0000 DEOPT UNPACKING pc=0x00007f3157bcef69 sp=0x00007f314bce5d38 mode 2
Event: 11.897 Thread 0x0000000001fd0000 Uncommon trap: trap_request=0xffffffc6 fr.pc=0x00007f3157f8e030
Event: 11.897 Thread 0x0000000001fd0000 DEOPT PACKING pc=0x00007f3157f8e030 sp=0x00007f314bce5da0
Event: 11.897 Thread 0x0000000001fd0000 DEOPT UNPACKING pc=0x00007f3157bcef69 sp=0x00007f314bce5d38 mode 2
Event: 11.897 Thread 0x0000000001fd0000 Uncommon trap: trap_request=0xffffffc6 fr.pc=0x00007f3157f8e030
Event: 11.897 Thread 0x0000000001fd0000 DEOPT PACKING pc=0x00007f3157f8e030 sp=0x00007f314bce5da0
Event: 11.897 Thread 0x0000000001fd0000 DEOPT UNPACKING pc=0x00007f3157bcef69 sp=0x00007f314bce5d38 mode 2
Event: 11.898 loading class edu/brown/cs/qc14/parser/Pointers
Event: 11.898 loading class edu/brown/cs/qc14/parser/Pointers done


Dynamic libraries:
00400000-00401000 r-xp 00000000 00:14 138267735                          /gpfs/main/course/cs032/bin/jdk1.8.0_25/bin/java
00600000-00601000 rw-p 00000000 00:14 138267735                          /gpfs/main/course/cs032/bin/jdk1.8.0_25/bin/java
01673000-02543000 rw-p 00000000 00:00 0                                  [heap]
82e00000-88200000 rw-p 00000000 00:00 0 
88200000-d6500000 ---p 00000000 00:00 0 
d6500000-e8500000 rw-p 00000000 00:00 0 
e8500000-100000000 ---p 00000000 00:00 0 
100000000-100180000 rw-p 00000000 00:00 0 
100180000-140000000 ---p 00000000 00:00 0 
7f3144000000-7f3144405000 rw-p 00000000 00:00 0 
7f3144405000-7f3148000000 ---p 00000000 00:00 0 
7f314a8d8000-7f314a8db000 ---p 00000000 00:00 0 
7f314a8db000-7f314a9d9000 rw-p 00000000 00:00 0 
7f314a9d9000-7f314a9dc000 ---p 00000000 00:00 0 
7f314a9dc000-7f314aada000 rw-p 00000000 00:00 0 
7f314aada000-7f314aadd000 ---p 00000000 00:00 0 
7f314aadd000-7f314abdb000 rw-p 00000000 00:00 0 
7f314abdb000-7f314abde000 ---p 00000000 00:00 0 
7f314abde000-7f314acdc000 rw-p 00000000 00:00 0 
7f314acdc000-7f314acdf000 ---p 00000000 00:00 0 
7f314acdf000-7f314addd000 rw-p 00000000 00:00 0 
7f314addd000-7f314ade0000 ---p 00000000 00:00 0 
7f314ade0000-7f314afde000 rw-p 00000000 00:00 0 
7f314afde000-7f314b0de000 ---p 00000000 00:00 0 
7f314b0de000-7f314b0e1000 ---p 00000000 00:00 0 
7f314b0e1000-7f314b3df000 rw-p 00000000 00:00 0 
7f314b3df000-7f314b3e2000 ---p 00000000 00:00 0 
7f314b3e2000-7f314b4e0000 rw-p 00000000 00:00 0 
7f314b4e0000-7f314b4e3000 ---p 00000000 00:00 0 
7f314b4e3000-7f314b5e1000 rw-p 00000000 00:00 0 
7f314b5e1000-7f314b5e4000 ---p 00000000 00:00 0 
7f314b5e4000-7f314b6e2000 rw-p 00000000 00:00 0 
7f314b6e2000-7f314b6e5000 ---p 00000000 00:00 0 
7f314b6e5000-7f314b7e3000 rw-p 00000000 00:00 0 
7f314b7e3000-7f314b7e6000 ---p 00000000 00:00 0 
7f314b7e6000-7f314b8e4000 rw-p 00000000 00:00 0 
7f314b8e4000-7f314b8e7000 ---p 00000000 00:00 0 
7f314b8e7000-7f314b9e5000 rw-p 00000000 00:00 0 
7f314b9e5000-7f314b9e8000 ---p 00000000 00:00 0 
7f314b9e8000-7f314bae6000 rw-p 00000000 00:00 0 
7f314bae6000-7f314bae9000 ---p 00000000 00:00 0 
7f314bae9000-7f314bbe7000 rw-p 00000000 00:00 0 
7f314bbe7000-7f314bbea000 ---p 00000000 00:00 0 
7f314bbea000-7f314bce8000 rw-p 00000000 00:00 0 
7f314bce8000-7f314bceb000 ---p 00000000 00:00 0 
7f314bceb000-7f314bde9000 rw-p 00000000 00:00 0 
7f314bde9000-7f314bdff000 r-xp 00000000 00:14 136610987                  /gpfs/main/course/cs032/bin/jdk1.8.0_25/jre/lib/amd64/libnet.so
7f314bdff000-7f314bfff000 ---p 00016000 00:14 136610987                  /gpfs/main/course/cs032/bin/jdk1.8.0_25/jre/lib/amd64/libnet.so
7f314bfff000-7f314c000000 rw-p 00016000 00:14 136610987                  /gpfs/main/course/cs032/bin/jdk1.8.0_25/jre/lib/amd64/libnet.so
7f314c000000-7f314cc44000 rw-p 00000000 00:00 0 
7f314cc44000-7f3150000000 ---p 00000000 00:00 0 
7f31500e1000-7f31500e9000 rw-p 00000000 00:00 0 
7f31500e9000-7f31500eb000 r--s 0001a000 00:14 135783392                  /gpfs/main/course/cs032/bin/jdk1.8.0_25/jre/lib/jce.jar
7f31500eb000-7f31500ee000 ---p 00000000 00:00 0 
7f31500ee000-7f31501ec000 rw-p 00000000 00:00 0 
7f31501ec000-7f31501fd000 r-xp 00000000 00:14 136611464                  /gpfs/main/course/cs032/bin/jdk1.8.0_25/jre/lib/amd64/libnio.so
7f31501fd000-7f31503fc000 ---p 00011000 00:14 136611464                  /gpfs/main/course/cs032/bin/jdk1.8.0_25/jre/lib/amd64/libnio.so
7f31503fc000-7f31503fd000 rw-p 00010000 00:14 136611464                  /gpfs/main/course/cs032/bin/jdk1.8.0_25/jre/lib/amd64/libnio.so
7f31503fd000-7f31504b1000 r-xp 00000000 fe:04 431                        /tmp/sqlite-3.8.7-d338ca16-8910-4878-8dd7-6ef7f1d12190-libsqlitejdbc.so
7f31504b1000-7f31506b1000 ---p 000b4000 fe:04 431                        /tmp/sqlite-3.8.7-d338ca16-8910-4878-8dd7-6ef7f1d12190-libsqlitejdbc.so
7f31506b1000-7f31506b6000 rw-p 000b4000 fe:04 431                        /tmp/sqlite-3.8.7-d338ca16-8910-4878-8dd7-6ef7f1d12190-libsqlitejdbc.so
7f31506b6000-7f31506ba000 r--s 00093000 00:14 136611567                  /gpfs/main/course/cs032/bin/jdk1.8.0_25/jre/lib/jsse.jar
7f31506ba000-7f31506d6000 r--s 00393000 00:14 136611667                  /gpfs/main/course/cs032/bin/jdk1.8.0_25/jre/lib/ext/cldrdata.jar
7f31506d6000-7f31506e0000 r--s 00116000 00:14 136611642                  /gpfs/main/course/cs032/bin/jdk1.8.0_25/jre/lib/ext/localedata.jar
7f31506e0000-7f31506e3000 r--s 003c4000 00:18 13693093                   /gpfs/nbu/people/dshieble/.m2/repository/org/xerial/sqlite-jdbc/3.8.7/sqlite-jdbc-3.8.7.jar
7f31506e3000-7f31506f4000 r--s 000d3000 00:18 12865438                   /gpfs/nbu/people/dshieble/.m2/repository/org/freemarker/freemarker/2.3.19/freemarker-2.3.19.jar
7f31506f4000-7f31506f7000 r--s 00014000 00:18 13693011                   /gpfs/nbu/people/dshieble/.m2/repository/org/eclipse/jetty/jetty-security/9.0.2.v20130417/jetty-security-9.0.2.v20130417.jar
7f31506f7000-7f31506f9000 r--s 00018000 00:18 12865372                   /gpfs/nbu/people/dshieble/.m2/repository/org/eclipse/jetty/jetty-servlet/9.0.2.v20130417/jetty-servlet-9.0.2.v20130417.jar
7f31506f9000-7f31506fb000 r--s 00009000 00:18 12865266                   /gpfs/nbu/people/dshieble/.m2/repository/org/eclipse/jetty/jetty-xml/9.0.2.v20130417/jetty-xml-9.0.2.v20130417.jar
7f31506fb000-7f31506fe000 r--s 00019000 00:18 13693437                   /gpfs/nbu/people/dshieble/.m2/repository/org/eclipse/jetty/jetty-webapp/9.0.2.v20130417/jetty-webapp-9.0.2.v20130417.jar
7f31506fe000-7f3150701000 r--s 00012000 00:18 12865356                   /gpfs/nbu/people/dshieble/.m2/repository/org/eclipse/jetty/jetty-io/9.0.2.v20130417/jetty-io-9.0.2.v20130417.jar
7f3150701000-7f3150706000 r--s 0004c000 00:18 12865348                   /gpfs/nbu/people/dshieble/.m2/repository/org/eclipse/jetty/jetty-util/9.0.2.v20130417/jetty-util-9.0.2.v20130417.jar
7f3150706000-7f3150709000 r--s 00017000 00:18 12865320                   /gpfs/nbu/people/dshieble/.m2/repository/org/eclipse/jetty/jetty-http/9.0.2.v20130417/jetty-http-9.0.2.v20130417.jar
7f3150709000-7f315070c000 r--s 0002e000 00:18 12865347                   /gpfs/nbu/people/dshieble/.m2/repository/org/eclipse/jetty/orbit/javax.servlet/3.0.0.v201112011016/javax.servlet-3.0.0.v201112011016.jar
7f315070c000-7f3150711000 r--s 0004d000 00:18 12865336                   /gpfs/nbu/people/dshieble/.m2/repository/org/eclipse/jetty/jetty-server/9.0.2.v20130417/jetty-server-9.0.2.v20130417.jar
7f3150711000-7f3150716000 r--s 0002f000 00:18 12865327                   /gpfs/nbu/people/dshieble/.m2/repository/com/google/code/gson/gson/2.3.1/gson-2.3.1.jar
7f3150716000-7f315072c000 r--s 004ab000 00:15 84120005                   /gpfs/main/home/dshieble/course/cs032/cs032-project/cs032-project/target/cs032-project-1.0.jar
7f315072c000-7f315072d000 ---p 00000000 00:00 0 
7f315072d000-7f315082d000 rw-p 00000000 00:00 0 
7f315082d000-7f3150830000 ---p 00000000 00:00 0 
7f3150830000-7f315092e000 rw-p 00000000 00:00 0 
7f315092e000-7f3150931000 ---p 00000000 00:00 0 
7f3150931000-7f3150a2f000 rw-p 00000000 00:00 0 
7f3150a2f000-7f3150a32000 ---p 00000000 00:00 0 
7f3150a32000-7f3150b30000 rw-p 00000000 00:00 0 
7f3150b30000-7f3150b33000 ---p 00000000 00:00 0 
7f3150b33000-7f3150c31000 rw-p 00000000 00:00 0 
7f3150c31000-7f3150c34000 ---p 00000000 00:00 0 
7f3150c34000-7f3150d32000 rw-p 00000000 00:00 0 
7f3150d32000-7f3150d35000 ---p 00000000 00:00 0 
7f3150d35000-7f3150e33000 rw-p 00000000 00:00 0 
7f3150e33000-7f3150e36000 ---p 00000000 00:00 0 
7f3150e36000-7f3150f34000 rw-p 00000000 00:00 0 
7f3150f34000-7f3150f35000 ---p 00000000 00:00 0 
7f3150f35000-7f3152038000 rw-p 00000000 00:00 0 
7f3152038000-7f315220e000 r--s 03caa000 00:14 136611550                  /gpfs/main/course/cs032/bin/jdk1.8.0_25/jre/lib/rt.jar
7f315220e000-7f3156d80000 rw-p 00000000 00:00 0 
7f3156d80000-7f3156d81000 ---p 00000000 00:00 0 
7f3156d81000-7f3156e81000 rw-p 00000000 00:00 0 
7f3156e81000-7f3156e82000 ---p 00000000 00:00 0 
7f3156e82000-7f3156f82000 rw-p 00000000 00:00 0 
7f3156f82000-7f3156f83000 ---p 00000000 00:00 0 
7f3156f83000-7f3157083000 rw-p 00000000 00:00 0 
7f3157083000-7f3157084000 ---p 00000000 00:00 0 
7f3157084000-7f31571ae000 rw-p 00000000 00:00 0 
7f31571ae000-7f3157420000 ---p 00000000 00:00 0 
7f3157420000-7f315744a000 rw-p 00000000 00:00 0 
7f315744a000-7f31576bb000 ---p 00000000 00:00 0 
7f31576bb000-7f315774c000 rw-p 00000000 00:00 0 
7f315774c000-7f3157809000 ---p 00000000 00:00 0 
7f3157809000-7f315781b000 rw-p 00000000 00:00 0 
7f315781b000-7f3157bca000 ---p 00000000 00:00 0 
7f3157bca000-7f315800a000 rwxp 00000000 00:00 0 
7f315800a000-7f3166bca000 ---p 00000000 00:00 0 
7f3166bca000-7f3166be4000 r-xp 00000000 00:14 136610880                  /gpfs/main/course/cs032/bin/jdk1.8.0_25/jre/lib/amd64/libzip.so
7f3166be4000-7f3166de4000 ---p 0001a000 00:14 136610880                  /gpfs/main/course/cs032/bin/jdk1.8.0_25/jre/lib/amd64/libzip.so
7f3166de4000-7f3166de5000 rw-p 0001a000 00:14 136610880                  /gpfs/main/course/cs032/bin/jdk1.8.0_25/jre/lib/amd64/libzip.so
7f3166de5000-7f3166e0f000 r-xp 00000000 00:14 136610822                  /gpfs/main/course/cs032/bin/jdk1.8.0_25/jre/lib/amd64/libjava.so
7f3166e0f000-7f316700f000 ---p 0002a000 00:14 136610822                  /gpfs/main/course/cs032/bin/jdk1.8.0_25/jre/lib/amd64/libjava.so
7f316700f000-7f3167011000 rw-p 0002a000 00:14 136610822                  /gpfs/main/course/cs032/bin/jdk1.8.0_25/jre/lib/amd64/libjava.so
7f3167011000-7f316701e000 r-xp 00000000 00:14 136610855                  /gpfs/main/course/cs032/bin/jdk1.8.0_25/jre/lib/amd64/libverify.so
7f316701e000-7f316721e000 ---p 0000d000 00:14 136610855                  /gpfs/main/course/cs032/bin/jdk1.8.0_25/jre/lib/amd64/libverify.so
7f316721e000-7f3167220000 rw-p 0000d000 00:14 136610855                  /gpfs/main/course/cs032/bin/jdk1.8.0_25/jre/lib/amd64/libverify.so
7f3167220000-7f3167227000 r-xp 00000000 fe:00 2393                       /lib/x86_64-linux-gnu/librt-2.13.so
7f3167227000-7f3167426000 ---p 00007000 fe:00 2393                       /lib/x86_64-linux-gnu/librt-2.13.so
7f3167426000-7f3167427000 r--p 00006000 fe:00 2393                       /lib/x86_64-linux-gnu/librt-2.13.so
7f3167427000-7f3167428000 rw-p 00007000 fe:00 2393                       /lib/x86_64-linux-gnu/librt-2.13.so
7f3167428000-7f31674a9000 r-xp 00000000 fe:00 2264                       /lib/x86_64-linux-gnu/libm-2.13.so
7f31674a9000-7f31676a8000 ---p 00081000 fe:00 2264                       /lib/x86_64-linux-gnu/libm-2.13.so
7f31676a8000-7f31676a9000 r--p 00080000 fe:00 2264                       /lib/x86_64-linux-gnu/libm-2.13.so
7f31676a9000-7f31676aa000 rw-p 00081000 fe:00 2264                       /lib/x86_64-linux-gnu/libm-2.13.so
7f31676aa000-7f3168317000 r-xp 00000000 00:14 136611394                  /gpfs/main/course/cs032/bin/jdk1.8.0_25/jre/lib/amd64/server/libjvm.so
7f3168317000-7f3168516000 ---p 00c6d000 00:14 136611394                  /gpfs/main/course/cs032/bin/jdk1.8.0_25/jre/lib/amd64/server/libjvm.so
7f3168516000-7f31685ec000 rw-p 00c6c000 00:14 136611394                  /gpfs/main/course/cs032/bin/jdk1.8.0_25/jre/lib/amd64/server/libjvm.so
7f31685ec000-7f316862f000 rw-p 00000000 00:00 0 
7f316862f000-7f31687b0000 r-xp 00000000 fe:00 2357                       /lib/x86_64-linux-gnu/libc-2.13.so
7f31687b0000-7f31689b0000 ---p 00181000 fe:00 2357                       /lib/x86_64-linux-gnu/libc-2.13.so
7f31689b0000-7f31689b4000 r--p 00181000 fe:00 2357                       /lib/x86_64-linux-gnu/libc-2.13.so
7f31689b4000-7f31689b5000 rw-p 00185000 fe:00 2357                       /lib/x86_64-linux-gnu/libc-2.13.so
7f31689b5000-7f31689ba000 rw-p 00000000 00:00 0 
7f31689ba000-7f31689bc000 r-xp 00000000 fe:00 2380                       /lib/x86_64-linux-gnu/libdl-2.13.so
7f31689bc000-7f3168bbc000 ---p 00002000 fe:00 2380                       /lib/x86_64-linux-gnu/libdl-2.13.so
7f3168bbc000-7f3168bbd000 r--p 00002000 fe:00 2380                       /lib/x86_64-linux-gnu/libdl-2.13.so
7f3168bbd000-7f3168bbe000 rw-p 00003000 fe:00 2380                       /lib/x86_64-linux-gnu/libdl-2.13.so
7f3168bbe000-7f3168bd3000 r-xp 00000000 00:14 174988983                  /gpfs/main/course/cs032/bin/jdk1.8.0_25/lib/amd64/jli/libjli.so
7f3168bd3000-7f3168dd2000 ---p 00015000 00:14 174988983                  /gpfs/main/course/cs032/bin/jdk1.8.0_25/lib/amd64/jli/libjli.so
7f3168dd2000-7f3168dd3000 rw-p 00014000 00:14 174988983                  /gpfs/main/course/cs032/bin/jdk1.8.0_25/lib/amd64/jli/libjli.so
7f3168dd3000-7f3168dea000 r-xp 00000000 fe:00 2401                       /lib/x86_64-linux-gnu/libpthread-2.13.so
7f3168dea000-7f3168fe9000 ---p 00017000 fe:00 2401                       /lib/x86_64-linux-gnu/libpthread-2.13.so
7f3168fe9000-7f3168fea000 r--p 00016000 fe:00 2401                       /lib/x86_64-linux-gnu/libpthread-2.13.so
7f3168fea000-7f3168feb000 rw-p 00017000 fe:00 2401                       /lib/x86_64-linux-gnu/libpthread-2.13.so
7f3168feb000-7f3168fef000 rw-p 00000000 00:00 0 
7f3168fef000-7f316900f000 r-xp 00000000 fe:00 2389                       /lib/x86_64-linux-gnu/ld-2.13.so
7f316900f000-7f3169010000 rw-p 00000000 00:00 0 
7f3169010000-7f3169011000 r--s 00000000 00:18 13693105                   /gpfs/nbu/people/dshieble/.m2/repository/com/sparkjava/spark-template-freemarker/2.0.0/spark-template-freemarker-2.0.0.jar
7f3169011000-7f316903c000 r--s 001fc000 00:18 12865285                   /gpfs/nbu/people/dshieble/.m2/repository/com/google/guava/guava/18.0/guava-18.0.jar
7f316903c000-7f316903d000 r--s 00001000 00:18 12865312                   /gpfs/nbu/people/dshieble/.m2/repository/org/slf4j/slf4j-jdk14/1.7.7/slf4j-jdk14-1.7.7.jar
7f316903d000-7f316903f000 r--s 00006000 00:18 12865314                   /gpfs/nbu/people/dshieble/.m2/repository/org/slf4j/slf4j-api/1.7.7/slf4j-api-1.7.7.jar
7f316903f000-7f3169045000 r--s 00045000 00:18 13693258                   /gpfs/nbu/people/dshieble/.m2/repository/org/hamcrest/hamcrest-all/1.3/hamcrest-all-1.3.jar
7f3169045000-7f3169047000 r--s 00009000 00:18 13693661                   /gpfs/nbu/people/dshieble/.m2/repository/org/hamcrest/hamcrest-core/1.3/hamcrest-core-1.3.jar
7f3169047000-7f316904d000 r--s 00036000 00:18 13693494                   /gpfs/nbu/people/dshieble/.m2/repository/junit/junit/4.11/junit-4.11.jar
7f316904d000-7f31690d0000 r--s 00000000 00:0e 7434                       /run/nscd/dbggOAk2 (deleted)
7f31690d0000-7f31690d3000 ---p 00000000 00:00 0 
7f31690d3000-7f31691d5000 rw-p 00000000 00:00 0 
7f31691d5000-7f31691d8000 r--s 0000d000 00:18 12865309                   /gpfs/nbu/people/dshieble/.m2/repository/com/sparkjava/spark-core/2.0.0/spark-core-2.0.0.jar
7f31691d8000-7f31691da000 r--s 0000e000 00:18 12865357                   /gpfs/nbu/people/dshieble/.m2/repository/net/sf/jopt-simple/jopt-simple/4.8/jopt-simple-4.8.jar
7f31691da000-7f3169202000 rw-p 00000000 00:00 0 
7f3169202000-7f316920a000 rw-s 00000000 fe:04 430                        /tmp/hsperfdata_dshieble/20116
7f316920a000-7f316920b000 rw-p 00000000 00:00 0 
7f316920b000-7f316920c000 r--p 00000000 00:00 0 
7f316920c000-7f316920e000 rw-p 00000000 00:00 0 
7f316920e000-7f316920f000 r--p 0001f000 fe:00 2389                       /lib/x86_64-linux-gnu/ld-2.13.so
7f316920f000-7f3169210000 rw-p 00020000 fe:00 2389                       /lib/x86_64-linux-gnu/ld-2.13.so
7f3169210000-7f3169211000 rw-p 00000000 00:00 0 
7ffd9c270000-7ffd9c291000 rw-p 00000000 00:00 0                          [stack]
7ffd9c3ea000-7ffd9c3eb000 r-xp 00000000 00:00 0                          [vdso]
ffffffffff600000-ffffffffff601000 r-xp 00000000 00:00 0                  [vsyscall]

VM Arguments:
java_command: edu.brown.cs.dshieble.main.Main
java_class_path (initial): target/cs032-project-1.0.jar:/home/dshieble/.m2/repository/net/sf/jopt-simple/jopt-simple/4.8/jopt-simple-4.8.jar:/home/dshieble/.m2/repository/junit/junit/4.11/junit-4.11.jar:/home/dshieble/.m2/repository/org/hamcrest/hamcrest-core/1.3/hamcrest-core-1.3.jar:/home/dshieble/.m2/repository/org/hamcrest/hamcrest-all/1.3/hamcrest-all-1.3.jar:/home/dshieble/.m2/repository/org/slf4j/slf4j-api/1.7.7/slf4j-api-1.7.7.jar:/home/dshieble/.m2/repository/org/slf4j/slf4j-jdk14/1.7.7/slf4j-jdk14-1.7.7.jar:/home/dshieble/.m2/repository/com/google/guava/guava/18.0/guava-18.0.jar:/home/dshieble/.m2/repository/com/google/code/gson/gson/2.3.1/gson-2.3.1.jar:/home/dshieble/.m2/repository/com/sparkjava/spark-core/2.0.0/spark-core-2.0.0.jar:/home/dshieble/.m2/repository/org/eclipse/jetty/jetty-server/9.0.2.v20130417/jetty-server-9.0.2.v20130417.jar:/home/dshieble/.m2/repository/org/eclipse/jetty/orbit/javax.servlet/3.0.0.v201112011016/javax.servlet-3.0.0.v201112011016.jar:/home/dshieble/.m2/repository/org/eclipse/jetty/jetty-http/9.0.2.v20130417/jetty-http-9.0.2.v20130417.jar:/home/dshieble/.m2/repository/org/eclipse/jetty/jetty-util/9.0.2.v20130417/jetty-util-9.0.2.v20130417.jar:/home/dshieble/.m2/repository/org/eclipse/jetty/jetty-io/9.0.2.v20130417/jetty-io-9.0.2.v20130417.jar:/home/dshieble/.m2/repository/org/eclipse/jetty/jetty-webapp/9.0.2.v20130417/jetty-webapp-9.0.2.v20130417.jar:/home/dshieble/.m2/repository/org/eclipse/jetty/jetty-xml/9.0.2.v20130417/jetty-xml-9.0.2.v20130417.jar:/home/dshieble/.m2/repository/org/eclipse/jetty/jetty-servlet/9.0.2.v20130417/jetty-servlet-9.0.2.v20130417.jar:/home/dshieble/.m2/repository/org/eclipse/jetty/jetty-security/9.0.2.v20130417/jetty-security-9.0.2.v20130417.jar:/home/dshieble/.m2/repository/com/sparkjava/spark-template-freemarker/2.0.0/spark-template-freemarker-2.0.0.jar:/home/dshieble/.m2/repository/org/freemarker/freemarker/2.3.19/freemarker-2.3.19.jar:/home/dshieble/.m2/repository/org/xerial/sqlite-jdbc/3.8
Launcher Type: SUN_STANDARD

Environment Variables:
PATH=/course/cs032/bin:/local/bin:/usr/local/bin:/bin:/usr/bin:/usr/X11R6/bin:/usr/games:/contrib/bin:/course/cs051/bin:/course/cs032/bin:/course/cs141/bin:/course/cs157/bin:/course/cs004/tabin:/course/cs004/bin:/admin/tasupport/bin:/course/cs053/tabin:/course/cs053/bin
SHELL=/bin/bash
DISPLAY=:0.0

Signal Handlers:
SIGSEGV: [libjvm.so+0xa79a80], sa_mask[0]=11111111011111111101111111111110, sa_flags=SA_RESTART|SA_SIGINFO
SIGBUS: [libjvm.so+0xa79a80], sa_mask[0]=11111111011111111101111111111110, sa_flags=SA_RESTART|SA_SIGINFO
SIGFPE: [libjvm.so+0x8e24e0], sa_mask[0]=11111111011111111101111111111110, sa_flags=SA_RESTART|SA_SIGINFO
SIGPIPE: [libjvm.so+0x8e24e0], sa_mask[0]=11111111011111111101111111111110, sa_flags=SA_RESTART|SA_SIGINFO
SIGXFSZ: [libjvm.so+0x8e24e0], sa_mask[0]=11111111011111111101111111111110, sa_flags=SA_RESTART|SA_SIGINFO
SIGILL: [libjvm.so+0x8e24e0], sa_mask[0]=11111111011111111101111111111110, sa_flags=SA_RESTART|SA_SIGINFO
SIGUSR1: SIG_DFL, sa_mask[0]=00000000000000000000000000000000, sa_flags=none
SIGUSR2: [libjvm.so+0x8e3d10], sa_mask[0]=00000000000000000000000000000000, sa_flags=SA_RESTART|SA_SIGINFO
SIGHUP: [libjvm.so+0x8e50d0], sa_mask[0]=11111111011111111101111111111110, sa_flags=SA_RESTART|SA_SIGINFO
SIGINT: [libjvm.so+0x8e50d0], sa_mask[0]=11111111011111111101111111111110, sa_flags=SA_RESTART|SA_SIGINFO
SIGTERM: [libjvm.so+0x8e50d0], sa_mask[0]=11111111011111111101111111111110, sa_flags=SA_RESTART|SA_SIGINFO
SIGQUIT: [libjvm.so+0x8e50d0], sa_mask[0]=11111111011111111101111111111110, sa_flags=SA_RESTART|SA_SIGINFO


---------------  S Y S T E M  ---------------

OS:PRETTY_NAME="Debian GNU/Linux 7 (wheezy)"
NAME="Debian GNU/Linux"
VERSION_ID="7"
VERSION="7 (wheezy)"
ID=debian
ANSI_COLOR="1;31"
HOME_URL="http://www.debian.org/"
SUPPORT_URL="http://www.debian.org/support/"
BUG_REPORT_URL="http://bugs.debian.org/"

uname:Linux 3.2.0-4-amd64 #1 SMP Debian 3.2.65-1+deb7u2 x86_64
libc:glibc 2.13 NPTL 2.13 
rlimit: STACK 8192k, CORE 0k, NPROC 63961, NOFILE 4096, AS infinity
load average:1.05 0.96 0.80

/proc/meminfo:
MemTotal:        8199880 kB
MemFree:         1389452 kB
Buffers:          333648 kB
Cached:          3650816 kB
SwapCached:         5272 kB
Active:          4225360 kB
Inactive:        1862692 kB
Active(anon):    1919452 kB
Inactive(anon):   217812 kB
Active(file):    2305908 kB
Inactive(file):  1644880 kB
Unevictable:          16 kB
Mlocked:              16 kB
SwapTotal:       8388604 kB
SwapFree:        8379712 kB
Dirty:              1188 kB
Writeback:             0 kB
AnonPages:       2098932 kB
Mapped:           257596 kB
Shmem:             33676 kB
Slab:             600212 kB
SReclaimable:     555988 kB
SUnreclaim:        44224 kB
KernelStack:        4208 kB
PageTables:        28396 kB
NFS_Unstable:          0 kB
Bounce:                0 kB
WritebackTmp:          0 kB
CommitLimit:    12488544 kB
Committed_AS:    4428060 kB
VmallocTotal:   34359738367 kB
VmallocUsed:      332500 kB
VmallocChunk:   34359398904 kB
HardwareCorrupted:     0 kB
AnonHugePages:         0 kB
HugePages_Total:       0
HugePages_Free:        0
HugePages_Rsvd:        0
HugePages_Surp:        0
Hugepagesize:       2048 kB
DirectMap4k:     4822592 kB
DirectMap2M:     3565568 kB


CPU:total 4 (4 cores per cpu, 1 threads per core) family 6 model 15 stepping 11, cmov, cx8, fxsr, mmx, sse, sse2, sse3, ssse3, tsc

/proc/cpuinfo:
processor	: 0
vendor_id	: GenuineIntel
cpu family	: 6
model		: 15
model name	: Intel(R) Core(TM)2 Quad CPU    Q6600  @ 2.40GHz
stepping	: 11
microcode	: 0xb6
cpu MHz		: 2399.857
cache size	: 4096 KB
physical id	: 0
siblings	: 4
core id		: 0
cpu cores	: 4
apicid		: 0
initial apicid	: 0
fpu		: yes
fpu_exception	: yes
cpuid level	: 10
wp		: yes
flags		: fpu vme de pse tsc msr pae mce cx8 apic sep mtrr pge mca cmov pat pse36 clflush dts acpi mmx fxsr sse sse2 ss ht tm pbe syscall nx lm constant_tsc arch_perfmon pebs bts rep_good nopl aperfmperf pni dtes64 monitor ds_cpl vmx est tm2 ssse3 cx16 xtpr pdcm lahf_lm dtherm tpr_shadow vnmi flexpriority
bogomips	: 4799.71
clflush size	: 64
cache_alignment	: 64
address sizes	: 36 bits physical, 48 bits virtual
power management:

processor	: 1
vendor_id	: GenuineIntel
cpu family	: 6
model		: 15
model name	: Intel(R) Core(TM)2 Quad CPU    Q6600  @ 2.40GHz
stepping	: 11
microcode	: 0xb6
cpu MHz		: 2399.857
cache size	: 4096 KB
physical id	: 0
siblings	: 4
core id		: 1
cpu cores	: 4
apicid		: 1
initial apicid	: 1
fpu		: yes
fpu_exception	: yes
cpuid level	: 10
wp		: yes
flags		: fpu vme de pse tsc msr pae mce cx8 apic sep mtrr pge mca cmov pat pse36 clflush dts acpi mmx fxsr sse sse2 ss ht tm pbe syscall nx lm constant_tsc arch_perfmon pebs bts rep_good nopl aperfmperf pni dtes64 monitor ds_cpl vmx est tm2 ssse3 cx16 xtpr pdcm lahf_lm dtherm tpr_shadow vnmi flexpriority
bogomips	: 4800.22
clflush size	: 64
cache_alignment	: 64
address sizes	: 36 bits physical, 48 bits virtual
power management:

processor	: 2
vendor_id	: GenuineIntel
cpu family	: 6
model		: 15
model name	: Intel(R) Core(TM)2 Quad CPU    Q6600  @ 2.40GHz
stepping	: 11
microcode	: 0xb6
cpu MHz		: 2399.857
cache size	: 4096 KB
physical id	: 0
siblings	: 4
core id		: 2
cpu cores	: 4
apicid		: 2
initial apicid	: 2
fpu		: yes
fpu_exception	: yes
cpuid level	: 10
wp		: yes
flags		: fpu vme de pse tsc msr pae mce cx8 apic sep mtrr pge mca cmov pat pse36 clflush dts acpi mmx fxsr sse sse2 ss ht tm pbe syscall nx lm constant_tsc arch_perfmon pebs bts rep_good nopl aperfmperf pni dtes64 monitor ds_cpl vmx est tm2 ssse3 cx16 xtpr pdcm lahf_lm dtherm tpr_shadow vnmi flexpriority
bogomips	: 4800.28
clflush size	: 64
cache_alignment	: 64
address sizes	: 36 bits physical, 48 bits virtual
power management:

processor	: 3
vendor_id	: GenuineIntel
cpu family	: 6
model		: 15
model name	: Intel(R) Core(TM)2 Quad CPU    Q6600  @ 2.40GHz
stepping	: 11
microcode	: 0xb6
cpu MHz		: 2399.857
cache size	: 4096 KB
physical id	: 0
siblings	: 4
core id		: 3
cpu cores	: 4
apicid		: 3
initial apicid	: 3
fpu		: yes
fpu_exception	: yes
cpuid level	: 10
wp		: yes
flags		: fpu vme de pse tsc msr pae mce cx8 apic sep mtrr pge mca cmov pat pse36 clflush dts acpi mmx fxsr sse sse2 ss ht tm pbe syscall nx lm constant_tsc arch_perfmon pebs bts rep_good nopl aperfmperf pni dtes64 monitor ds_cpl vmx est tm2 ssse3 cx16 xtpr pdcm lahf_lm dtherm tpr_shadow vnmi flexpriority
bogomips	: 4800.23
clflush size	: 64
cache_alignment	: 64
address sizes	: 36 bits physical, 48 bits virtual
power management:



Memory: 4k page, physical 8199880k(1389452k free), swap 8388604k(8379712k free)

vm_info: Java HotSpot(TM) 64-Bit Server VM (25.25-b02) for linux-amd64 JRE (1.8.0_25-b17), built on Sep 17 2014 17:32:11 by "java_re" with gcc 4.3.0 20080428 (Red Hat 4.3.0-8)

time: Wed Apr 29 15:10:31 2015
elapsed time: 11 seconds (0d 0h 0m 11s)

