#
# A fatal error has been detected by the Java Runtime Environment:
#
#  SIGSEGV (0xb) at pc=0x00007fe25bf85060, pid=30358, tid=140611530811136
#
# JRE version: Java(TM) SE Runtime Environment (8.0_25-b17) (build 1.8.0_25-b17)
# Java VM: Java HotSpot(TM) 64-Bit Server VM (25.25-b02 mixed mode linux-amd64 compressed oops)
# Problematic frame:
# C  0x00007fe25bf85060
#
# Failed to write core dump. Core dumps have been disabled. To enable core dumping, try "ulimit -c unlimited" before starting Java again
#
# If you would like to submit a bug report, please visit:
#   http://bugreport.sun.com/bugreport/crash.jsp
#

---------------  T H R E A D  ---------------

Current thread (0x00000000013cf000):  JavaThread "main" [_thread_in_Java, id=30374, stack(0x00007fe2ac486000,0x00007fe2ac587000)]

siginfo: si_signo: 11 (SIGSEGV), si_code: 1 (SEGV_MAPERR), si_addr: 0x00007fe25bf85060

Registers:
RAX=0x00000001000191d0, RBX=0x00000001000191d0, RCX=0x0000000000000047, RDX=0x00007fe2937c4b40
RSP=0x00007fe2ac582fc8, RBP=0x00000000d8b4daa0, RSI=0x00000000d8b4da88, RDI=0x00000000d8b4da88
R8 =0x0000000000000000, R9 =0x0000000000000004, R10=0x00000001000191d0, R11=0x00007fe29a3bf000
R12=0x0000000000000000, R13=0x0000000000000002, R14=0x0000000000000001, R15=0x00000000013cf000
RIP=0x00007fe25bf85060, EFLAGS=0x0000000000010246, CSGSFS=0x0000000000000033, ERR=0x0000000000000014
  TRAPNO=0x000000000000000e

Top of Stack: (sp=0x00007fe2ac582fc8)
0x00007fe2ac582fc8:   00007fe29b4aa5bc 00007fe200000000
0x00007fe2ac582fd8:   00007fe200000000 00007fe2ac583130
0x00007fe2ac582fe8:   00007fe2ac5830f0 00007fe295736a58
0x00007fe2ac582ff8:   00000000013cf000 00007fe295736a58
0x00007fe2ac583008:   00000000013cf000 00007fe295736a58
0x00007fe2ac583018:   00000000013cf000 00007fe2ac583060
0x00007fe2ac583028:   00007fe295736a58 00000000013cf000
0x00007fe2ac583038:   00000000d8ac9760 00007fe2ac5830e0
0x00007fe2ac583048:   00007fe29b46f204 00000000013cf000
0x00007fe2ac583058:   00007fe2ac583150 00007fe2ac5830b0
0x00007fe2ac583068:   00007fe2ab4a8537 00000000013cf000
0x00007fe2ac583078:   00000000ffffffff 00000000d75e29b8
0x00007fe2ac583088:   00000000d75e2978 00000000d67e19b0
0x00007fe2ac583098:   00000000d8b4da18 00000000d8b4daa0
0x00007fe2ac5830a8:   0000001400000000 00000000d75e2a80
0x00007fe2ac5830b8:   00000000d75e2ad8 0000000000000000
0x00007fe2ac5830c8:   00000000d75e2ad8 0000000000000000
0x00007fe2ac5830d8:   00000000d75e2ba8 00000000d75a32e0
0x00007fe2ac5830e8:   0000000000000000 00000000d75a32e0
0x00007fe2ac5830f8:   00000000d75a32e0 00000000d75e2d80
0x00007fe2ac583108:   00000000d8b4da88 00007fe2936fbae0
0x00007fe2ac583118:   0000000000000000 00007fe200000000
0x00007fe2ac583128:   00000000d8b4da88 00000000d75ded60
0x00007fe2ac583138:   00000000d75e2958 00000000d8b4daa0
0x00007fe2ac583148:   00007fe29b4de340 00000000d8b4d9d8
0x00007fe2ac583158:   00000000d67e19b0 00000000d7597300
0x00007fe2ac583168:   00000000d8b4d9d8 00000000d75dec80
0x00007fe2ac583178:   ffffffff00000000 00000000d75ded30
0x00007fe2ac583188:   0000000000000007 00000000d8b4da18
0x00007fe2ac583198:   00000000d75e2978 00000000d67e19b0
0x00007fe2ac5831a8:   0000000000000000 00007fe2ac5831e0
0x00007fe2ac5831b8:   00000000d75dec80 0000000000000009 

Instructions: (pc=0x00007fe25bf85060)
0x00007fe25bf85040:   
[error occurred during error reporting (printing registers, top of stack, instructions near pc), id 0xb]

Register to memory mapping:

RAX=0x00000001000191d0 is pointing into metadata
RBX=0x00000001000191d0 is pointing into metadata
RCX=0x0000000000000047 is an unknown value
RDX=0x00007fe2937c4b40 is pointing into metadata
RSP=0x00007fe2ac582fc8 is pointing into the stack for thread: 0x00000000013cf000
RBP=0x00000000d8b4daa0 is an oop
org.codehaus.plexus.interpolation.PrefixAwareRecursionInterceptor 
 - klass: 'org/codehaus/plexus/interpolation/PrefixAwareRecursionInterceptor'
RSI=0x00000000d8b4da88 is an oop
java.util.ArrayList 
 - klass: 'java/util/ArrayList'
RDI=0x00000000d8b4da88 is an oop
java.util.ArrayList 
 - klass: 'java/util/ArrayList'
R8 =0x0000000000000000 is an unknown value
R9 =0x0000000000000004 is an unknown value
R10=0x00000001000191d0 is pointing into metadata
R11=0x00007fe29a3bf000 is an unknown value
R12=0x0000000000000000 is an unknown value
R13=0x0000000000000002 is an unknown value
R14=0x0000000000000001 is an unknown value
R15=0x00000000013cf000 is a thread


Stack: [0x00007fe2ac486000,0x00007fe2ac587000],  sp=0x00007fe2ac582fc8,  free space=1011k
Native frames: (J=compiled Java code, j=interpreted, Vv=VM code, C=native code)
C  0x00007fe25bf85060


---------------  P R O C E S S  ---------------

Java Threads: ( => current thread )
  0x00000000014a7000 JavaThread "Service Thread" daemon [_thread_blocked, id=30386, stack(0x00007fe293be3000,0x00007fe293ce4000)]
  0x00007fe28c004000 JavaThread "C1 CompilerThread2" daemon [_thread_blocked, id=30385, stack(0x00007fe293ce4000,0x00007fe293de5000)]
  0x00007fe28c001800 JavaThread "C2 CompilerThread1" daemon [_thread_blocked, id=30384, stack(0x00007fe293de5000,0x00007fe293ee6000)]
  0x0000000001476800 JavaThread "C2 CompilerThread0" daemon [_thread_blocked, id=30383, stack(0x00007fe293ee6000,0x00007fe293fe7000)]
  0x0000000001474000 JavaThread "Signal Dispatcher" daemon [_thread_blocked, id=30382, stack(0x00007fe293fe7000,0x00007fe2940e8000)]
  0x0000000001447800 JavaThread "Finalizer" daemon [_thread_blocked, id=30381, stack(0x00007fe2940e8000,0x00007fe2941e9000)]
  0x000000000143f800 JavaThread "Reference Handler" daemon [_thread_blocked, id=30380, stack(0x00007fe2941e9000,0x00007fe2942ea000)]
=>0x00000000013cf000 JavaThread "main" [_thread_in_Java, id=30374, stack(0x00007fe2ac486000,0x00007fe2ac587000)]

Other Threads:
  0x0000000001438800 VMThread [stack: 0x00007fe2942ea000,0x00007fe2943eb000] [id=30379]
  0x00000000014b2000 WatcherThread [stack: 0x00007fe293ae2000,0x00007fe293be3000] [id=30387]

VM state:not at safepoint (normal execution)

VM Mutex/Monitor currently owned by a thread: None

Heap:
 PSYoungGen      total 37888K, used 22805K [0x00000000d6500000, 0x00000000daf00000, 0x0000000100000000)
  eden space 32768K, 54% used [0x00000000d6500000,0x00000000d764d2c0,0x00000000d8500000)
  from space 5120K, 99% used [0x00000000d8a00000,0x00000000d8ef8290,0x00000000d8f00000)
  to   space 5120K, 0% used [0x00000000d8500000,0x00000000d8500000,0x00000000d8a00000)
 ParOldGen       total 86016K, used 1990K [0x0000000082e00000, 0x0000000088200000, 0x00000000d6500000)
  object space 86016K, 2% used [0x0000000082e00000,0x0000000082ff1bf0,0x0000000088200000)
 Metaspace       used 13549K, capacity 13768K, committed 14080K, reserved 1060864K
  class space    used 1658K, capacity 1770K, committed 1792K, reserved 1048576K

Card table byte_map: [0x00007fe29a7d6000,0x00007fe29abc0000] byte_map_base: 0x00007fe29a3bf000

Marking Bits: (ParMarkBitMap*) 0x00007fe2ab9ba2c0
 Begin Bits: [0x00007fe2962a6000, 0x00007fe2981ee000)
 End Bits:   [0x00007fe2981ee000, 0x00007fe29a136000)

Polling page: 0x00007fe2ac5c1000

CodeCache: size=245760Kb used=5541Kb max_used=5544Kb free=240218Kb
 bounds [0x00007fe29af80000, 0x00007fe29b4f0000, 0x00007fe2a9f80000]
 total_blobs=2003 nmethods=1682 adapters=236
 compilation: enabled

Compilation events (10 events):
Event: 2.126 Thread 0x00007fe28c001800 nmethod 1676 0x00007fe29b4e44d0 code [0x00007fe29b4e46c0, 0x00007fe29b4e4da0]
Event: 2.176 Thread 0x00007fe28c004000 1680       1       java.nio.Buffer::capacity (5 bytes)
Event: 2.176 Thread 0x00007fe28c001800 1681       4       java.nio.ByteBuffer::array (35 bytes)
Event: 2.176 Thread 0x00007fe28c004000 nmethod 1680 0x00007fe29b4e4210 code [0x00007fe29b4e4360, 0x00007fe29b4e4470]
Event: 2.177 Thread 0x00007fe28c001800 nmethod 1681 0x00007fe29b4c5a50 code [0x00007fe29b4c5ba0, 0x00007fe29b4c5c38]
Event: 2.177 Thread 0x00007fe28c004000 1682       1       org.apache.maven.model.Parent::getVersion (5 bytes)
Event: 2.177 Thread 0x00007fe28c004000 nmethod 1682 0x00007fe29b4e3f50 code [0x00007fe29b4e40a0, 0x00007fe29b4e41b0]
Event: 2.181 Thread 0x0000000001476800 1683       4       java.util.ArrayList::isEmpty (13 bytes)
Event: 2.181 Thread 0x00007fe28c004000 1684       3       sun.reflect.UnsafeObjectFieldAccessorImpl::set (56 bytes)
Event: 2.182 Thread 0x0000000001476800 nmethod 1683 0x00007fe29b4e2490 code [0x00007fe29b4e25e0, 0x00007fe29b4e2658]

GC Heap History (4 events):
Event: 0.753 GC heap before
{Heap before GC invocations=1 (full 0):
 PSYoungGen      total 37888K, used 32768K [0x00000000d6500000, 0x00000000d8f00000, 0x0000000100000000)
  eden space 32768K, 100% used [0x00000000d6500000,0x00000000d8500000,0x00000000d8500000)
  from space 5120K, 0% used [0x00000000d8a00000,0x00000000d8a00000,0x00000000d8f00000)
  to   space 5120K, 0% used [0x00000000d8500000,0x00000000d8500000,0x00000000d8a00000)
 ParOldGen       total 86016K, used 0K [0x0000000082e00000, 0x0000000088200000, 0x00000000d6500000)
  object space 86016K, 0% used [0x0000000082e00000,0x0000000082e00000,0x0000000088200000)
 Metaspace       used 7708K, capacity 7806K, committed 7936K, reserved 1056768K
  class space    used 943K, capacity 985K, committed 1024K, reserved 1048576K
Event: 0.761 GC heap after
Heap after GC invocations=1 (full 0):
 PSYoungGen      total 37888K, used 4644K [0x00000000d6500000, 0x00000000d8f00000, 0x0000000100000000)
  eden space 32768K, 0% used [0x00000000d6500000,0x00000000d6500000,0x00000000d8500000)
  from space 5120K, 90% used [0x00000000d8500000,0x00000000d8989168,0x00000000d8a00000)
  to   space 5120K, 0% used [0x00000000d8a00000,0x00000000d8a00000,0x00000000d8f00000)
 ParOldGen       total 86016K, used 16K [0x0000000082e00000, 0x0000000088200000, 0x00000000d6500000)
  object space 86016K, 0% used [0x0000000082e00000,0x0000000082e04000,0x0000000088200000)
 Metaspace       used 7708K, capacity 7806K, committed 7936K, reserved 1056768K
  class space    used 943K, capacity 985K, committed 1024K, reserved 1048576K
}
Event: 1.387 GC heap before
{Heap before GC invocations=2 (full 0):
 PSYoungGen      total 37888K, used 37412K [0x00000000d6500000, 0x00000000d8f00000, 0x0000000100000000)
  eden space 32768K, 100% used [0x00000000d6500000,0x00000000d8500000,0x00000000d8500000)
  from space 5120K, 90% used [0x00000000d8500000,0x00000000d8989168,0x00000000d8a00000)
  to   space 5120K, 0% used [0x00000000d8a00000,0x00000000d8a00000,0x00000000d8f00000)
 ParOldGen       total 86016K, used 16K [0x0000000082e00000, 0x0000000088200000, 0x00000000d6500000)
  object space 86016K, 0% used [0x0000000082e00000,0x0000000082e04000,0x0000000088200000)
 Metaspace       used 11977K, capacity 12144K, committed 12416K, reserved 1060864K
  class space    used 1495K, capacity 1574K, committed 1664K, reserved 1048576K
Event: 1.404 GC heap after
Heap after GC invocations=2 (full 0):
 PSYoungGen      total 37888K, used 5088K [0x00000000d6500000, 0x00000000daf00000, 0x0000000100000000)
  eden space 32768K, 0% used [0x00000000d6500000,0x00000000d6500000,0x00000000d8500000)
  from space 5120K, 99% used [0x00000000d8a00000,0x00000000d8ef8290,0x00000000d8f00000)
  to   space 5120K, 0% used [0x00000000d8500000,0x00000000d8500000,0x00000000d8a00000)
 ParOldGen       total 86016K, used 1990K [0x0000000082e00000, 0x0000000088200000, 0x00000000d6500000)
  object space 86016K, 2% used [0x0000000082e00000,0x0000000082ff1bf0,0x0000000088200000)
 Metaspace       used 11977K, capacity 12144K, committed 12416K, reserved 1060864K
  class space    used 1495K, capacity 1574K, committed 1664K, reserved 1048576K
}

Deoptimization events (4 events):
Event: 1.654 Thread 0x00000000013cf000 Uncommon trap: reason=unreached action=reinterpret pc=0x00007fe29b260254 method=java.util.HashMap.hash(Ljava/lang/Object;)I @ 1
Event: 1.654 Thread 0x00000000013cf000 Uncommon trap: reason=unreached action=reinterpret pc=0x00007fe29b360c28 method=java.util.HashMap.hash(Ljava/lang/Object;)I @ 1
Event: 1.786 Thread 0x00000000013cf000 Uncommon trap: reason=null_check action=make_not_entrant pc=0x00007fe29b4a0c34 method=org.apache.maven.model.io.xpp3.MavenXpp3Reader.checkFieldWithDuplicate(Lorg/codehaus/plexus/util/xml/pull/XmlPullParser;Ljava/lang/String;Ljava/lang/String;Ljava/util/Se
Event: 1.898 Thread 0x00000000013cf000 Uncommon trap: reason=predicate action=maybe_recompile pc=0x00007fe29b48bf0c method=java.nio.charset.CharsetDecoder.decode(Ljava/nio/ByteBuffer;Ljava/nio/CharBuffer;Z)Ljava/nio/charset/CoderResult; @ 54

Internal exceptions (10 events):
Event: 1.779 Thread 0x00000000013cf000 Exception <a 'java/security/PrivilegedActionException'> (0x00000000d733f2f0) thrown at [/HUDSON/workspace/8-2-build-linux-amd64/jdk8u25/1514/hotspot/src/share/vm/prims/jvm.cpp, line 1312]
Event: 1.780 Thread 0x00000000013cf000 Exception <a 'java/security/PrivilegedActionException'> (0x00000000d7345e78) thrown at [/HUDSON/workspace/8-2-build-linux-amd64/jdk8u25/1514/hotspot/src/share/vm/prims/jvm.cpp, line 1312]
Event: 1.780 Thread 0x00000000013cf000 Exception <a 'java/security/PrivilegedActionException'> (0x00000000d7346860) thrown at [/HUDSON/workspace/8-2-build-linux-amd64/jdk8u25/1514/hotspot/src/share/vm/prims/jvm.cpp, line 1312]
Event: 1.786 Thread 0x00000000013cf000 Implicit null exception at 0x00007fe29b4a0268 to 0x00007fe29b4a0c15
Event: 1.796 Thread 0x00000000013cf000 Exception <a 'java/security/PrivilegedActionException'> (0x00000000d73b4900) thrown at [/HUDSON/workspace/8-2-build-linux-amd64/jdk8u25/1514/hotspot/src/share/vm/prims/jvm.cpp, line 1312]
Event: 1.796 Thread 0x00000000013cf000 Exception <a 'java/security/PrivilegedActionException'> (0x00000000d73b5298) thrown at [/HUDSON/workspace/8-2-build-linux-amd64/jdk8u25/1514/hotspot/src/share/vm/prims/jvm.cpp, line 1312]
Event: 1.796 Thread 0x00000000013cf000 Exception <a 'java/security/PrivilegedActionException'> (0x00000000d73bbcc0) thrown at [/HUDSON/workspace/8-2-build-linux-amd64/jdk8u25/1514/hotspot/src/share/vm/prims/jvm.cpp, line 1312]
Event: 1.796 Thread 0x00000000013cf000 Exception <a 'java/security/PrivilegedActionException'> (0x00000000d73bc630) thrown at [/HUDSON/workspace/8-2-build-linux-amd64/jdk8u25/1514/hotspot/src/share/vm/prims/jvm.cpp, line 1312]
Event: 1.797 Thread 0x00000000013cf000 Exception <a 'java/security/PrivilegedActionException'> (0x00000000d73c2148) thrown at [/HUDSON/workspace/8-2-build-linux-amd64/jdk8u25/1514/hotspot/src/share/vm/prims/jvm.cpp, line 1312]
Event: 1.798 Thread 0x00000000013cf000 Exception <a 'java/security/PrivilegedActionException'> (0x00000000d73c2a98) thrown at [/HUDSON/workspace/8-2-build-linux-amd64/jdk8u25/1514/hotspot/src/share/vm/prims/jvm.cpp, line 1312]

Events (10 events):
Event: 1.898 Thread 0x00000000013cf000 DEOPT PACKING pc=0x00007fe29b48bf0c sp=0x00007fe2ac583850
Event: 1.898 Thread 0x00000000013cf000 DEOPT UNPACKING pc=0x00007fe29af84f69 sp=0x00007fe2ac583798 mode 2
Event: 1.969 loading class java/util/ArrayList$1
Event: 1.969 loading class java/util/ArrayList$1 done
Event: 2.114 Executing VM operation: ForceSafepoint
Event: 2.114 Executing VM operation: ForceSafepoint done
Event: 2.116 loading class java/util/AbstractMap$SimpleImmutableEntry
Event: 2.116 loading class java/util/AbstractMap$SimpleImmutableEntry done
Event: 2.176 loading class java/util/ArrayList$SubList$1
Event: 2.177 loading class java/util/ArrayList$SubList$1 done


Dynamic libraries:
00400000-00401000 r-xp 00000000 00:14 138267735                          /gpfs/main/course/cs032/bin/jdk1.8.0_25/bin/java
00600000-00601000 rw-p 00000000 00:14 138267735                          /gpfs/main/course/cs032/bin/jdk1.8.0_25/bin/java
013c6000-0242f000 rw-p 00000000 00:00 0                                  [heap]
82e00000-88200000 rw-p 00000000 00:00 0 
88200000-d6500000 ---p 00000000 00:00 0 
d6500000-daf00000 rw-p 00000000 00:00 0 
daf00000-100000000 ---p 00000000 00:00 0 
100000000-1001c0000 rw-p 00000000 00:00 0 
1001c0000-140000000 ---p 00000000 00:00 0 
7fe284000000-7fe284021000 rw-p 00000000 00:00 0 
7fe284021000-7fe288000000 ---p 00000000 00:00 0 
7fe28c000000-7fe28ce0b000 rw-p 00000000 00:00 0 
7fe28ce0b000-7fe290000000 ---p 00000000 00:00 0 
7fe2931ec000-7fe2931fd000 r-xp 00000000 00:14 136611464                  /gpfs/main/course/cs032/bin/jdk1.8.0_25/jre/lib/amd64/libnio.so
7fe2931fd000-7fe2933fc000 ---p 00011000 00:14 136611464                  /gpfs/main/course/cs032/bin/jdk1.8.0_25/jre/lib/amd64/libnio.so
7fe2933fc000-7fe2933fd000 rw-p 00010000 00:14 136611464                  /gpfs/main/course/cs032/bin/jdk1.8.0_25/jre/lib/amd64/libnio.so
7fe2933fd000-7fe293413000 r-xp 00000000 00:14 136610987                  /gpfs/main/course/cs032/bin/jdk1.8.0_25/jre/lib/amd64/libnet.so
7fe293413000-7fe293613000 ---p 00016000 00:14 136610987                  /gpfs/main/course/cs032/bin/jdk1.8.0_25/jre/lib/amd64/libnet.so
7fe293613000-7fe293614000 rw-p 00016000 00:14 136610987                  /gpfs/main/course/cs032/bin/jdk1.8.0_25/jre/lib/amd64/libnet.so
7fe293614000-7fe293618000 r--s 00093000 00:14 136611567                  /gpfs/main/course/cs032/bin/jdk1.8.0_25/jre/lib/jsse.jar
7fe293618000-7fe293818000 rw-p 00000000 00:00 0 
7fe293818000-7fe293a18000 rw-p 00000000 00:00 0 
7fe293a18000-7fe293a34000 r--s 00393000 00:14 136611667                  /gpfs/main/course/cs032/bin/jdk1.8.0_25/jre/lib/ext/cldrdata.jar
7fe293a34000-7fe293a3e000 r--s 00116000 00:14 136611642                  /gpfs/main/course/cs032/bin/jdk1.8.0_25/jre/lib/ext/localedata.jar
7fe293a3e000-7fe293a3f000 r--s 00002000 00:14 50783475                   /gpfs/main/course/cs032/bin/apache-maven-3.2.3/lib/slf4j-simple-1.7.5.jar
7fe293a3f000-7fe293a41000 r--s 00007000 00:14 50783474                   /gpfs/main/course/cs032/bin/apache-maven-3.2.3/lib/aether-connector-wagon-0.9.0.M2.jar
7fe293a41000-7fe293a42000 r--s 00002000 00:14 50783469                   /gpfs/main/course/cs032/bin/apache-maven-3.2.3/lib/wagon-file-2.6.jar
7fe293a42000-7fe293a46000 r--s 00027000 00:14 50783464                   /gpfs/main/course/cs032/bin/apache-maven-3.2.3/lib/commons-io-2.2.jar
7fe293a46000-7fe293a4b000 r--s 00041000 00:14 50783460                   /gpfs/main/course/cs032/bin/apache-maven-3.2.3/lib/commons-lang-2.6.jar
7fe293a4b000-7fe293a51000 r--s 00042000 00:14 50783457                   /gpfs/main/course/cs032/bin/apache-maven-3.2.3/lib/jsoup-1.7.2.jar
7fe293a51000-7fe293a70000 r--s 00134000 00:14 50783453                   /gpfs/main/course/cs032/bin/apache-maven-3.2.3/lib/wagon-http-2.6-shaded.jar
7fe293a70000-7fe293a72000 r--s 00009000 00:14 50783447                   /gpfs/main/course/cs032/bin/apache-maven-3.2.3/lib/commons-cli-1.2.jar
7fe293a72000-7fe293a74000 r--s 00005000 00:14 50783446                   /gpfs/main/course/cs032/bin/apache-maven-3.2.3/lib/slf4j-api-1.7.5.jar
7fe293a74000-7fe293a76000 r--s 0000b000 00:14 50783445                   /gpfs/main/course/cs032/bin/apache-maven-3.2.3/lib/wagon-provider-api-2.6.jar
7fe293a76000-7fe293a7d000 r--s 0003f000 00:14 50783443                   /gpfs/main/course/cs032/bin/apache-maven-3.2.3/lib/maven-compat-3.2.3.jar
7fe293a7d000-7fe293a81000 r--s 00020000 00:14 50783441                   /gpfs/main/course/cs032/bin/apache-maven-3.2.3/lib/aether-impl-0.9.0.M2.jar
7fe293a81000-7fe293a85000 r--s 0001d000 00:14 50783440                   /gpfs/main/course/cs032/bin/apache-maven-3.2.3/lib/aether-util-0.9.0.M2.jar
7fe293a85000-7fe293a87000 r--s 00003000 00:14 50783439                   /gpfs/main/course/cs032/bin/apache-maven-3.2.3/lib/aether-spi-0.9.0.M2.jar
7fe293a87000-7fe293a8b000 r--s 0001d000 00:14 50783438                   /gpfs/main/course/cs032/bin/apache-maven-3.2.3/lib/aether-api-0.9.0.M2.jar
7fe293a8b000-7fe293a8d000 r--s 0000e000 00:14 50783437                   /gpfs/main/course/cs032/bin/apache-maven-3.2.3/lib/maven-aether-provider-3.2.3.jar
7fe293a8d000-7fe293a92000 r--s 00025000 00:14 50783436                   /gpfs/main/course/cs032/bin/apache-maven-3.2.3/lib/maven-model-builder-3.2.3.jar
7fe293a92000-7fe293a98000 r--s 00042000 00:14 50783433                   /gpfs/main/course/cs032/bin/apache-maven-3.2.3/lib/org.eclipse.sisu.inject-0.0.0.M5.jar
7fe293a98000-7fe293a9a000 r--s 00000000 00:14 50783432                   /gpfs/main/course/cs032/bin/apache-maven-3.2.3/lib/aopalliance-1.0.jar
7fe293a9a000-7fe293aa2000 r--s 00050000 00:14 50783431                   /gpfs/main/course/cs032/bin/apache-maven-3.2.3/lib/sisu-guice-3.1.3-no_aop.jar
7fe293aa2000-7fe293acb000 r--s 001ee000 00:14 50783429                   /gpfs/main/course/cs032/bin/apache-maven-3.2.3/lib/guava-14.0.1.jar
7fe293acb000-7fe293acc000 r--s 00000000 00:14 50783426                   /gpfs/main/course/cs032/bin/apache-maven-3.2.3/lib/javax.inject-1.jar
7fe293acc000-7fe293acd000 r--s 00001000 00:14 50783425                   /gpfs/main/course/cs032/bin/apache-maven-3.2.3/lib/jsr250-api-1.0.jar
7fe293acd000-7fe293ad0000 r--s 00008000 00:14 50783419                   /gpfs/main/course/cs032/bin/apache-maven-3.2.3/lib/cdi-api-1.0.jar
7fe293ad0000-7fe293ad6000 r--s 0002a000 00:14 50783416                   /gpfs/main/course/cs032/bin/apache-maven-3.2.3/lib/org.eclipse.sisu.plexus-0.0.0.M5.jar
7fe293ad6000-7fe293ad8000 r--s 0000a000 00:14 50783415                   /gpfs/main/course/cs032/bin/apache-maven-3.2.3/lib/maven-plugin-api-3.2.3.jar
7fe293ad8000-7fe293adb000 r--s 0000b000 00:14 50783414                   /gpfs/main/course/cs032/bin/apache-maven-3.2.3/lib/maven-artifact-3.2.3.jar
7fe293adb000-7fe293add000 r--s 00005000 00:14 50783378                   /gpfs/main/course/cs032/bin/apache-maven-3.2.3/lib/maven-repository-metadata-3.2.3.jar
7fe293add000-7fe293adf000 r--s 00002000 00:14 49955756                   /gpfs/main/course/cs032/bin/apache-maven-3.2.3/lib/plexus-cipher-1.7.jar
7fe293adf000-7fe293ae2000 r--s 0000a000 00:14 50783308                   /gpfs/main/course/cs032/bin/apache-maven-3.2.3/boot/plexus-classworlds-2.5.1.jar
7fe293ae2000-7fe293ae3000 ---p 00000000 00:00 0 
7fe293ae3000-7fe293be3000 rw-p 00000000 00:00 0 
7fe293be3000-7fe293be6000 ---p 00000000 00:00 0 
7fe293be6000-7fe293ce4000 rw-p 00000000 00:00 0 
7fe293ce4000-7fe293ce7000 ---p 00000000 00:00 0 
7fe293ce7000-7fe293de5000 rw-p 00000000 00:00 0 
7fe293de5000-7fe293de8000 ---p 00000000 00:00 0 
7fe293de8000-7fe293ee6000 rw-p 00000000 00:00 0 
7fe293ee6000-7fe293ee9000 ---p 00000000 00:00 0 
7fe293ee9000-7fe293fe7000 rw-p 00000000 00:00 0 
7fe293fe7000-7fe293fea000 ---p 00000000 00:00 0 
7fe293fea000-7fe2940e8000 rw-p 00000000 00:00 0 
7fe2940e8000-7fe2940eb000 ---p 00000000 00:00 0 
7fe2940eb000-7fe2941e9000 rw-p 00000000 00:00 0 
7fe2941e9000-7fe2941ec000 ---p 00000000 00:00 0 
7fe2941ec000-7fe2942ea000 rw-p 00000000 00:00 0 
7fe2942ea000-7fe2942eb000 ---p 00000000 00:00 0 
7fe2942eb000-7fe2953ee000 rw-p 00000000 00:00 0 
7fe2953ee000-7fe2955c4000 r--s 03caa000 00:14 136611550                  /gpfs/main/course/cs032/bin/jdk1.8.0_25/jre/lib/rt.jar
7fe2955c4000-7fe29a136000 rw-p 00000000 00:00 0 
7fe29a136000-7fe29a137000 ---p 00000000 00:00 0 
7fe29a137000-7fe29a237000 rw-p 00000000 00:00 0 
7fe29a237000-7fe29a238000 ---p 00000000 00:00 0 
7fe29a238000-7fe29a338000 rw-p 00000000 00:00 0 
7fe29a338000-7fe29a339000 ---p 00000000 00:00 0 
7fe29a339000-7fe29a439000 rw-p 00000000 00:00 0 
7fe29a439000-7fe29a43a000 ---p 00000000 00:00 0 
7fe29a43a000-7fe29a564000 rw-p 00000000 00:00 0 
7fe29a564000-7fe29a7d6000 ---p 00000000 00:00 0 
7fe29a7d6000-7fe29a800000 rw-p 00000000 00:00 0 
7fe29a800000-7fe29aa71000 ---p 00000000 00:00 0 
7fe29aa71000-7fe29aa97000 rw-p 00000000 00:00 0 
7fe29aa97000-7fe29abbf000 ---p 00000000 00:00 0 
7fe29abbf000-7fe29abd6000 rw-p 00000000 00:00 0 
7fe29abd6000-7fe29af80000 ---p 00000000 00:00 0 
7fe29af80000-7fe29b4f0000 rwxp 00000000 00:00 0 
7fe29b4f0000-7fe2a9f80000 ---p 00000000 00:00 0 
7fe2a9f80000-7fe2a9f9a000 r-xp 00000000 00:14 136610880                  /gpfs/main/course/cs032/bin/jdk1.8.0_25/jre/lib/amd64/libzip.so
7fe2a9f9a000-7fe2aa19a000 ---p 0001a000 00:14 136610880                  /gpfs/main/course/cs032/bin/jdk1.8.0_25/jre/lib/amd64/libzip.so
7fe2aa19a000-7fe2aa19b000 rw-p 0001a000 00:14 136610880                  /gpfs/main/course/cs032/bin/jdk1.8.0_25/jre/lib/amd64/libzip.so
7fe2aa19b000-7fe2aa1c5000 r-xp 00000000 00:14 136610822                  /gpfs/main/course/cs032/bin/jdk1.8.0_25/jre/lib/amd64/libjava.so
7fe2aa1c5000-7fe2aa3c5000 ---p 0002a000 00:14 136610822                  /gpfs/main/course/cs032/bin/jdk1.8.0_25/jre/lib/amd64/libjava.so
7fe2aa3c5000-7fe2aa3c7000 rw-p 0002a000 00:14 136610822                  /gpfs/main/course/cs032/bin/jdk1.8.0_25/jre/lib/amd64/libjava.so
7fe2aa3c7000-7fe2aa3d4000 r-xp 00000000 00:14 136610855                  /gpfs/main/course/cs032/bin/jdk1.8.0_25/jre/lib/amd64/libverify.so
7fe2aa3d4000-7fe2aa5d4000 ---p 0000d000 00:14 136610855                  /gpfs/main/course/cs032/bin/jdk1.8.0_25/jre/lib/amd64/libverify.so
7fe2aa5d4000-7fe2aa5d6000 rw-p 0000d000 00:14 136610855                  /gpfs/main/course/cs032/bin/jdk1.8.0_25/jre/lib/amd64/libverify.so
7fe2aa5d6000-7fe2aa5dd000 r-xp 00000000 fe:00 2691                       /lib/x86_64-linux-gnu/librt-2.13.so
7fe2aa5dd000-7fe2aa7dc000 ---p 00007000 fe:00 2691                       /lib/x86_64-linux-gnu/librt-2.13.so
7fe2aa7dc000-7fe2aa7dd000 r--p 00006000 fe:00 2691                       /lib/x86_64-linux-gnu/librt-2.13.so
7fe2aa7dd000-7fe2aa7de000 rw-p 00007000 fe:00 2691                       /lib/x86_64-linux-gnu/librt-2.13.so
7fe2aa7de000-7fe2aa85f000 r-xp 00000000 fe:00 2389                       /lib/x86_64-linux-gnu/libm-2.13.so
7fe2aa85f000-7fe2aaa5e000 ---p 00081000 fe:00 2389                       /lib/x86_64-linux-gnu/libm-2.13.so
7fe2aaa5e000-7fe2aaa5f000 r--p 00080000 fe:00 2389                       /lib/x86_64-linux-gnu/libm-2.13.so
7fe2aaa5f000-7fe2aaa60000 rw-p 00081000 fe:00 2389                       /lib/x86_64-linux-gnu/libm-2.13.so
7fe2aaa60000-7fe2ab6cd000 r-xp 00000000 00:14 136611394                  /gpfs/main/course/cs032/bin/jdk1.8.0_25/jre/lib/amd64/server/libjvm.so
7fe2ab6cd000-7fe2ab8cc000 ---p 00c6d000 00:14 136611394                  /gpfs/main/course/cs032/bin/jdk1.8.0_25/jre/lib/amd64/server/libjvm.so
7fe2ab8cc000-7fe2ab9a2000 rw-p 00c6c000 00:14 136611394                  /gpfs/main/course/cs032/bin/jdk1.8.0_25/jre/lib/amd64/server/libjvm.so
7fe2ab9a2000-7fe2ab9e5000 rw-p 00000000 00:00 0 
7fe2ab9e5000-7fe2abb66000 r-xp 00000000 fe:00 2496                       /lib/x86_64-linux-gnu/libc-2.13.so
7fe2abb66000-7fe2abd66000 ---p 00181000 fe:00 2496                       /lib/x86_64-linux-gnu/libc-2.13.so
7fe2abd66000-7fe2abd6a000 r--p 00181000 fe:00 2496                       /lib/x86_64-linux-gnu/libc-2.13.so
7fe2abd6a000-7fe2abd6b000 rw-p 00185000 fe:00 2496                       /lib/x86_64-linux-gnu/libc-2.13.so
7fe2abd6b000-7fe2abd70000 rw-p 00000000 00:00 0 
7fe2abd70000-7fe2abd72000 r-xp 00000000 fe:00 2626                       /lib/x86_64-linux-gnu/libdl-2.13.so
7fe2abd72000-7fe2abf72000 ---p 00002000 fe:00 2626                       /lib/x86_64-linux-gnu/libdl-2.13.so
7fe2abf72000-7fe2abf73000 r--p 00002000 fe:00 2626                       /lib/x86_64-linux-gnu/libdl-2.13.so
7fe2abf73000-7fe2abf74000 rw-p 00003000 fe:00 2626                       /lib/x86_64-linux-gnu/libdl-2.13.so
7fe2abf74000-7fe2abf89000 r-xp 00000000 00:14 174988983                  /gpfs/main/course/cs032/bin/jdk1.8.0_25/lib/amd64/jli/libjli.so
7fe2abf89000-7fe2ac188000 ---p 00015000 00:14 174988983                  /gpfs/main/course/cs032/bin/jdk1.8.0_25/lib/amd64/jli/libjli.so
7fe2ac188000-7fe2ac189000 rw-p 00014000 00:14 174988983                  /gpfs/main/course/cs032/bin/jdk1.8.0_25/lib/amd64/jli/libjli.so
7fe2ac189000-7fe2ac1a0000 r-xp 00000000 fe:00 2695                       /lib/x86_64-linux-gnu/libpthread-2.13.so
7fe2ac1a0000-7fe2ac39f000 ---p 00017000 fe:00 2695                       /lib/x86_64-linux-gnu/libpthread-2.13.so
7fe2ac39f000-7fe2ac3a0000 r--p 00016000 fe:00 2695                       /lib/x86_64-linux-gnu/libpthread-2.13.so
7fe2ac3a0000-7fe2ac3a1000 rw-p 00017000 fe:00 2695                       /lib/x86_64-linux-gnu/libpthread-2.13.so
7fe2ac3a1000-7fe2ac3a5000 rw-p 00000000 00:00 0 
7fe2ac3a5000-7fe2ac3c5000 r-xp 00000000 fe:00 2680                       /lib/x86_64-linux-gnu/ld-2.13.so
7fe2ac3c5000-7fe2ac3c6000 r--s 00006000 00:14 50783328                   /gpfs/main/course/cs032/bin/apache-maven-3.2.3/lib/plexus-sec-dispatcher-1.3.jar
7fe2ac3c6000-7fe2ac3c8000 r--s 00000000 00:14 50783240                   /gpfs/main/course/cs032/bin/apache-maven-3.2.3/lib/plexus-component-annotations-1.5.5.jar
7fe2ac3c8000-7fe2ac3cb000 r--s 0000d000 00:14 49127297                   /gpfs/main/course/cs032/bin/apache-maven-3.2.3/lib/plexus-interpolation-1.19.jar
7fe2ac3cb000-7fe2ac3cd000 r--s 00009000 00:14 50783375                   /gpfs/main/course/cs032/bin/apache-maven-3.2.3/lib/maven-settings-builder-3.2.3.jar
7fe2ac3cd000-7fe2ac3d0000 r--s 00025000 00:14 50783269                   /gpfs/main/course/cs032/bin/apache-maven-3.2.3/lib/maven-model-3.2.3.jar
7fe2ac3d0000-7fe2ac3dc000 r--s 00085000 00:14 49955830                   /gpfs/main/course/cs032/bin/apache-maven-3.2.3/lib/maven-core-3.2.3.jar
7fe2ac3dc000-7fe2ac3e0000 r--s 0003a000 00:14 50783382                   /gpfs/main/course/cs032/bin/apache-maven-3.2.3/lib/plexus-utils-3.0.17.jar
7fe2ac3e0000-7fe2ac486000 r--s 00000000 00:0e 6008                       /run/nscd/dbJAixXU (deleted)
7fe2ac486000-7fe2ac489000 ---p 00000000 00:00 0 
7fe2ac489000-7fe2ac58b000 rw-p 00000000 00:00 0 
7fe2ac58b000-7fe2ac58c000 r--s 00002000 00:14 50783454                   /gpfs/main/course/cs032/bin/apache-maven-3.2.3/lib/wagon-http-shared-2.6.jar
7fe2ac58c000-7fe2ac58e000 r--s 00009000 00:14 50783265                   /gpfs/main/course/cs032/bin/apache-maven-3.2.3/lib/maven-settings-3.2.3.jar
7fe2ac58e000-7fe2ac590000 r--s 0000d000 00:14 49955724                   /gpfs/main/course/cs032/bin/apache-maven-3.2.3/lib/maven-embedder-3.2.3.jar
7fe2ac590000-7fe2ac5b8000 rw-p 00000000 00:00 0 
7fe2ac5b8000-7fe2ac5c0000 rw-s 00000000 fe:04 1004                       /tmp/hsperfdata_dshieble/30358
7fe2ac5c0000-7fe2ac5c1000 rw-p 00000000 00:00 0 
7fe2ac5c1000-7fe2ac5c2000 r--p 00000000 00:00 0 
7fe2ac5c2000-7fe2ac5c4000 rw-p 00000000 00:00 0 
7fe2ac5c4000-7fe2ac5c5000 r--p 0001f000 fe:00 2680                       /lib/x86_64-linux-gnu/ld-2.13.so
7fe2ac5c5000-7fe2ac5c6000 rw-p 00020000 fe:00 2680                       /lib/x86_64-linux-gnu/ld-2.13.so
7fe2ac5c6000-7fe2ac5c7000 rw-p 00000000 00:00 0 
7ffd95a4d000-7ffd95a6e000 rw-p 00000000 00:00 0                          [stack]
7ffd95b4f000-7ffd95b50000 r-xp 00000000 00:00 0                          [vdso]
ffffffffff600000-ffffffffff601000 r-xp 00000000 00:00 0                  [vsyscall]

VM Arguments:
jvm_args: -Dclassworlds.conf=/course/cs032/bin/apache-maven-3.2.3/bin/m2.conf -Dmaven.home=/course/cs032/bin/apache-maven-3.2.3 
java_command: org.codehaus.plexus.classworlds.launcher.Launcher package
java_class_path (initial): /course/cs032/bin/apache-maven-3.2.3/boot/plexus-classworlds-2.5.1.jar
Launcher Type: SUN_STANDARD

Environment Variables:
JAVA_HOME=/gpfs/main/course/cs032/bin/jdk1.8.0_25
PATH=/course/cs032/bin:/local/bin:/usr/local/bin:/bin:/usr/bin:/usr/X11R6/bin:/usr/games:/contrib/bin:/course/cs051/bin:/course/cs032/bin:/course/cs141/bin:/course/cs157/bin:/course/cs004/tabin:/course/cs004/bin:/admin/tasupport/bin:/course/cs053/tabin:/course/cs053/bin
SHELL=/bin/bash
DISPLAY=:4.0

Signal Handlers:
SIGSEGV: [libjvm.so+0xa79a80], sa_mask[0]=11111111011111111101111111111110, sa_flags=SA_RESTART|SA_SIGINFO
SIGBUS: [libjvm.so+0xa79a80], sa_mask[0]=11111111011111111101111111111110, sa_flags=SA_RESTART|SA_SIGINFO
SIGFPE: [libjvm.so+0x8e24e0], sa_mask[0]=11111111011111111101111111111110, sa_flags=SA_RESTART|SA_SIGINFO
SIGPIPE: [libjvm.so+0x8e24e0], sa_mask[0]=11111111011111111101111111111110, sa_flags=SA_RESTART|SA_SIGINFO
SIGXFSZ: [libjvm.so+0x8e24e0], sa_mask[0]=11111111011111111101111111111110, sa_flags=SA_RESTART|SA_SIGINFO
SIGILL: [libjvm.so+0x8e24e0], sa_mask[0]=11111111011111111101111111111110, sa_flags=SA_RESTART|SA_SIGINFO
SIGUSR1: SIG_DFL, sa_mask[0]=00000000000000000000000000000000, sa_flags=none
SIGUSR2: [libjvm.so+0x8e3d10], sa_mask[0]=00000000000000000000000000000000, sa_flags=SA_RESTART|SA_SIGINFO
SIGHUP: [libjvm.so+0x8e50d0], sa_mask[0]=11111111011111111101111111111110, sa_flags=SA_RESTART|SA_SIGINFO
SIGINT: [libjvm.so+0x8e50d0], sa_mask[0]=11111111011111111101111111111110, sa_flags=SA_RESTART|SA_SIGINFO
SIGTERM: [libjvm.so+0x8e50d0], sa_mask[0]=11111111011111111101111111111110, sa_flags=SA_RESTART|SA_SIGINFO
SIGQUIT: [libjvm.so+0x8e50d0], sa_mask[0]=11111111011111111101111111111110, sa_flags=SA_RESTART|SA_SIGINFO


---------------  S Y S T E M  ---------------

OS:PRETTY_NAME="Debian GNU/Linux 7 (wheezy)"
NAME="Debian GNU/Linux"
VERSION_ID="7"
VERSION="7 (wheezy)"
ID=debian
ANSI_COLOR="1;31"
HOME_URL="http://www.debian.org/"
SUPPORT_URL="http://www.debian.org/support/"
BUG_REPORT_URL="http://bugs.debian.org/"

uname:Linux 3.2.0-4-amd64 #1 SMP Debian 3.2.65-1+deb7u2 x86_64
libc:glibc 2.13 NPTL 2.13 
rlimit: STACK 8192k, CORE 0k, NPROC 63961, NOFILE 4096, AS infinity
load average:0.45 0.43 0.47

/proc/meminfo:
MemTotal:        8199880 kB
MemFree:         3237148 kB
Buffers:           89140 kB
Cached:          1611544 kB
SwapCached:       214968 kB
Active:          2970964 kB
Inactive:        1532892 kB
Active(anon):    2327800 kB
Inactive(anon):   501404 kB
Active(file):     643164 kB
Inactive(file):  1031488 kB
Unevictable:           0 kB
Mlocked:               0 kB
SwapTotal:       8388604 kB
SwapFree:        7308536 kB
Dirty:               332 kB
Writeback:             0 kB
AnonPages:       2633660 kB
Mapped:           300064 kB
Shmem:             26024 kB
Slab:             311084 kB
SReclaimable:     256772 kB
SUnreclaim:        54312 kB
KernelStack:        6544 kB
PageTables:        51200 kB
NFS_Unstable:        100 kB
Bounce:                0 kB
WritebackTmp:          0 kB
CommitLimit:    12488544 kB
Committed_AS:    8149924 kB
VmallocTotal:   34359738367 kB
VmallocUsed:      332500 kB
VmallocChunk:   34359397620 kB
HardwareCorrupted:     0 kB
AnonHugePages:         0 kB
HugePages_Total:       0
HugePages_Free:        0
HugePages_Rsvd:        0
HugePages_Surp:        0
Hugepagesize:       2048 kB
DirectMap4k:     5164608 kB
DirectMap2M:     3223552 kB


CPU:total 4 (4 cores per cpu, 1 threads per core) family 6 model 15 stepping 11, cmov, cx8, fxsr, mmx, sse, sse2, sse3, ssse3, tsc

/proc/cpuinfo:
processor	: 0
vendor_id	: GenuineIntel
cpu family	: 6
model		: 15
model name	: Intel(R) Core(TM)2 Quad CPU    Q6600  @ 2.40GHz
stepping	: 11
microcode	: 0xb6
cpu MHz		: 2400.069
cache size	: 4096 KB
physical id	: 0
siblings	: 4
core id		: 0
cpu cores	: 4
apicid		: 0
initial apicid	: 0
fpu		: yes
fpu_exception	: yes
cpuid level	: 10
wp		: yes
flags		: fpu vme de pse tsc msr pae mce cx8 apic sep mtrr pge mca cmov pat pse36 clflush dts acpi mmx fxsr sse sse2 ss ht tm pbe syscall nx lm constant_tsc arch_perfmon pebs bts rep_good nopl aperfmperf pni dtes64 monitor ds_cpl vmx est tm2 ssse3 cx16 xtpr pdcm lahf_lm dtherm tpr_shadow vnmi flexpriority
bogomips	: 4800.13
clflush size	: 64
cache_alignment	: 64
address sizes	: 36 bits physical, 48 bits virtual
power management:

processor	: 1
vendor_id	: GenuineIntel
cpu family	: 6
model		: 15
model name	: Intel(R) Core(TM)2 Quad CPU    Q6600  @ 2.40GHz
stepping	: 11
microcode	: 0xb6
cpu MHz		: 2400.069
cache size	: 4096 KB
physical id	: 0
siblings	: 4
core id		: 1
cpu cores	: 4
apicid		: 1
initial apicid	: 1
fpu		: yes
fpu_exception	: yes
cpuid level	: 10
wp		: yes
flags		: fpu vme de pse tsc msr pae mce cx8 apic sep mtrr pge mca cmov pat pse36 clflush dts acpi mmx fxsr sse sse2 ss ht tm pbe syscall nx lm constant_tsc arch_perfmon pebs bts rep_good nopl aperfmperf pni dtes64 monitor ds_cpl vmx est tm2 ssse3 cx16 xtpr pdcm lahf_lm dtherm tpr_shadow vnmi flexpriority
bogomips	: 4800.22
clflush size	: 64
cache_alignment	: 64
address sizes	: 36 bits physical, 48 bits virtual
power management:

processor	: 2
vendor_id	: GenuineIntel
cpu family	: 6
model		: 15
model name	: Intel(R) Core(TM)2 Quad CPU    Q6600  @ 2.40GHz
stepping	: 11
microcode	: 0xb6
cpu MHz		: 2400.069
cache size	: 4096 KB
physical id	: 0
siblings	: 4
core id		: 2
cpu cores	: 4
apicid		: 2
initial apicid	: 2
fpu		: yes
fpu_exception	: yes
cpuid level	: 10
wp		: yes
flags		: fpu vme de pse tsc msr pae mce cx8 apic sep mtrr pge mca cmov pat pse36 clflush dts acpi mmx fxsr sse sse2 ss ht tm pbe syscall nx lm constant_tsc arch_perfmon pebs bts rep_good nopl aperfmperf pni dtes64 monitor ds_cpl vmx est tm2 ssse3 cx16 xtpr pdcm lahf_lm dtherm tpr_shadow vnmi flexpriority
bogomips	: 4800.28
clflush size	: 64
cache_alignment	: 64
address sizes	: 36 bits physical, 48 bits virtual
power management:

processor	: 3
vendor_id	: GenuineIntel
cpu family	: 6
model		: 15
model name	: Intel(R) Core(TM)2 Quad CPU    Q6600  @ 2.40GHz
stepping	: 11
microcode	: 0xb6
cpu MHz		: 2400.069
cache size	: 4096 KB
physical id	: 0
siblings	: 4
core id		: 3
cpu cores	: 4
apicid		: 3
initial apicid	: 3
fpu		: yes
fpu_exception	: yes
cpuid level	: 10
wp		: yes
flags		: fpu vme de pse tsc msr pae mce cx8 apic sep mtrr pge mca cmov pat pse36 clflush dts acpi mmx fxsr sse sse2 ss ht tm pbe syscall nx lm constant_tsc arch_perfmon pebs bts rep_good nopl aperfmperf pni dtes64 monitor ds_cpl vmx est tm2 ssse3 cx16 xtpr pdcm lahf_lm dtherm tpr_shadow vnmi flexpriority
bogomips	: 4800.25
clflush size	: 64
cache_alignment	: 64
address sizes	: 36 bits physical, 48 bits virtual
power management:



Memory: 4k page, physical 8199880k(3237148k free), swap 8388604k(7308536k free)

vm_info: Java HotSpot(TM) 64-Bit Server VM (25.25-b02) for linux-amd64 JRE (1.8.0_25-b17), built on Sep 17 2014 17:32:11 by "java_re" with gcc 4.3.0 20080428 (Red Hat 4.3.0-8)

time: Sat May  2 17:07:33 2015
elapsed time: 2 seconds (0d 0h 0m 2s)

