#
# A fatal error has been detected by the Java Runtime Environment:
#
#  SIGSEGV (0xb) at pc=0x00007f4d08c34060, pid=22587, tid=139970184697600
#
# JRE version: Java(TM) SE Runtime Environment (8.0_25-b17) (build 1.8.0_25-b17)
# Java VM: Java HotSpot(TM) 64-Bit Server VM (25.25-b02 mixed mode linux-amd64 compressed oops)
# Problematic frame:
# C  0x00007f4d08c34060
#
# Failed to write core dump. Core dumps have been disabled. To enable core dumping, try "ulimit -c unlimited" before starting Java again
#
# If you would like to submit a bug report, please visit:
#   http://bugreport.sun.com/bugreport/crash.jsp
#

---------------  T H R E A D  ---------------

Current thread (0x00000000011a5800):  JavaThread "main" [_thread_in_Java, id=22588, stack(0x00007f4d59135000,0x00007f4d59236000)]

siginfo: si_signo: 11 (SIGSEGV), si_code: 1 (SEGV_MAPERR), si_addr: 0x00007f4d08c34060

Registers:
RAX=0x00000000000015cb, RBX=0x0000000000000178, RCX=0x0000000000001953, RDX=0x000000000000192e
RSP=0x00007f4d592345b8, RBP=0x00007f4d592347b0, RSI=0x00000000d6ad1208, RDI=0x00007f4d4259b9a0
R8 =0x0000000000001953, R9 =0x0000000000000025, R10=0x000000010002f5a0, R11=0x00000000d6ad11d8
R12=0x0000000000000000, R13=0x00007f4d59234768, R14=0x00007f4d428030c0, R15=0x00000000011a5800
RIP=0x00007f4d08c34060, EFLAGS=0x0000000000010216, CSGSFS=0x0000000000000033, ERR=0x0000000000000014
  TRAPNO=0x000000000000000e

Top of Stack: (sp=0x00007f4d592345b8)
0x00007f4d592345b8:   00007f4d47d42b84 00007f4d47c34310
0x00007f4d592345c8:   0000000000000000 00007f4d592347b0
0x00007f4d592345d8:   00007f4d59234770 00007f4d592346a8
0x00007f4d592345e8:   00007f4d47dbbd3c 00007f4d427ff028
0x00007f4d592345f8:   00000000d6b418f0 00007f4d592347b0
0x00007f4d59234608:   00007f4d47d4d2ec 00007f4d592346d0
0x00007f4d59234618:   00007f4d592346c0 00007f4d592347b0
0x00007f4d59234628:   00007f4d47d8aa0c 00000000d6b41720
0x00007f4d59234638:   00007f4d47c3f7d0 00007f4d592346a8
0x00007f4d59234648:   00007f4d47c363d0 00000000c2f50f1a
0x00007f4d59234658:   00000000d6ac92c8 00000000d6b415b0
0x00007f4d59234668:   00000000d652de50 00007f4d00000001
0x00007f4d59234678:   00000000d6b3e728 00007f4d424cade8
0x00007f4d59234688:   00007f4d00000001 0000000000000000
0x00007f4d59234698:   00000000d6b2c208 00000000d6ad11d8
0x00007f4d592346a8:   0000000a00000000 0000000000000000
0x00007f4d592346b8:   00000000d6accc28 0000000000000002
0x00007f4d592346c8:   00000000d6b418f0 0000000080000001
0x00007f4d592346d8:   0000000000000001 0000000000000001
0x00007f4d592346e8:   00000000d6accc28 00000000fffffffe
0x00007f4d592346f8:   000000000000000a 00000000d6b41548
0x00007f4d59234708:   00007f4d59234708 00007f4d592347b0
0x00007f4d59234718:   00007f4d47db92d4 00000000d6b415b0
0x00007f4d59234728:   00000000d652de50 00007f4d423fb1f8
0x00007f4d59234738:   0000000000000000 00007f4d592347b0
0x00007f4d59234748:   00007f4d47c36710 00007f4d592347b0
0x00007f4d59234758:   00007f4d47c36710 00007f4d47c36710
0x00007f4d59234768:   00000000d6ad11d8 00007f4d59234770
0x00007f4d59234778:   00007f4d428014a3 00007f4d59234808
0x00007f4d59234788:   00007f4d42802268 00007f4d428030c0
0x00007f4d59234798:   00007f4d42801728 00007f4d59234768
0x00007f4d592347a8:   00007f4d59234800 00007f4d59234850 

Instructions: (pc=0x00007f4d08c34060)
0x00007f4d08c34040:   
[error occurred during error reporting (printing registers, top of stack, instructions near pc), id 0xb]

Register to memory mapping:

RAX=0x00000000000015cb is an unknown value
RBX=0x0000000000000178 is an unknown value
RCX=0x0000000000001953 is an unknown value
RDX=0x000000000000192e is an unknown value
RSP=0x00007f4d592345b8 is pointing into the stack for thread: 0x00000000011a5800
RBP=0x00007f4d592347b0 is pointing into the stack for thread: 0x00000000011a5800
RSI=0x00000000d6ad1208 is an oop
[C 
 - klass: {type array char}
 - length: 8192
RDI=0x00007f4d4259b9a0 is pointing into metadata
R8 =0x0000000000001953 is an unknown value
R9 =0x0000000000000025 is an unknown value
R10=0x000000010002f5a0 is pointing into metadata
R11=0x00000000d6ad11d8 is an oop
java.io.BufferedReader 
 - klass: 'java/io/BufferedReader'
R12=0x0000000000000000 is an unknown value
R13=0x00007f4d59234768 is pointing into the stack for thread: 0x00000000011a5800
R14=0x00007f4d428030c0 is pointing into metadata
R15=0x00000000011a5800 is a thread


Stack: [0x00007f4d59135000,0x00007f4d59236000],  sp=0x00007f4d592345b8,  free space=1021k
Native frames: (J=compiled Java code, j=interpreted, Vv=VM code, C=native code)
C  0x00007f4d08c34060
j  edu.brown.cs.qc14.parser.Parser.<init>()V+269
j  edu.brown.cs.dshieble.finalproject.GUIManager.makeGUI()V+26
j  edu.brown.cs.dshieble.main.Main.main([Ljava/lang/String;)V+0
v  ~StubRoutines::call_stub
V  [libjvm.so+0x664086]  JavaCalls::call_helper(JavaValue*, methodHandle*, JavaCallArguments*, Thread*)+0x1056
V  [libjvm.so+0x6ab096]  jni_invoke_static(JNIEnv_*, JavaValue*, _jobject*, JNICallType, _jmethodID*, JNI_ArgumentPusher*, Thread*)+0x346
V  [libjvm.so+0x6b1c2a]  jni_CallStaticVoidMethod+0x17a
C  [libjli.so+0x7b14]  JavaMain+0x844
C  [libpthread.so.0+0x6b50]  start_thread+0xd0


---------------  P R O C E S S  ---------------

Java Threads: ( => current thread )
  0x00007f4d3c07e000 JavaThread "Service Thread" daemon [_thread_blocked, id=22601, stack(0x00007f4d40892000,0x00007f4d40993000)]
  0x00007f4d3c032800 JavaThread "C1 CompilerThread2" daemon [_thread_blocked, id=22600, stack(0x00007f4d40993000,0x00007f4d40a94000)]
  0x00007f4d3c030800 JavaThread "C2 CompilerThread1" daemon [_thread_blocked, id=22599, stack(0x00007f4d40a94000,0x00007f4d40b95000)]
  0x00007f4d3c02d800 JavaThread "C2 CompilerThread0" daemon [_thread_blocked, id=22598, stack(0x00007f4d40b95000,0x00007f4d40c96000)]
  0x00007f4d3c02b800 JavaThread "Signal Dispatcher" daemon [_thread_blocked, id=22597, stack(0x00007f4d40c96000,0x00007f4d40d97000)]
  0x000000000121d800 JavaThread "Finalizer" daemon [_thread_blocked, id=22596, stack(0x00007f4d40d97000,0x00007f4d40e98000)]
  0x0000000001215800 JavaThread "Reference Handler" daemon [_thread_blocked, id=22595, stack(0x00007f4d40e98000,0x00007f4d40f99000)]
=>0x00000000011a5800 JavaThread "main" [_thread_in_Java, id=22588, stack(0x00007f4d59135000,0x00007f4d59236000)]

Other Threads:
  0x000000000120e800 VMThread [stack: 0x00007f4d40f99000,0x00007f4d4109a000] [id=22594]
  0x00007f4d3c080800 WatcherThread [stack: 0x00007f4d40791000,0x00007f4d40892000] [id=22602]

VM state:not at safepoint (normal execution)

VM Mutex/Monitor currently owned by a thread: None

Heap:
 PSYoungGen      total 37888K, used 6554K [0x00000000d6500000, 0x00000000d8f00000, 0x0000000100000000)
  eden space 32768K, 20% used [0x00000000d6500000,0x00000000d6b66868,0x00000000d8500000)
  from space 5120K, 0% used [0x00000000d8a00000,0x00000000d8a00000,0x00000000d8f00000)
  to   space 5120K, 0% used [0x00000000d8500000,0x00000000d8500000,0x00000000d8a00000)
 ParOldGen       total 86016K, used 0K [0x0000000082e00000, 0x0000000088200000, 0x00000000d6500000)
  object space 86016K, 0% used [0x0000000082e00000,0x0000000082e00000,0x0000000088200000)
 Metaspace       used 5577K, capacity 5644K, committed 5760K, reserved 1056768K
  class space    used 610K, capacity 624K, committed 640K, reserved 1048576K

Card table byte_map: [0x00007f4d47485000,0x00007f4d4786f000] byte_map_base: 0x00007f4d4706e000

Marking Bits: (ParMarkBitMap*) 0x00007f4d586692c0
 Begin Bits: [0x00007f4d42f55000, 0x00007f4d44e9d000)
 End Bits:   [0x00007f4d44e9d000, 0x00007f4d46de5000)

Polling page: 0x00007f4d59270000

CodeCache: size=245760Kb used=1652Kb max_used=1652Kb free=244107Kb
 bounds [0x00007f4d47c2f000, 0x00007f4d47e9f000, 0x00007f4d56c2f000]
 total_blobs=565 nmethods=269 adapters=212
 compilation: enabled

Compilation events (10 events):
Event: 0.377 Thread 0x00007f4d3c032800  259       3       java.util.ArrayList::<init> (12 bytes)
Event: 0.377 Thread 0x00007f4d3c032800 nmethod 259 0x00007f4d47db9d90 code [0x00007f4d47db9f00, 0x00007f4d47dba190]
Event: 0.377 Thread 0x00007f4d3c032800  261       3       java.lang.CharacterDataLatin1::digit (91 bytes)
Event: 0.378 Thread 0x00007f4d3c030800  262       4       java.util.Arrays::copyOfRange (63 bytes)
Event: 0.378 Thread 0x00007f4d3c032800 nmethod 261 0x00007f4d47dbffd0 code [0x00007f4d47dc0160, 0x00007f4d47dc04f0]
Event: 0.378 Thread 0x00007f4d3c032800  260       3       java.lang.NullPointerException::<init> (5 bytes)
Event: 0.378 Thread 0x00007f4d3c032800 nmethod 260 0x00007f4d47dc0650 code [0x00007f4d47dc07c0, 0x00007f4d47dc0a08]
Event: 0.379 Thread 0x00007f4d3c02d800  263       4       java.lang.String::<init> (62 bytes)
Event: 0.379 Thread 0x00007f4d3c032800  265       3       java.lang.Integer::parseInt (261 bytes)
Event: 0.381 Thread 0x00007f4d3c030800 nmethod 262 0x00007f4d47dc3910 code [0x00007f4d47dc3a60, 0x00007f4d47dc3c58]

GC Heap History (0 events):
No events

Deoptimization events (0 events):
No events

Internal exceptions (10 events):
Event: 0.347 Thread 0x00000000011a5800 Exception <a 'java/security/PrivilegedActionException'> (0x00000000d6a76758) thrown at [/HUDSON/workspace/8-2-build-linux-amd64/jdk8u25/1514/hotspot/src/share/vm/prims/jvm.cpp, line 1312]
Event: 0.347 Thread 0x00000000011a5800 Exception <a 'java/security/PrivilegedActionException'> (0x00000000d6a7abd0) thrown at [/HUDSON/workspace/8-2-build-linux-amd64/jdk8u25/1514/hotspot/src/share/vm/prims/jvm.cpp, line 1312]
Event: 0.348 Thread 0x00000000011a5800 Exception <a 'java/security/PrivilegedActionException'> (0x00000000d6a85370) thrown at [/HUDSON/workspace/8-2-build-linux-amd64/jdk8u25/1514/hotspot/src/share/vm/prims/jvm.cpp, line 1312]
Event: 0.348 Thread 0x00000000011a5800 Exception <a 'java/security/PrivilegedActionException'> (0x00000000d6a8a2b8) thrown at [/HUDSON/workspace/8-2-build-linux-amd64/jdk8u25/1514/hotspot/src/share/vm/prims/jvm.cpp, line 1312]
Event: 0.349 Thread 0x00000000011a5800 Exception <a 'java/security/PrivilegedActionException'> (0x00000000d6a8ec78) thrown at [/HUDSON/workspace/8-2-build-linux-amd64/jdk8u25/1514/hotspot/src/share/vm/prims/jvm.cpp, line 1312]
Event: 0.350 Thread 0x00000000011a5800 Exception <a 'java/security/PrivilegedActionException'> (0x00000000d6aa0f08) thrown at [/HUDSON/workspace/8-2-build-linux-amd64/jdk8u25/1514/hotspot/src/share/vm/prims/jvm.cpp, line 1312]
Event: 0.354 Thread 0x00000000011a5800 Exception <a 'java/security/PrivilegedActionException'> (0x00000000d6ab5ee0) thrown at [/HUDSON/workspace/8-2-build-linux-amd64/jdk8u25/1514/hotspot/src/share/vm/prims/jvm.cpp, line 1312]
Event: 0.354 Thread 0x00000000011a5800 Exception <a 'java/security/PrivilegedActionException'> (0x00000000d6ab9e28) thrown at [/HUDSON/workspace/8-2-build-linux-amd64/jdk8u25/1514/hotspot/src/share/vm/prims/jvm.cpp, line 1312]
Event: 0.355 Thread 0x00000000011a5800 Exception <a 'java/security/PrivilegedActionException'> (0x00000000d6abdb08) thrown at [/HUDSON/workspace/8-2-build-linux-amd64/jdk8u25/1514/hotspot/src/share/vm/prims/jvm.cpp, line 1312]
Event: 0.368 Thread 0x00000000011a5800 Exception <a 'java/lang/NullPointerException'> (0x00000000d6ad6e50) thrown at [/HUDSON/workspace/8-2-build-linux-amd64/jdk8u25/1514/hotspot/src/share/vm/interpreter/linkResolver.cpp, line 1178]

Events (10 events):
Event: 0.367 loading class sun/nio/ch/Util$BufferCache
Event: 0.367 loading class sun/nio/ch/Util$BufferCache done
Event: 0.367 loading class java/nio/DirectByteBuffer$Deallocator
Event: 0.367 loading class java/nio/DirectByteBuffer$Deallocator done
Event: 0.367 loading class sun/nio/ch/IOStatus
Event: 0.367 loading class sun/nio/ch/IOStatus done
Event: 0.367 loading class java/util/ArrayList$SubList
Event: 0.368 loading class java/util/ArrayList$SubList done
Event: 0.368 loading class java/util/ArrayList$SubList$1
Event: 0.368 loading class java/util/ArrayList$SubList$1 done


Dynamic libraries:
00400000-00401000 r-xp 00000000 00:14 138267735                          /gpfs/main/course/cs032/bin/jdk1.8.0_25/bin/java
00600000-00601000 rw-p 00000000 00:14 138267735                          /gpfs/main/course/cs032/bin/jdk1.8.0_25/bin/java
0119b000-01675000 rw-p 00000000 00:00 0                                  [heap]
82e00000-88200000 rw-p 00000000 00:00 0 
88200000-d6500000 ---p 00000000 00:00 0 
d6500000-d8f00000 rw-p 00000000 00:00 0 
d8f00000-100000000 ---p 00000000 00:00 0 
100000000-1000a0000 rw-p 00000000 00:00 0 
1000a0000-140000000 ---p 00000000 00:00 0 
7f4d3c000000-7f4d3c443000 rw-p 00000000 00:00 0 
7f4d3c443000-7f4d40000000 ---p 00000000 00:00 0 
7f4d40006000-7f4d40017000 rw-p 00000000 00:00 0 
7f4d40017000-7f4d4002d000 r-xp 00000000 00:14 136610987                  /gpfs/main/course/cs032/bin/jdk1.8.0_25/jre/lib/amd64/libnet.so
7f4d4002d000-7f4d4022d000 ---p 00016000 00:14 136610987                  /gpfs/main/course/cs032/bin/jdk1.8.0_25/jre/lib/amd64/libnet.so
7f4d4022d000-7f4d4022e000 rw-p 00016000 00:14 136610987                  /gpfs/main/course/cs032/bin/jdk1.8.0_25/jre/lib/amd64/libnet.so
7f4d4022e000-7f4d4023f000 r-xp 00000000 00:14 136611464                  /gpfs/main/course/cs032/bin/jdk1.8.0_25/jre/lib/amd64/libnio.so
7f4d4023f000-7f4d4043e000 ---p 00011000 00:14 136611464                  /gpfs/main/course/cs032/bin/jdk1.8.0_25/jre/lib/amd64/libnio.so
7f4d4043e000-7f4d4043f000 rw-p 00010000 00:14 136611464                  /gpfs/main/course/cs032/bin/jdk1.8.0_25/jre/lib/amd64/libnio.so
7f4d4043f000-7f4d404f3000 r-xp 00000000 fe:04 1007                       /tmp/sqlite-3.8.7-ccbff3e1-3857-49b9-b3cb-33a9d0280090-libsqlitejdbc.so
7f4d404f3000-7f4d406f3000 ---p 000b4000 fe:04 1007                       /tmp/sqlite-3.8.7-ccbff3e1-3857-49b9-b3cb-33a9d0280090-libsqlitejdbc.so
7f4d406f3000-7f4d406f8000 rw-p 000b4000 fe:04 1007                       /tmp/sqlite-3.8.7-ccbff3e1-3857-49b9-b3cb-33a9d0280090-libsqlitejdbc.so
7f4d406f8000-7f4d406fc000 r--s 00093000 00:14 136611567                  /gpfs/main/course/cs032/bin/jdk1.8.0_25/jre/lib/jsse.jar
7f4d406fc000-7f4d40718000 r--s 00393000 00:14 136611667                  /gpfs/main/course/cs032/bin/jdk1.8.0_25/jre/lib/ext/cldrdata.jar
7f4d40718000-7f4d40722000 r--s 00116000 00:14 136611642                  /gpfs/main/course/cs032/bin/jdk1.8.0_25/jre/lib/ext/localedata.jar
7f4d40722000-7f4d40725000 r--s 003c4000 00:18 13693093                   /gpfs/nbu/people/dshieble/.m2/repository/org/xerial/sqlite-jdbc/3.8.7/sqlite-jdbc-3.8.7.jar
7f4d40725000-7f4d40736000 r--s 000d3000 00:18 12865438                   /gpfs/nbu/people/dshieble/.m2/repository/org/freemarker/freemarker/2.3.19/freemarker-2.3.19.jar
7f4d40736000-7f4d40737000 r--s 00000000 00:18 13693105                   /gpfs/nbu/people/dshieble/.m2/repository/com/sparkjava/spark-template-freemarker/2.0.0/spark-template-freemarker-2.0.0.jar
7f4d40737000-7f4d4073a000 r--s 00014000 00:18 13693011                   /gpfs/nbu/people/dshieble/.m2/repository/org/eclipse/jetty/jetty-security/9.0.2.v20130417/jetty-security-9.0.2.v20130417.jar
7f4d4073a000-7f4d4073c000 r--s 00018000 00:18 12865372                   /gpfs/nbu/people/dshieble/.m2/repository/org/eclipse/jetty/jetty-servlet/9.0.2.v20130417/jetty-servlet-9.0.2.v20130417.jar
7f4d4073c000-7f4d4073e000 r--s 00009000 00:18 12865266                   /gpfs/nbu/people/dshieble/.m2/repository/org/eclipse/jetty/jetty-xml/9.0.2.v20130417/jetty-xml-9.0.2.v20130417.jar
7f4d4073e000-7f4d40741000 r--s 00019000 00:18 13693437                   /gpfs/nbu/people/dshieble/.m2/repository/org/eclipse/jetty/jetty-webapp/9.0.2.v20130417/jetty-webapp-9.0.2.v20130417.jar
7f4d40741000-7f4d40744000 r--s 00012000 00:18 12865356                   /gpfs/nbu/people/dshieble/.m2/repository/org/eclipse/jetty/jetty-io/9.0.2.v20130417/jetty-io-9.0.2.v20130417.jar
7f4d40744000-7f4d40749000 r--s 0004c000 00:18 12865348                   /gpfs/nbu/people/dshieble/.m2/repository/org/eclipse/jetty/jetty-util/9.0.2.v20130417/jetty-util-9.0.2.v20130417.jar
7f4d40749000-7f4d4074c000 r--s 00017000 00:18 12865320                   /gpfs/nbu/people/dshieble/.m2/repository/org/eclipse/jetty/jetty-http/9.0.2.v20130417/jetty-http-9.0.2.v20130417.jar
7f4d4074c000-7f4d4074f000 r--s 0002e000 00:18 12865347                   /gpfs/nbu/people/dshieble/.m2/repository/org/eclipse/jetty/orbit/javax.servlet/3.0.0.v201112011016/javax.servlet-3.0.0.v201112011016.jar
7f4d4074f000-7f4d4077a000 r--s 001fc000 00:18 12865285                   /gpfs/nbu/people/dshieble/.m2/repository/com/google/guava/guava/18.0/guava-18.0.jar
7f4d4077a000-7f4d40791000 r--s 004b7000 00:15 249618147                  /gpfs/main/home/dshieble/course/cs032/cs032-project/cs032-project/target/cs032-project-1.0.jar
7f4d40791000-7f4d40792000 ---p 00000000 00:00 0 
7f4d40792000-7f4d40892000 rw-p 00000000 00:00 0 
7f4d40892000-7f4d40895000 ---p 00000000 00:00 0 
7f4d40895000-7f4d40993000 rw-p 00000000 00:00 0 
7f4d40993000-7f4d40996000 ---p 00000000 00:00 0 
7f4d40996000-7f4d40a94000 rw-p 00000000 00:00 0 
7f4d40a94000-7f4d40a97000 ---p 00000000 00:00 0 
7f4d40a97000-7f4d40b95000 rw-p 00000000 00:00 0 
7f4d40b95000-7f4d40b98000 ---p 00000000 00:00 0 
7f4d40b98000-7f4d40c96000 rw-p 00000000 00:00 0 
7f4d40c96000-7f4d40c99000 ---p 00000000 00:00 0 
7f4d40c99000-7f4d40d97000 rw-p 00000000 00:00 0 
7f4d40d97000-7f4d40d9a000 ---p 00000000 00:00 0 
7f4d40d9a000-7f4d40e98000 rw-p 00000000 00:00 0 
7f4d40e98000-7f4d40e9b000 ---p 00000000 00:00 0 
7f4d40e9b000-7f4d40f99000 rw-p 00000000 00:00 0 
7f4d40f99000-7f4d40f9a000 ---p 00000000 00:00 0 
7f4d40f9a000-7f4d4209d000 rw-p 00000000 00:00 0 
7f4d4209d000-7f4d42273000 r--s 03caa000 00:14 136611550                  /gpfs/main/course/cs032/bin/jdk1.8.0_25/jre/lib/rt.jar
7f4d42273000-7f4d4286c000 rw-p 00000000 00:00 0 
7f4d4286c000-7f4d42b6c000 ---p 00000000 00:00 0 
7f4d42b6c000-7f4d46de5000 rw-p 00000000 00:00 0 
7f4d46de5000-7f4d46de6000 ---p 00000000 00:00 0 
7f4d46de6000-7f4d46ee6000 rw-p 00000000 00:00 0 
7f4d46ee6000-7f4d46ee7000 ---p 00000000 00:00 0 
7f4d46ee7000-7f4d46fe7000 rw-p 00000000 00:00 0 
7f4d46fe7000-7f4d46fe8000 ---p 00000000 00:00 0 
7f4d46fe8000-7f4d470e8000 rw-p 00000000 00:00 0 
7f4d470e8000-7f4d470e9000 ---p 00000000 00:00 0 
7f4d470e9000-7f4d47213000 rw-p 00000000 00:00 0 
7f4d47213000-7f4d47485000 ---p 00000000 00:00 0 
7f4d47485000-7f4d474af000 rw-p 00000000 00:00 0 
7f4d474af000-7f4d47720000 ---p 00000000 00:00 0 
7f4d47720000-7f4d47736000 rw-p 00000000 00:00 0 
7f4d47736000-7f4d4786e000 ---p 00000000 00:00 0 
7f4d4786e000-7f4d47879000 rw-p 00000000 00:00 0 
7f4d47879000-7f4d47c2f000 ---p 00000000 00:00 0 
7f4d47c2f000-7f4d47e9f000 rwxp 00000000 00:00 0 
7f4d47e9f000-7f4d56c2f000 ---p 00000000 00:00 0 
7f4d56c2f000-7f4d56c49000 r-xp 00000000 00:14 136610880                  /gpfs/main/course/cs032/bin/jdk1.8.0_25/jre/lib/amd64/libzip.so
7f4d56c49000-7f4d56e49000 ---p 0001a000 00:14 136610880                  /gpfs/main/course/cs032/bin/jdk1.8.0_25/jre/lib/amd64/libzip.so
7f4d56e49000-7f4d56e4a000 rw-p 0001a000 00:14 136610880                  /gpfs/main/course/cs032/bin/jdk1.8.0_25/jre/lib/amd64/libzip.so
7f4d56e4a000-7f4d56e74000 r-xp 00000000 00:14 136610822                  /gpfs/main/course/cs032/bin/jdk1.8.0_25/jre/lib/amd64/libjava.so
7f4d56e74000-7f4d57074000 ---p 0002a000 00:14 136610822                  /gpfs/main/course/cs032/bin/jdk1.8.0_25/jre/lib/amd64/libjava.so
7f4d57074000-7f4d57076000 rw-p 0002a000 00:14 136610822                  /gpfs/main/course/cs032/bin/jdk1.8.0_25/jre/lib/amd64/libjava.so
7f4d57076000-7f4d57083000 r-xp 00000000 00:14 136610855                  /gpfs/main/course/cs032/bin/jdk1.8.0_25/jre/lib/amd64/libverify.so
7f4d57083000-7f4d57283000 ---p 0000d000 00:14 136610855                  /gpfs/main/course/cs032/bin/jdk1.8.0_25/jre/lib/amd64/libverify.so
7f4d57283000-7f4d57285000 rw-p 0000d000 00:14 136610855                  /gpfs/main/course/cs032/bin/jdk1.8.0_25/jre/lib/amd64/libverify.so
7f4d57285000-7f4d5728c000 r-xp 00000000 fe:00 2691                       /lib/x86_64-linux-gnu/librt-2.13.so
7f4d5728c000-7f4d5748b000 ---p 00007000 fe:00 2691                       /lib/x86_64-linux-gnu/librt-2.13.so
7f4d5748b000-7f4d5748c000 r--p 00006000 fe:00 2691                       /lib/x86_64-linux-gnu/librt-2.13.so
7f4d5748c000-7f4d5748d000 rw-p 00007000 fe:00 2691                       /lib/x86_64-linux-gnu/librt-2.13.so
7f4d5748d000-7f4d5750e000 r-xp 00000000 fe:00 2389                       /lib/x86_64-linux-gnu/libm-2.13.so
7f4d5750e000-7f4d5770d000 ---p 00081000 fe:00 2389                       /lib/x86_64-linux-gnu/libm-2.13.so
7f4d5770d000-7f4d5770e000 r--p 00080000 fe:00 2389                       /lib/x86_64-linux-gnu/libm-2.13.so
7f4d5770e000-7f4d5770f000 rw-p 00081000 fe:00 2389                       /lib/x86_64-linux-gnu/libm-2.13.so
7f4d5770f000-7f4d5837c000 r-xp 00000000 00:14 136611394                  /gpfs/main/course/cs032/bin/jdk1.8.0_25/jre/lib/amd64/server/libjvm.so
7f4d5837c000-7f4d5857b000 ---p 00c6d000 00:14 136611394                  /gpfs/main/course/cs032/bin/jdk1.8.0_25/jre/lib/amd64/server/libjvm.so
7f4d5857b000-7f4d58651000 rw-p 00c6c000 00:14 136611394                  /gpfs/main/course/cs032/bin/jdk1.8.0_25/jre/lib/amd64/server/libjvm.so
7f4d58651000-7f4d58694000 rw-p 00000000 00:00 0 
7f4d58694000-7f4d58815000 r-xp 00000000 fe:00 2496                       /lib/x86_64-linux-gnu/libc-2.13.so
7f4d58815000-7f4d58a15000 ---p 00181000 fe:00 2496                       /lib/x86_64-linux-gnu/libc-2.13.so
7f4d58a15000-7f4d58a19000 r--p 00181000 fe:00 2496                       /lib/x86_64-linux-gnu/libc-2.13.so
7f4d58a19000-7f4d58a1a000 rw-p 00185000 fe:00 2496                       /lib/x86_64-linux-gnu/libc-2.13.so
7f4d58a1a000-7f4d58a1f000 rw-p 00000000 00:00 0 
7f4d58a1f000-7f4d58a21000 r-xp 00000000 fe:00 2626                       /lib/x86_64-linux-gnu/libdl-2.13.so
7f4d58a21000-7f4d58c21000 ---p 00002000 fe:00 2626                       /lib/x86_64-linux-gnu/libdl-2.13.so
7f4d58c21000-7f4d58c22000 r--p 00002000 fe:00 2626                       /lib/x86_64-linux-gnu/libdl-2.13.so
7f4d58c22000-7f4d58c23000 rw-p 00003000 fe:00 2626                       /lib/x86_64-linux-gnu/libdl-2.13.so
7f4d58c23000-7f4d58c38000 r-xp 00000000 00:14 174988983                  /gpfs/main/course/cs032/bin/jdk1.8.0_25/lib/amd64/jli/libjli.so
7f4d58c38000-7f4d58e37000 ---p 00015000 00:14 174988983                  /gpfs/main/course/cs032/bin/jdk1.8.0_25/lib/amd64/jli/libjli.so
7f4d58e37000-7f4d58e38000 rw-p 00014000 00:14 174988983                  /gpfs/main/course/cs032/bin/jdk1.8.0_25/lib/amd64/jli/libjli.so
7f4d58e38000-7f4d58e4f000 r-xp 00000000 fe:00 2695                       /lib/x86_64-linux-gnu/libpthread-2.13.so
7f4d58e4f000-7f4d5904e000 ---p 00017000 fe:00 2695                       /lib/x86_64-linux-gnu/libpthread-2.13.so
7f4d5904e000-7f4d5904f000 r--p 00016000 fe:00 2695                       /lib/x86_64-linux-gnu/libpthread-2.13.so
7f4d5904f000-7f4d59050000 rw-p 00017000 fe:00 2695                       /lib/x86_64-linux-gnu/libpthread-2.13.so
7f4d59050000-7f4d59054000 rw-p 00000000 00:00 0 
7f4d59054000-7f4d59074000 r-xp 00000000 fe:00 2680                       /lib/x86_64-linux-gnu/ld-2.13.so
7f4d59074000-7f4d59079000 r--s 0004d000 00:18 12865336                   /gpfs/nbu/people/dshieble/.m2/repository/org/eclipse/jetty/jetty-server/9.0.2.v20130417/jetty-server-9.0.2.v20130417.jar
7f4d59079000-7f4d5907e000 r--s 0002f000 00:18 12865327                   /gpfs/nbu/people/dshieble/.m2/repository/com/google/code/gson/gson/2.3.1/gson-2.3.1.jar
7f4d5907e000-7f4d5907f000 r--s 00001000 00:18 12865312                   /gpfs/nbu/people/dshieble/.m2/repository/org/slf4j/slf4j-jdk14/1.7.7/slf4j-jdk14-1.7.7.jar
7f4d5907f000-7f4d59081000 r--s 00006000 00:18 12865314                   /gpfs/nbu/people/dshieble/.m2/repository/org/slf4j/slf4j-api/1.7.7/slf4j-api-1.7.7.jar
7f4d59081000-7f4d59087000 r--s 00045000 00:18 13693258                   /gpfs/nbu/people/dshieble/.m2/repository/org/hamcrest/hamcrest-all/1.3/hamcrest-all-1.3.jar
7f4d59087000-7f4d59089000 r--s 00009000 00:18 13693661                   /gpfs/nbu/people/dshieble/.m2/repository/org/hamcrest/hamcrest-core/1.3/hamcrest-core-1.3.jar
7f4d59089000-7f4d5908f000 r--s 00036000 00:18 13693494                   /gpfs/nbu/people/dshieble/.m2/repository/junit/junit/4.11/junit-4.11.jar
7f4d5908f000-7f4d59135000 r--s 00000000 00:0e 6008                       /run/nscd/dbJAixXU (deleted)
7f4d59135000-7f4d59138000 ---p 00000000 00:00 0 
7f4d59138000-7f4d5923a000 rw-p 00000000 00:00 0 
7f4d5923a000-7f4d5923d000 r--s 0000d000 00:18 12865309                   /gpfs/nbu/people/dshieble/.m2/repository/com/sparkjava/spark-core/2.0.0/spark-core-2.0.0.jar
7f4d5923d000-7f4d5923f000 r--s 0000e000 00:18 12865357                   /gpfs/nbu/people/dshieble/.m2/repository/net/sf/jopt-simple/jopt-simple/4.8/jopt-simple-4.8.jar
7f4d5923f000-7f4d59267000 rw-p 00000000 00:00 0 
7f4d59267000-7f4d5926f000 rw-s 00000000 fe:04 1004                       /tmp/hsperfdata_dshieble/22587
7f4d5926f000-7f4d59270000 rw-p 00000000 00:00 0 
7f4d59270000-7f4d59271000 r--p 00000000 00:00 0 
7f4d59271000-7f4d59273000 rw-p 00000000 00:00 0 
7f4d59273000-7f4d59274000 r--p 0001f000 fe:00 2680                       /lib/x86_64-linux-gnu/ld-2.13.so
7f4d59274000-7f4d59275000 rw-p 00020000 fe:00 2680                       /lib/x86_64-linux-gnu/ld-2.13.so
7f4d59275000-7f4d59276000 rw-p 00000000 00:00 0 
7ffd79cf0000-7ffd79d11000 rw-p 00000000 00:00 0                          [stack]
7ffd79ddb000-7ffd79ddc000 r-xp 00000000 00:00 0                          [vdso]
ffffffffff600000-ffffffffff601000 r-xp 00000000 00:00 0                  [vsyscall]

VM Arguments:
java_command: edu.brown.cs.dshieble.main.Main
java_class_path (initial): target/cs032-project-1.0.jar:/home/dshieble/.m2/repository/net/sf/jopt-simple/jopt-simple/4.8/jopt-simple-4.8.jar:/home/dshieble/.m2/repository/junit/junit/4.11/junit-4.11.jar:/home/dshieble/.m2/repository/org/hamcrest/hamcrest-core/1.3/hamcrest-core-1.3.jar:/home/dshieble/.m2/repository/org/hamcrest/hamcrest-all/1.3/hamcrest-all-1.3.jar:/home/dshieble/.m2/repository/org/slf4j/slf4j-api/1.7.7/slf4j-api-1.7.7.jar:/home/dshieble/.m2/repository/org/slf4j/slf4j-jdk14/1.7.7/slf4j-jdk14-1.7.7.jar:/home/dshieble/.m2/repository/com/google/guava/guava/18.0/guava-18.0.jar:/home/dshieble/.m2/repository/com/google/code/gson/gson/2.3.1/gson-2.3.1.jar:/home/dshieble/.m2/repository/com/sparkjava/spark-core/2.0.0/spark-core-2.0.0.jar:/home/dshieble/.m2/repository/org/eclipse/jetty/jetty-server/9.0.2.v20130417/jetty-server-9.0.2.v20130417.jar:/home/dshieble/.m2/repository/org/eclipse/jetty/orbit/javax.servlet/3.0.0.v201112011016/javax.servlet-3.0.0.v201112011016.jar:/home/dshieble/.m2/repository/org/eclipse/jetty/jetty-http/9.0.2.v20130417/jetty-http-9.0.2.v20130417.jar:/home/dshieble/.m2/repository/org/eclipse/jetty/jetty-util/9.0.2.v20130417/jetty-util-9.0.2.v20130417.jar:/home/dshieble/.m2/repository/org/eclipse/jetty/jetty-io/9.0.2.v20130417/jetty-io-9.0.2.v20130417.jar:/home/dshieble/.m2/repository/org/eclipse/jetty/jetty-webapp/9.0.2.v20130417/jetty-webapp-9.0.2.v20130417.jar:/home/dshieble/.m2/repository/org/eclipse/jetty/jetty-xml/9.0.2.v20130417/jetty-xml-9.0.2.v20130417.jar:/home/dshieble/.m2/repository/org/eclipse/jetty/jetty-servlet/9.0.2.v20130417/jetty-servlet-9.0.2.v20130417.jar:/home/dshieble/.m2/repository/org/eclipse/jetty/jetty-security/9.0.2.v20130417/jetty-security-9.0.2.v20130417.jar:/home/dshieble/.m2/repository/com/sparkjava/spark-template-freemarker/2.0.0/spark-template-freemarker-2.0.0.jar:/home/dshieble/.m2/repository/org/freemarker/freemarker/2.3.19/freemarker-2.3.19.jar:/home/dshieble/.m2/repository/org/xerial/sqlite-jdbc/3.8
Launcher Type: SUN_STANDARD

Environment Variables:
PATH=/course/cs032/bin:/local/bin:/usr/local/bin:/bin:/usr/bin:/usr/X11R6/bin:/usr/games:/contrib/bin:/course/cs051/bin:/course/cs032/bin:/course/cs141/bin:/course/cs157/bin:/course/cs004/tabin:/course/cs004/bin:/admin/tasupport/bin:/course/cs053/tabin:/course/cs053/bin
SHELL=/bin/bash
DISPLAY=:4.0

Signal Handlers:
SIGSEGV: [libjvm.so+0xa79a80], sa_mask[0]=11111111011111111101111111111110, sa_flags=SA_RESTART|SA_SIGINFO
SIGBUS: [libjvm.so+0xa79a80], sa_mask[0]=11111111011111111101111111111110, sa_flags=SA_RESTART|SA_SIGINFO
SIGFPE: [libjvm.so+0x8e24e0], sa_mask[0]=11111111011111111101111111111110, sa_flags=SA_RESTART|SA_SIGINFO
SIGPIPE: [libjvm.so+0x8e24e0], sa_mask[0]=11111111011111111101111111111110, sa_flags=SA_RESTART|SA_SIGINFO
SIGXFSZ: [libjvm.so+0x8e24e0], sa_mask[0]=11111111011111111101111111111110, sa_flags=SA_RESTART|SA_SIGINFO
SIGILL: [libjvm.so+0x8e24e0], sa_mask[0]=11111111011111111101111111111110, sa_flags=SA_RESTART|SA_SIGINFO
SIGUSR1: SIG_DFL, sa_mask[0]=00000000000000000000000000000000, sa_flags=none
SIGUSR2: [libjvm.so+0x8e3d10], sa_mask[0]=00000000000000000000000000000000, sa_flags=SA_RESTART|SA_SIGINFO
SIGHUP: [libjvm.so+0x8e50d0], sa_mask[0]=11111111011111111101111111111110, sa_flags=SA_RESTART|SA_SIGINFO
SIGINT: [libjvm.so+0x8e50d0], sa_mask[0]=11111111011111111101111111111110, sa_flags=SA_RESTART|SA_SIGINFO
SIGTERM: [libjvm.so+0x8e50d0], sa_mask[0]=11111111011111111101111111111110, sa_flags=SA_RESTART|SA_SIGINFO
SIGQUIT: [libjvm.so+0x8e50d0], sa_mask[0]=11111111011111111101111111111110, sa_flags=SA_RESTART|SA_SIGINFO


---------------  S Y S T E M  ---------------

OS:PRETTY_NAME="Debian GNU/Linux 7 (wheezy)"
NAME="Debian GNU/Linux"
VERSION_ID="7"
VERSION="7 (wheezy)"
ID=debian
ANSI_COLOR="1;31"
HOME_URL="http://www.debian.org/"
SUPPORT_URL="http://www.debian.org/support/"
BUG_REPORT_URL="http://bugs.debian.org/"

uname:Linux 3.2.0-4-amd64 #1 SMP Debian 3.2.65-1+deb7u2 x86_64
libc:glibc 2.13 NPTL 2.13 
rlimit: STACK 8192k, CORE 0k, NPROC 63961, NOFILE 4096, AS infinity
load average:1.09 0.68 0.57

/proc/meminfo:
MemTotal:        8199880 kB
MemFree:         2995472 kB
Buffers:          103788 kB
Cached:          1700804 kB
SwapCached:       214908 kB
Active:          3105728 kB
Inactive:        1632920 kB
Active(anon):    2446696 kB
Inactive(anon):   525184 kB
Active(file):     659032 kB
Inactive(file):  1107736 kB
Unevictable:           0 kB
Mlocked:               0 kB
SwapTotal:       8388604 kB
SwapFree:        7320588 kB
Dirty:              1144 kB
Writeback:             0 kB
AnonPages:       2765880 kB
Mapped:           318700 kB
Shmem:             37744 kB
Slab:             313896 kB
SReclaimable:     258400 kB
SUnreclaim:        55496 kB
KernelStack:        6736 kB
PageTables:        53784 kB
NFS_Unstable:        228 kB
Bounce:                0 kB
WritebackTmp:          0 kB
CommitLimit:    12488544 kB
Committed_AS:    8451256 kB
VmallocTotal:   34359738367 kB
VmallocUsed:      332500 kB
VmallocChunk:   34359397620 kB
HardwareCorrupted:     0 kB
AnonHugePages:         0 kB
HugePages_Total:       0
HugePages_Free:        0
HugePages_Rsvd:        0
HugePages_Surp:        0
Hugepagesize:       2048 kB
DirectMap4k:     5164608 kB
DirectMap2M:     3223552 kB


CPU:total 4 (4 cores per cpu, 1 threads per core) family 6 model 15 stepping 11, cmov, cx8, fxsr, mmx, sse, sse2, sse3, ssse3, tsc

/proc/cpuinfo:
processor	: 0
vendor_id	: GenuineIntel
cpu family	: 6
model		: 15
model name	: Intel(R) Core(TM)2 Quad CPU    Q6600  @ 2.40GHz
stepping	: 11
microcode	: 0xb6
cpu MHz		: 2400.069
cache size	: 4096 KB
physical id	: 0
siblings	: 4
core id		: 0
cpu cores	: 4
apicid		: 0
initial apicid	: 0
fpu		: yes
fpu_exception	: yes
cpuid level	: 10
wp		: yes
flags		: fpu vme de pse tsc msr pae mce cx8 apic sep mtrr pge mca cmov pat pse36 clflush dts acpi mmx fxsr sse sse2 ss ht tm pbe syscall nx lm constant_tsc arch_perfmon pebs bts rep_good nopl aperfmperf pni dtes64 monitor ds_cpl vmx est tm2 ssse3 cx16 xtpr pdcm lahf_lm dtherm tpr_shadow vnmi flexpriority
bogomips	: 4800.13
clflush size	: 64
cache_alignment	: 64
address sizes	: 36 bits physical, 48 bits virtual
power management:

processor	: 1
vendor_id	: GenuineIntel
cpu family	: 6
model		: 15
model name	: Intel(R) Core(TM)2 Quad CPU    Q6600  @ 2.40GHz
stepping	: 11
microcode	: 0xb6
cpu MHz		: 2400.069
cache size	: 4096 KB
physical id	: 0
siblings	: 4
core id		: 1
cpu cores	: 4
apicid		: 1
initial apicid	: 1
fpu		: yes
fpu_exception	: yes
cpuid level	: 10
wp		: yes
flags		: fpu vme de pse tsc msr pae mce cx8 apic sep mtrr pge mca cmov pat pse36 clflush dts acpi mmx fxsr sse sse2 ss ht tm pbe syscall nx lm constant_tsc arch_perfmon pebs bts rep_good nopl aperfmperf pni dtes64 monitor ds_cpl vmx est tm2 ssse3 cx16 xtpr pdcm lahf_lm dtherm tpr_shadow vnmi flexpriority
bogomips	: 4800.22
clflush size	: 64
cache_alignment	: 64
address sizes	: 36 bits physical, 48 bits virtual
power management:

processor	: 2
vendor_id	: GenuineIntel
cpu family	: 6
model		: 15
model name	: Intel(R) Core(TM)2 Quad CPU    Q6600  @ 2.40GHz
stepping	: 11
microcode	: 0xb6
cpu MHz		: 2400.069
cache size	: 4096 KB
physical id	: 0
siblings	: 4
core id		: 2
cpu cores	: 4
apicid		: 2
initial apicid	: 2
fpu		: yes
fpu_exception	: yes
cpuid level	: 10
wp		: yes
flags		: fpu vme de pse tsc msr pae mce cx8 apic sep mtrr pge mca cmov pat pse36 clflush dts acpi mmx fxsr sse sse2 ss ht tm pbe syscall nx lm constant_tsc arch_perfmon pebs bts rep_good nopl aperfmperf pni dtes64 monitor ds_cpl vmx est tm2 ssse3 cx16 xtpr pdcm lahf_lm dtherm tpr_shadow vnmi flexpriority
bogomips	: 4800.28
clflush size	: 64
cache_alignment	: 64
address sizes	: 36 bits physical, 48 bits virtual
power management:

processor	: 3
vendor_id	: GenuineIntel
cpu family	: 6
model		: 15
model name	: Intel(R) Core(TM)2 Quad CPU    Q6600  @ 2.40GHz
stepping	: 11
microcode	: 0xb6
cpu MHz		: 2400.069
cache size	: 4096 KB
physical id	: 0
siblings	: 4
core id		: 3
cpu cores	: 4
apicid		: 3
initial apicid	: 3
fpu		: yes
fpu_exception	: yes
cpuid level	: 10
wp		: yes
flags		: fpu vme de pse tsc msr pae mce cx8 apic sep mtrr pge mca cmov pat pse36 clflush dts acpi mmx fxsr sse sse2 ss ht tm pbe syscall nx lm constant_tsc arch_perfmon pebs bts rep_good nopl aperfmperf pni dtes64 monitor ds_cpl vmx est tm2 ssse3 cx16 xtpr pdcm lahf_lm dtherm tpr_shadow vnmi flexpriority
bogomips	: 4800.25
clflush size	: 64
cache_alignment	: 64
address sizes	: 36 bits physical, 48 bits virtual
power management:



Memory: 4k page, physical 8199880k(2995472k free), swap 8388604k(7320588k free)

vm_info: Java HotSpot(TM) 64-Bit Server VM (25.25-b02) for linux-amd64 JRE (1.8.0_25-b17), built on Sep 17 2014 17:32:11 by "java_re" with gcc 4.3.0 20080428 (Red Hat 4.3.0-8)

time: Sat May  2 18:38:41 2015
elapsed time: 0 seconds (0d 0h 0m 0s)

